Copyright 1986-2022 Xilinx, Inc. All Rights Reserved. Copyright 2022-2024 Advanced Micro Devices, Inc. All Rights Reserved.
---------------------------------------------------------------------------------------------------------------------------------------------
| Tool Version : Vivado v.2024.1 (lin64) Build 5076996 Wed May 22 18:36:09 MDT 2024
| Date         : Mon Dec  2 01:56:25 2024
| Host         : eecs-digital-03 running 64-bit Ubuntu 24.04 LTS
| Command      : report_timing -file obj/post_place_timing.rpt
| Design       : top_level
| Device       : 7s50-csga324
| Speed File   : -1  PRODUCTION 1.23 2018-06-13
| Design State : Fully Placed
---------------------------------------------------------------------------------------------------------------------------------------------

Timing Report

Slack (MET) :             7.443ns  (required time - arrival time)
  Source:                 pixel_ready_reg/C
                            (rising edge-triggered cell FDRE clocked by gclk  {rise@0.000ns fall@4.000ns period=10.000ns})
  Destination:            spi_send/chip_data_out_reg[2]/CE
                            (rising edge-triggered cell FDRE clocked by gclk  {rise@0.000ns fall@4.000ns period=10.000ns})
  Path Group:             gclk
  Path Type:              Setup (Max at Slow Process Corner)
  Requirement:            10.000ns  (gclk rise@10.000ns - gclk rise@0.000ns)
  Data Path Delay:        2.293ns  (logic 0.642ns (27.998%)  route 1.651ns (72.002%))
  Logic Levels:           1  (LUT5=1)
  Clock Path Skew:        -0.024ns (DCD - SCD + CPR)
    Destination Clock Delay (DCD):    4.838ns = ( 14.838 - 10.000 ) 
    Source Clock Delay      (SCD):    5.129ns
    Clock Pessimism Removal (CPR):    0.268ns
  Clock Uncertainty:      0.035ns  ((TSJ^2 + TIJ^2)^1/2 + DJ) / 2 + PE
    Total System Jitter     (TSJ):    0.071ns
    Total Input Jitter      (TIJ):    0.000ns
    Discrete Jitter          (DJ):    0.000ns
    Phase Error              (PE):    0.000ns

    Location             Delay type                Incr(ns)  Path(ns)    Netlist Resource(s)
  -------------------------------------------------------------------    -------------------
                         (clock gclk rise edge)       0.000     0.000 r  
    N15                                               0.000     0.000 r  clk_100mhz (IN)
                         net (fo=0)                   0.000     0.000    clk_100mhz
    N15                  IBUF (Prop_ibuf_I_O)         1.440     1.440 r  clk_100mhz_IBUF_inst/O
                         net (fo=1, estimated)        1.972     3.412    clk_100mhz_IBUF
    BUFGCTRL_X0Y0        BUFG (Prop_bufg_I_O)         0.096     3.508 r  clk_100mhz_IBUF_BUFG_inst/O
                         net (fo=25, estimated)       1.621     5.129    clk_100mhz_IBUF_BUFG
    SLICE_X2Y59          FDRE                                         r  pixel_ready_reg/C
  -------------------------------------------------------------------    -------------------
    SLICE_X2Y59          FDRE (Prop_fdre_C_Q)         0.518     5.647 r  pixel_ready_reg/Q
                         net (fo=14, estimated)       1.150     6.797    spi_send/pixel_ready
    SLICE_X0Y56          LUT5 (Prop_lut5_I0_O)        0.124     6.921 r  spi_send/chip_data_out[3]_i_1/O
                         net (fo=4, estimated)        0.501     7.422    spi_send/chip_data_out[3]_i_1_n_0
    SLICE_X0Y60          FDRE                                         r  spi_send/chip_data_out_reg[2]/CE
  -------------------------------------------------------------------    -------------------

                         (clock gclk rise edge)      10.000    10.000 r  
    N15                                               0.000    10.000 r  clk_100mhz (IN)
                         net (fo=0)                   0.000    10.000    clk_100mhz
    N15                  IBUF (Prop_ibuf_I_O)         1.370    11.370 r  clk_100mhz_IBUF_inst/O
                         net (fo=1, estimated)        1.873    13.244    clk_100mhz_IBUF
    BUFGCTRL_X0Y0        BUFG (Prop_bufg_I_O)         0.091    13.335 r  clk_100mhz_IBUF_BUFG_inst/O
                         net (fo=25, estimated)       1.503    14.838    spi_send/CLK
    SLICE_X0Y60          FDRE                                         r  spi_send/chip_data_out_reg[2]/C
                         clock pessimism              0.268    15.105    
                         clock uncertainty           -0.035    15.070    
    SLICE_X0Y60          FDRE (Setup_fdre_C_CE)      -0.205    14.865    spi_send/chip_data_out_reg[2]
  -------------------------------------------------------------------
                         required time                         14.865    
                         arrival time                          -7.422    
  -------------------------------------------------------------------
                         slack                                  7.443    




