Copyright 1986-2022 Xilinx, Inc. All Rights Reserved. Copyright 2022-2024 Advanced Micro Devices, Inc. All Rights Reserved.
---------------------------------------------------------------------------------------------------------------------------------------------
| Tool Version : Vivado v.2024.1 (lin64) Build 5076996 Wed May 22 18:36:09 MDT 2024
| Date         : Mon Dec  2 02:01:59 2024
| Host         : eecs-digital-07 running 64-bit Ubuntu 24.04.1 LTS
| Command      : report_utilization -file obj/post_synth_util.rpt -hierarchical -hierarchical_depth 4
| Design       : top_level
| Device       : xc7s50csga324-1
| Speed File   : -1
| Design State : Synthesized
---------------------------------------------------------------------------------------------------------------------------------------------

Utilization Design Information

Table of Contents
-----------------
1. Utilization by Hierarchy

1. Utilization by Hierarchy
---------------------------

+------------------+-----------------------------------+------------+------------+---------+------+-----+--------+--------+------------+
|     Instance     |               Module              | Total LUTs | Logic LUTs | LUTRAMs | SRLs | FFs | RAMB36 | RAMB18 | DSP Blocks |
+------------------+-----------------------------------+------------+------------+---------+------+-----+--------+--------+------------+
| top_level        |                             (top) |        173 |        173 |       0 |    0 | 214 |      0 |      1 |          0 |
|   (top_level)    |                             (top) |          0 |          0 |       0 |    0 |  28 |      0 |      0 |          0 |
|   crw            |                  camera_registers |        107 |        107 |       0 |    0 | 104 |      0 |      0 |          0 |
|     (crw)        |                  camera_registers |          8 |          8 |       0 |    0 |  42 |      0 |      0 |          0 |
|     aia          |                    addr_increment |          8 |          8 |       0 |    0 |   9 |      0 |      0 |          0 |
|     sccb_c       |                        i2c_master |         91 |         91 |       0 |    0 |  53 |      0 |      0 |          0 |
|   frame_ct       |                       evt_counter |         12 |         12 |       0 |    0 |  11 |      0 |      0 |          0 |
|   lr             |             luminance_reconstruct |         32 |         32 |       0 |    0 |  30 |      0 |      0 |          0 |
|   pixel_valid_ct |       evt_counter__parameterized0 |          8 |          8 |       0 |    0 |  27 |      0 |      0 |          0 |
|   registers      | xilinx_single_port_ram_read_first |          7 |          7 |       0 |    0 |   0 |      0 |      1 |          0 |
|   spi_send       |                    spi_send_con_2 |          7 |          7 |       0 |    0 |  14 |      0 |      0 |          0 |
|   wizard_hdmi    |                   cw_hdmi_clk_wiz |          0 |          0 |       0 |    0 |   0 |      0 |      0 |          0 |
|   wizard_migcam  |                   cw_fast_clk_wiz |          0 |          0 |       0 |    0 |   0 |      0 |      0 |          0 |
+------------------+-----------------------------------+------------+------------+---------+------+-----+--------+--------+------------+


