Copyright 1986-2022 Xilinx, Inc. All Rights Reserved. Copyright 2022-2024 Advanced Micro Devices, Inc. All Rights Reserved.
---------------------------------------------------------------------------------------------------------------------------------------------
| Tool Version : Vivado v.2024.1 (lin64) Build 5076996 Wed May 22 18:36:09 MDT 2024
| Date         : Wed Dec  4 16:44:06 2024
| Host         : eecs-digital-34 running 64-bit Ubuntu 24.04.1 LTS
| Command      : report_timing -file obj/post_place_timing.rpt
| Design       : top_level
| Device       : 7s50-csga324
| Speed File   : -1  PRODUCTION 1.23 2018-06-13
| Design State : Fully Placed
---------------------------------------------------------------------------------------------------------------------------------------------

Timing Report

Slack (MET) :             0.507ns  (required time - arrival time)
  Source:                 crw/aia/next_addr_reg[4]/C
                            (rising edge-triggered cell FDRE clocked by clk_camera_cw_fast  {rise@0.000ns fall@2.500ns period=5.000ns})
  Destination:            crw/aia/next_addr_reg[3]/R
                            (rising edge-triggered cell FDRE clocked by clk_camera_cw_fast  {rise@0.000ns fall@2.500ns period=5.000ns})
  Path Group:             clk_camera_cw_fast
  Path Type:              Setup (Max at Slow Process Corner)
  Requirement:            5.000ns  (clk_camera_cw_fast rise@5.000ns - clk_camera_cw_fast rise@0.000ns)
  Data Path Delay:        3.878ns  (logic 1.021ns (26.328%)  route 2.857ns (73.672%))
  Logic Levels:           3  (LUT3=1 LUT5=1 LUT6=1)
  Clock Path Skew:        -0.024ns (DCD - SCD + CPR)
    Destination Clock Delay (DCD):    -2.136ns = ( 2.864 - 5.000 ) 
    Source Clock Delay      (SCD):    -2.533ns
    Clock Pessimism Removal (CPR):    -0.420ns
  Clock Uncertainty:      0.067ns  ((TSJ^2 + DJ^2)^1/2) / 2 + PE
    Total System Jitter     (TSJ):    0.071ns
    Discrete Jitter          (DJ):    0.113ns
    Phase Error              (PE):    0.000ns

    Location             Delay type                Incr(ns)  Path(ns)    Netlist Resource(s)
  -------------------------------------------------------------------    -------------------
                         (clock clk_camera_cw_fast rise edge)
                                                      0.000     0.000 r  
    N15                                               0.000     0.000 r  clk_100mhz (IN)
                         net (fo=0)                   0.000     0.000    wizard_migcam/clk_100mhz
    N15                  IBUF (Prop_ibuf_I_O)         1.440     1.440 r  wizard_migcam/clkin1_ibufg/O
                         net (fo=1, estimated)        1.253     2.693    wizard_migcam/clk_in1_cw_fast
    PLLE2_ADV_X0Y0       PLLE2_ADV (Prop_plle2_adv_CLKIN1_CLKOUT2)
                                                     -8.525    -5.832 r  wizard_migcam/plle2_adv_inst/CLKOUT2
                         net (fo=1, estimated)        1.660    -4.172    wizard_migcam/clk_camera_cw_fast
    BUFGCTRL_X0Y1        BUFG (Prop_bufg_I_O)         0.096    -4.076 r  wizard_migcam/clkout3_buf/O
                         net (fo=246, estimated)      1.543    -2.533    crw/aia/clk_camera
    SLICE_X8Y69          FDRE                                         r  crw/aia/next_addr_reg[4]/C
  -------------------------------------------------------------------    -------------------
    SLICE_X8Y69          FDRE (Prop_fdre_C_Q)         0.478    -2.055 r  crw/aia/next_addr_reg[4]/Q
                         net (fo=4, estimated)        0.868    -1.187    crw/aia/Q[3]
    SLICE_X8Y69          LUT6 (Prop_lut6_I0_O)        0.295    -0.892 f  crw/aia/next_addr[8]_i_4/O
                         net (fo=4, estimated)        0.592    -0.300    crw/aia/next_addr[8]_i_4_n_0
    SLICE_X8Y69          LUT3 (Prop_lut3_I2_O)        0.124    -0.176 r  crw/aia/next_addr[8]_i_3/O
                         net (fo=2, estimated)        0.831     0.655    crw/aia/next_addr[8]_i_3_n_0
    SLICE_X8Y68          LUT5 (Prop_lut5_I1_O)        0.124     0.779 r  crw/aia/next_addr[8]_i_1/O
                         net (fo=8, estimated)        0.566     1.345    crw/aia/next_addr[7]
    SLICE_X8Y69          FDRE                                         r  crw/aia/next_addr_reg[3]/R
  -------------------------------------------------------------------    -------------------

                         (clock clk_camera_cw_fast rise edge)
                                                      5.000     5.000 r  
    N15                                               0.000     5.000 r  clk_100mhz (IN)
                         net (fo=0)                   0.000     5.000    wizard_migcam/clk_100mhz
    N15                  IBUF (Prop_ibuf_I_O)         1.370     6.370 r  wizard_migcam/clkin1_ibufg/O
                         net (fo=1, estimated)        1.190     7.561    wizard_migcam/clk_in1_cw_fast
    PLLE2_ADV_X0Y0       PLLE2_ADV (Prop_plle2_adv_CLKIN1_CLKOUT2)
                                                     -7.790    -0.229 r  wizard_migcam/plle2_adv_inst/CLKOUT2
                         net (fo=1, estimated)        1.577     1.348    wizard_migcam/clk_camera_cw_fast
    BUFGCTRL_X0Y1        BUFG (Prop_bufg_I_O)         0.091     1.439 r  wizard_migcam/clkout3_buf/O
                         net (fo=246, estimated)      1.425     2.864    crw/aia/clk_camera
    SLICE_X8Y69          FDRE                                         r  crw/aia/next_addr_reg[3]/C
                         clock pessimism             -0.420     2.443    
                         clock uncertainty           -0.067     2.377    
    SLICE_X8Y69          FDRE (Setup_fdre_C_R)       -0.524     1.853    crw/aia/next_addr_reg[3]
  -------------------------------------------------------------------
                         required time                          1.853    
                         arrival time                          -1.345    
  -------------------------------------------------------------------
                         slack                                  0.507    




