Copyright 1986-2022 Xilinx, Inc. All Rights Reserved. Copyright 2022-2024 Advanced Micro Devices, Inc. All Rights Reserved.
---------------------------------------------------------------------------------------------------------------------------------------------
| Tool Version : Vivado v.2024.1 (lin64) Build 5076996 Wed May 22 18:36:09 MDT 2024
| Date         : Tue Dec  3 01:23:34 2024
| Host         : eecs-digital-45 running 64-bit Ubuntu 24.04.1 LTS
| Command      : report_timing_summary -file obj/post_route_timing_summary.rpt
| Design       : top_level
| Device       : 7s50-csga324
| Speed File   : -1  PRODUCTION 1.23 2018-06-13
| Design State : Routed
---------------------------------------------------------------------------------------------------------------------------------------------

Timing Summary Report

------------------------------------------------------------------------------------------------
| Timer Settings
| --------------
------------------------------------------------------------------------------------------------

  Enable Multi Corner Analysis               :  Yes
  Enable Pessimism Removal                   :  Yes
  Pessimism Removal Resolution               :  Nearest Common Node
  Enable Input Delay Default Clock           :  No
  Enable Preset / Clear Arcs                 :  No
  Disable Flight Delays                      :  No
  Ignore I/O Paths                           :  No
  Timing Early Launch at Borrowing Latches   :  No
  Borrow Time for Max Delay Exceptions       :  Yes
  Merge Timing Exceptions                    :  Yes
  Inter-SLR Compensation                     :  Conservative

  Corner  Analyze    Analyze    
  Name    Max Paths  Min Paths  
  ------  ---------  ---------  
  Slow    Yes        Yes        
  Fast    Yes        Yes        


------------------------------------------------------------------------------------------------
| Report Methodology
| ------------------
------------------------------------------------------------------------------------------------

No report available as report_methodology has not been run prior. Run report_methodology on the current design for the summary of methodology violations.



check_timing report

Table of Contents
-----------------
1. checking no_clock (0)
2. checking constant_clock (0)
3. checking pulse_width_clock (0)
4. checking unconstrained_internal_endpoints (0)
5. checking no_input_delay (14)
6. checking no_output_delay (37)
7. checking multiple_clock (0)
8. checking generated_clocks (0)
9. checking loops (0)
10. checking partial_input_delay (0)
11. checking partial_output_delay (0)
12. checking latch_loops (0)

1. checking no_clock (0)
------------------------
 There are 0 register/latch pins with no clock.


2. checking constant_clock (0)
------------------------------
 There are 0 register/latch pins with constant_clock.


3. checking pulse_width_clock (0)
---------------------------------
 There are 0 register/latch pins which need pulse_width check


4. checking unconstrained_internal_endpoints (0)
------------------------------------------------
 There are 0 pins that are not constrained for maximum delay.

 There are 0 pins that are not constrained for maximum delay due to constant clock.


5. checking no_input_delay (14)
-------------------------------
 There are 14 input ports with no input delay specified. (HIGH)

 There are 0 input ports with no input delay but user has a false path constraint.


6. checking no_output_delay (37)
--------------------------------
 There are 37 ports with no output delay specified. (HIGH)

 There are 0 ports with no output delay but user has a false path constraint

 There are 0 ports with no output delay but with a timing clock defined on it or propagating through it


7. checking multiple_clock (0)
------------------------------
 There are 0 register/latch pins with multiple clocks.


8. checking generated_clocks (0)
--------------------------------
 There are 0 generated clocks that are not connected to a clock source.


9. checking loops (0)
---------------------
 There are 0 combinational loops in the design.


10. checking partial_input_delay (0)
------------------------------------
 There are 0 input ports with partial input delay specified.


11. checking partial_output_delay (0)
-------------------------------------
 There are 0 ports with partial output delay specified.


12. checking latch_loops (0)
----------------------------
 There are 0 combinational latch loops in the design through latch input



------------------------------------------------------------------------------------------------
| Design Timing Summary
| ---------------------
------------------------------------------------------------------------------------------------

    WNS(ns)      TNS(ns)  TNS Failing Endpoints  TNS Total Endpoints      WHS(ns)      THS(ns)  THS Failing Endpoints  THS Total Endpoints     WPWS(ns)     TPWS(ns)  TPWS Failing Endpoints  TPWS Total Endpoints  
    -------      -------  ---------------------  -------------------      -------      -------  ---------------------  -------------------     --------     --------  ----------------------  --------------------  
      0.453        0.000                      0                  555        0.143        0.000                      0                  555        2.000        0.000                       0                   281  


All user specified timing constraints are met.


------------------------------------------------------------------------------------------------
| Clock Summary
| -------------
------------------------------------------------------------------------------------------------

Clock                 Waveform(ns)         Period(ns)      Frequency(MHz)
-----                 ------------         ----------      --------------
gclk                  {0.000 4.000}        10.000          100.000         
  clk_100_cw_fast     {0.000 5.000}        10.000          100.000         
  clk_camera_cw_fast  {0.000 2.500}        5.000           200.000         
  clk_xc_cw_fast      {0.000 20.000}       40.000          25.000          
  clkfbout_cw_fast    {0.000 5.000}        10.000          100.000         


------------------------------------------------------------------------------------------------
| Intra Clock Table
| -----------------
------------------------------------------------------------------------------------------------

Clock                     WNS(ns)      TNS(ns)  TNS Failing Endpoints  TNS Total Endpoints      WHS(ns)      THS(ns)  THS Failing Endpoints  THS Total Endpoints     WPWS(ns)     TPWS(ns)  TPWS Failing Endpoints  TPWS Total Endpoints  
-----                     -------      -------  ---------------------  -------------------      -------      -------  ---------------------  -------------------     --------     --------  ----------------------  --------------------  
gclk                                                                                                                                                                    2.000        0.000                       0                     1  
  clk_100_cw_fast           4.972        0.000                      0                   50        0.261        0.000                      0                   50        4.500        0.000                       0                    27  
  clk_camera_cw_fast        0.453        0.000                      0                  505        0.143        0.000                      0                  505        2.000        0.000                       0                   248  
  clk_xc_cw_fast                                                                                                                                                       37.845        0.000                       0                     2  
  clkfbout_cw_fast                                                                                                                                                      7.845        0.000                       0                     3  


------------------------------------------------------------------------------------------------
| Inter Clock Table
| -----------------
------------------------------------------------------------------------------------------------

From Clock    To Clock          WNS(ns)      TNS(ns)  TNS Failing Endpoints  TNS Total Endpoints      WHS(ns)      THS(ns)  THS Failing Endpoints  THS Total Endpoints  
----------    --------          -------      -------  ---------------------  -------------------      -------      -------  ---------------------  -------------------  


------------------------------------------------------------------------------------------------
| Other Path Groups Table
| -----------------------
------------------------------------------------------------------------------------------------

Path Group    From Clock    To Clock          WNS(ns)      TNS(ns)  TNS Failing Endpoints  TNS Total Endpoints      WHS(ns)      THS(ns)  THS Failing Endpoints  THS Total Endpoints  
----------    ----------    --------          -------      -------  ---------------------  -------------------      -------      -------  ---------------------  -------------------  


------------------------------------------------------------------------------------------------
| Timing Details
| --------------
------------------------------------------------------------------------------------------------


---------------------------------------------------------------------------------------------------
From Clock:  gclk
  To Clock:  gclk

Setup :           NA  Failing Endpoints,  Worst Slack           NA  ,  Total Violation           NA
Hold  :           NA  Failing Endpoints,  Worst Slack           NA  ,  Total Violation           NA
PW    :            0  Failing Endpoints,  Worst Slack        2.000ns,  Total Violation        0.000ns
---------------------------------------------------------------------------------------------------


Pulse Width Checks
--------------------------------------------------------------------------------------
Clock Name:         gclk
Waveform(ns):       { 0.000 4.000 }
Period(ns):         10.000
Sources:            { clk_100mhz }

Check Type        Corner  Lib Pin           Reference Pin  Required(ns)  Actual(ns)  Slack(ns)  Location        Pin
Min Period        n/a     PLLE2_ADV/CLKIN1  n/a            1.249         10.000      8.751      PLLE2_ADV_X0Y0  wizard_migcam/plle2_adv_inst/CLKIN1
Max Period        n/a     PLLE2_ADV/CLKIN1  n/a            52.633        10.000      42.633     PLLE2_ADV_X0Y0  wizard_migcam/plle2_adv_inst/CLKIN1
Low Pulse Width   Slow    PLLE2_ADV/CLKIN1  n/a            2.000         6.000       4.000      PLLE2_ADV_X0Y0  wizard_migcam/plle2_adv_inst/CLKIN1
High Pulse Width  Slow    PLLE2_ADV/CLKIN1  n/a            2.000         4.000       2.000      PLLE2_ADV_X0Y0  wizard_migcam/plle2_adv_inst/CLKIN1



---------------------------------------------------------------------------------------------------
From Clock:  clk_100_cw_fast
  To Clock:  clk_100_cw_fast

Setup :            0  Failing Endpoints,  Worst Slack        4.972ns,  Total Violation        0.000ns
Hold  :            0  Failing Endpoints,  Worst Slack        0.261ns,  Total Violation        0.000ns
PW    :            0  Failing Endpoints,  Worst Slack        4.500ns,  Total Violation        0.000ns
---------------------------------------------------------------------------------------------------


Max Delay Paths
--------------------------------------------------------------------------------------
Slack (MET) :             4.972ns  (required time - arrival time)
  Source:                 mssc/segment_counter_reg[0]/C
                            (rising edge-triggered cell FDRE clocked by clk_100_cw_fast  {rise@0.000ns fall@5.000ns period=10.000ns})
  Destination:            mssc/segment_counter_reg[4]/R
                            (rising edge-triggered cell FDRE clocked by clk_100_cw_fast  {rise@0.000ns fall@5.000ns period=10.000ns})
  Path Group:             clk_100_cw_fast
  Path Type:              Setup (Max at Slow Process Corner)
  Requirement:            10.000ns  (clk_100_cw_fast rise@10.000ns - clk_100_cw_fast rise@0.000ns)
  Data Path Delay:        4.501ns  (logic 0.828ns (18.398%)  route 3.673ns (81.602%))
  Logic Levels:           3  (LUT2=1 LUT4=1 LUT6=1)
  Clock Path Skew:        -0.025ns (DCD - SCD + CPR)
    Destination Clock Delay (DCD):    -2.023ns = ( 7.977 - 10.000 ) 
    Source Clock Delay      (SCD):    -2.413ns
    Clock Pessimism Removal (CPR):    -0.415ns
  Clock Uncertainty:      0.074ns  ((TSJ^2 + DJ^2)^1/2) / 2 + PE
    Total System Jitter     (TSJ):    0.071ns
    Discrete Jitter          (DJ):    0.129ns
    Phase Error              (PE):    0.000ns

    Location             Delay type                Incr(ns)  Path(ns)    Netlist Resource(s)
  -------------------------------------------------------------------    -------------------
                         (clock clk_100_cw_fast rise edge)
                                                      0.000     0.000 r  
    N15                                               0.000     0.000 r  clk_100mhz (IN)
                         net (fo=0)                   0.000     0.000    wizard_migcam/clk_100mhz
    N15                  IBUF (Prop_ibuf_I_O)         1.440     1.440 r  wizard_migcam/clkin1_ibufg/O
                         net (fo=1, routed)           1.253     2.693    wizard_migcam/clk_in1_cw_fast
    PLLE2_ADV_X0Y0       PLLE2_ADV (Prop_plle2_adv_CLKIN1_CLKOUT0)
                                                     -8.486    -5.792 r  wizard_migcam/plle2_adv_inst/CLKOUT0
                         net (fo=1, routed)           1.660    -4.132    wizard_migcam/clk_100_cw_fast
    BUFGCTRL_X0Y2        BUFG (Prop_bufg_I_O)         0.096    -4.036 r  wizard_migcam/clkout1_buf/O
                         net (fo=25, routed)          1.623    -2.413    mssc/clk_100
    SLICE_X5Y55          FDRE                                         r  mssc/segment_counter_reg[0]/C
  -------------------------------------------------------------------    -------------------
    SLICE_X5Y55          FDRE (Prop_fdre_C_Q)         0.456    -1.957 f  mssc/segment_counter_reg[0]/Q
                         net (fo=2, routed)           0.825    -1.132    mssc/segment_counter_reg[0]
    SLICE_X4Y57          LUT4 (Prop_lut4_I3_O)        0.124    -1.008 f  mssc/segment_state[7]_i_4/O
                         net (fo=1, routed)           0.674    -0.334    mssc/segment_state[7]_i_4_n_0
    SLICE_X4Y57          LUT6 (Prop_lut6_I2_O)        0.124    -0.210 r  mssc/segment_state[7]_i_1/O
                         net (fo=9, routed)           1.221     1.011    mssc/segment_state_0
    SLICE_X2Y61          LUT2 (Prop_lut2_I1_O)        0.124     1.135 r  mssc/segment_counter[0]_i_1/O
                         net (fo=17, routed)          0.953     2.088    mssc/segment_counter[0]_i_1_n_0
    SLICE_X5Y56          FDRE                                         r  mssc/segment_counter_reg[4]/R
  -------------------------------------------------------------------    -------------------

                         (clock clk_100_cw_fast rise edge)
                                                     10.000    10.000 r  
    N15                                               0.000    10.000 r  clk_100mhz (IN)
                         net (fo=0)                   0.000    10.000    wizard_migcam/clk_100mhz
    N15                  IBUF (Prop_ibuf_I_O)         1.370    11.370 r  wizard_migcam/clkin1_ibufg/O
                         net (fo=1, routed)           1.181    12.551    wizard_migcam/clk_in1_cw_fast
    PLLE2_ADV_X0Y0       PLLE2_ADV (Prop_plle2_adv_CLKIN1_CLKOUT0)
                                                     -7.753     4.798 r  wizard_migcam/plle2_adv_inst/CLKOUT0
                         net (fo=1, routed)           1.582     6.380    wizard_migcam/clk_100_cw_fast
    BUFGCTRL_X0Y2        BUFG (Prop_bufg_I_O)         0.091     6.471 r  wizard_migcam/clkout1_buf/O
                         net (fo=25, routed)          1.507     7.977    mssc/clk_100
    SLICE_X5Y56          FDRE                                         r  mssc/segment_counter_reg[4]/C
                         clock pessimism             -0.415     7.562    
                         clock uncertainty           -0.074     7.488    
    SLICE_X5Y56          FDRE (Setup_fdre_C_R)       -0.429     7.059    mssc/segment_counter_reg[4]
  -------------------------------------------------------------------
                         required time                          7.059    
                         arrival time                          -2.088    
  -------------------------------------------------------------------
                         slack                                  4.972    





Min Delay Paths
--------------------------------------------------------------------------------------
Slack (MET) :             0.261ns  (arrival time - required time)
  Source:                 mssc/segment_counter_reg[11]/C
                            (rising edge-triggered cell FDRE clocked by clk_100_cw_fast  {rise@0.000ns fall@5.000ns period=10.000ns})
  Destination:            mssc/segment_counter_reg[11]/D
                            (rising edge-triggered cell FDRE clocked by clk_100_cw_fast  {rise@0.000ns fall@5.000ns period=10.000ns})
  Path Group:             clk_100_cw_fast
  Path Type:              Hold (Min at Fast Process Corner)
  Requirement:            0.000ns  (clk_100_cw_fast rise@0.000ns - clk_100_cw_fast rise@0.000ns)
  Data Path Delay:        0.366ns  (logic 0.249ns (67.994%)  route 0.117ns (32.006%))
  Logic Levels:           1  (CARRY4=1)
  Clock Path Skew:        0.000ns (DCD - SCD - CPR)
    Destination Clock Delay (DCD):    -0.325ns
    Source Clock Delay      (SCD):    -0.557ns
    Clock Pessimism Removal (CPR):    0.232ns

    Location             Delay type                Incr(ns)  Path(ns)    Netlist Resource(s)
  -------------------------------------------------------------------    -------------------
                         (clock clk_100_cw_fast rise edge)
                                                      0.000     0.000 r  
    N15                                               0.000     0.000 r  clk_100mhz (IN)
                         net (fo=0)                   0.000     0.000    wizard_migcam/clk_100mhz
    N15                  IBUF (Prop_ibuf_I_O)         0.209     0.209 r  wizard_migcam/clkin1_ibufg/O
                         net (fo=1, routed)           0.440     0.649    wizard_migcam/clk_in1_cw_fast
    PLLE2_ADV_X0Y0       PLLE2_ADV (Prop_plle2_adv_CLKIN1_CLKOUT0)
                                                     -2.326    -1.677 r  wizard_migcam/plle2_adv_inst/CLKOUT0
                         net (fo=1, routed)           0.504    -1.173    wizard_migcam/clk_100_cw_fast
    BUFGCTRL_X0Y2        BUFG (Prop_bufg_I_O)         0.026    -1.147 r  wizard_migcam/clkout1_buf/O
                         net (fo=25, routed)          0.590    -0.557    mssc/clk_100
    SLICE_X5Y57          FDRE                                         r  mssc/segment_counter_reg[11]/C
  -------------------------------------------------------------------    -------------------
    SLICE_X5Y57          FDRE (Prop_fdre_C_Q)         0.141    -0.416 r  mssc/segment_counter_reg[11]/Q
                         net (fo=2, routed)           0.117    -0.299    mssc/segment_counter_reg[11]
    SLICE_X5Y57          CARRY4 (Prop_carry4_S[3]_O[3])
                                                      0.108    -0.191 r  mssc/segment_counter_reg[8]_i_1/O[3]
                         net (fo=1, routed)           0.000    -0.191    mssc/segment_counter_reg[8]_i_1_n_4
    SLICE_X5Y57          FDRE                                         r  mssc/segment_counter_reg[11]/D
  -------------------------------------------------------------------    -------------------

                         (clock clk_100_cw_fast rise edge)
                                                      0.000     0.000 r  
    N15                                               0.000     0.000 r  clk_100mhz (IN)
                         net (fo=0)                   0.000     0.000    wizard_migcam/clk_100mhz
    N15                  IBUF (Prop_ibuf_I_O)         0.396     0.396 r  wizard_migcam/clkin1_ibufg/O
                         net (fo=1, routed)           0.481     0.877    wizard_migcam/clk_in1_cw_fast
    PLLE2_ADV_X0Y0       PLLE2_ADV (Prop_plle2_adv_CLKIN1_CLKOUT0)
                                                     -2.641    -1.764 r  wizard_migcam/plle2_adv_inst/CLKOUT0
                         net (fo=1, routed)           0.550    -1.214    wizard_migcam/clk_100_cw_fast
    BUFGCTRL_X0Y2        BUFG (Prop_bufg_I_O)         0.029    -1.185 r  wizard_migcam/clkout1_buf/O
                         net (fo=25, routed)          0.860    -0.325    mssc/clk_100
    SLICE_X5Y57          FDRE                                         r  mssc/segment_counter_reg[11]/C
                         clock pessimism             -0.232    -0.557    
    SLICE_X5Y57          FDRE (Hold_fdre_C_D)         0.105    -0.452    mssc/segment_counter_reg[11]
  -------------------------------------------------------------------
                         required time                          0.452    
                         arrival time                          -0.191    
  -------------------------------------------------------------------
                         slack                                  0.261    





Pulse Width Checks
--------------------------------------------------------------------------------------
Clock Name:         clk_100_cw_fast
Waveform(ns):       { 0.000 5.000 }
Period(ns):         10.000
Sources:            { wizard_migcam/plle2_adv_inst/CLKOUT0 }

Check Type        Corner  Lib Pin            Reference Pin  Required(ns)  Actual(ns)  Slack(ns)  Location        Pin
Min Period        n/a     BUFG/I             n/a            2.155         10.000      7.845      BUFGCTRL_X0Y2   wizard_migcam/clkout1_buf/I
Max Period        n/a     PLLE2_ADV/CLKOUT0  n/a            160.000       10.000      150.000    PLLE2_ADV_X0Y0  wizard_migcam/plle2_adv_inst/CLKOUT0
Low Pulse Width   Slow    FDRE/C             n/a            0.500         5.000       4.500      SLICE_X5Y55     mssc/segment_counter_reg[0]/C
High Pulse Width  Slow    FDRE/C             n/a            0.500         5.000       4.500      SLICE_X5Y55     mssc/segment_counter_reg[0]/C



---------------------------------------------------------------------------------------------------
From Clock:  clk_camera_cw_fast
  To Clock:  clk_camera_cw_fast

Setup :            0  Failing Endpoints,  Worst Slack        0.453ns,  Total Violation        0.000ns
Hold  :            0  Failing Endpoints,  Worst Slack        0.143ns,  Total Violation        0.000ns
PW    :            0  Failing Endpoints,  Worst Slack        2.000ns,  Total Violation        0.000ns
---------------------------------------------------------------------------------------------------


Max Delay Paths
--------------------------------------------------------------------------------------
Slack (MET) :             0.453ns  (required time - arrival time)
  Source:                 pixel_valid_ct/count_out_reg[9]/C
                            (rising edge-triggered cell FDRE clocked by clk_camera_cw_fast  {rise@0.000ns fall@2.500ns period=5.000ns})
  Destination:            pixel_valid_ct/count_out_reg[12]/R
                            (rising edge-triggered cell FDRE clocked by clk_camera_cw_fast  {rise@0.000ns fall@2.500ns period=5.000ns})
  Path Group:             clk_camera_cw_fast
  Path Type:              Setup (Max at Slow Process Corner)
  Requirement:            5.000ns  (clk_camera_cw_fast rise@5.000ns - clk_camera_cw_fast rise@0.000ns)
  Data Path Delay:        3.821ns  (logic 0.944ns (24.705%)  route 2.877ns (75.295%))
  Logic Levels:           4  (LUT2=1 LUT4=1 LUT5=1 LUT6=1)
  Clock Path Skew:        -0.026ns (DCD - SCD + CPR)
    Destination Clock Delay (DCD):    -2.024ns = ( 2.976 - 5.000 ) 
    Source Clock Delay      (SCD):    -2.412ns
    Clock Pessimism Removal (CPR):    -0.414ns
  Clock Uncertainty:      0.067ns  ((TSJ^2 + DJ^2)^1/2) / 2 + PE
    Total System Jitter     (TSJ):    0.071ns
    Discrete Jitter          (DJ):    0.113ns
    Phase Error              (PE):    0.000ns

    Location             Delay type                Incr(ns)  Path(ns)    Netlist Resource(s)
  -------------------------------------------------------------------    -------------------
                         (clock clk_camera_cw_fast rise edge)
                                                      0.000     0.000 r  
    N15                                               0.000     0.000 r  clk_100mhz (IN)
                         net (fo=0)                   0.000     0.000    wizard_migcam/clk_100mhz
    N15                  IBUF (Prop_ibuf_I_O)         1.440     1.440 r  wizard_migcam/clkin1_ibufg/O
                         net (fo=1, routed)           1.253     2.693    wizard_migcam/clk_in1_cw_fast
    PLLE2_ADV_X0Y0       PLLE2_ADV (Prop_plle2_adv_CLKIN1_CLKOUT2)
                                                     -8.486    -5.792 r  wizard_migcam/plle2_adv_inst/CLKOUT2
                         net (fo=1, routed)           1.660    -4.132    wizard_migcam/clk_camera_cw_fast
    BUFGCTRL_X0Y1        BUFG (Prop_bufg_I_O)         0.096    -4.036 r  wizard_migcam/clkout3_buf/O
                         net (fo=246, routed)         1.624    -2.412    pixel_valid_ct/clk_camera
    SLICE_X3Y60          FDRE                                         r  pixel_valid_ct/count_out_reg[9]/C
  -------------------------------------------------------------------    -------------------
    SLICE_X3Y60          FDRE (Prop_fdre_C_Q)         0.456    -1.956 f  pixel_valid_ct/count_out_reg[9]/Q
                         net (fo=2, routed)           0.745    -1.211    pixel_valid_ct/count_out_reg_n_0_[9]
    SLICE_X2Y63          LUT4 (Prop_lut4_I1_O)        0.124    -1.087 f  pixel_valid_ct/hit_max_out_i_5__0/O
                         net (fo=1, routed)           0.305    -0.781    pixel_valid_ct/hit_max_out_i_5__0_n_0
    SLICE_X2Y61          LUT5 (Prop_lut5_I4_O)        0.124    -0.657 f  pixel_valid_ct/hit_max_out_i_2__0/O
                         net (fo=1, routed)           0.564    -0.093    pixel_valid_ct/hit_max_out_i_2__0_n_0
    SLICE_X1Y61          LUT6 (Prop_lut6_I0_O)        0.124     0.031 r  pixel_valid_ct/hit_max_out_i_1__0/O
                         net (fo=2, routed)           0.421     0.452    pixel_valid_ct/hit_max_out_i_1__0_n_0
    SLICE_X2Y61          LUT2 (Prop_lut2_I1_O)        0.116     0.568 r  pixel_valid_ct/count_out[0]_i_1__0/O
                         net (fo=26, routed)          0.841     1.409    pixel_valid_ct/count_out[0]_i_1__0_n_0
    SLICE_X3Y61          FDRE                                         r  pixel_valid_ct/count_out_reg[12]/R
  -------------------------------------------------------------------    -------------------

                         (clock clk_camera_cw_fast rise edge)
                                                      5.000     5.000 r  
    N15                                               0.000     5.000 r  clk_100mhz (IN)
                         net (fo=0)                   0.000     5.000    wizard_migcam/clk_100mhz
    N15                  IBUF (Prop_ibuf_I_O)         1.370     6.370 r  wizard_migcam/clkin1_ibufg/O
                         net (fo=1, routed)           1.181     7.551    wizard_migcam/clk_in1_cw_fast
    PLLE2_ADV_X0Y0       PLLE2_ADV (Prop_plle2_adv_CLKIN1_CLKOUT2)
                                                     -7.753    -0.202 r  wizard_migcam/plle2_adv_inst/CLKOUT2
                         net (fo=1, routed)           1.582     1.380    wizard_migcam/clk_camera_cw_fast
    BUFGCTRL_X0Y1        BUFG (Prop_bufg_I_O)         0.091     1.471 r  wizard_migcam/clkout3_buf/O
                         net (fo=246, routed)         1.506     2.976    pixel_valid_ct/clk_camera
    SLICE_X3Y61          FDRE                                         r  pixel_valid_ct/count_out_reg[12]/C
                         clock pessimism             -0.414     2.562    
                         clock uncertainty           -0.067     2.495    
    SLICE_X3Y61          FDRE (Setup_fdre_C_R)       -0.633     1.862    pixel_valid_ct/count_out_reg[12]
  -------------------------------------------------------------------
                         required time                          1.862    
                         arrival time                          -1.409    
  -------------------------------------------------------------------
                         slack                                  0.453    





Min Delay Paths
--------------------------------------------------------------------------------------
Slack (MET) :             0.143ns  (arrival time - required time)
  Source:                 crw/bram_addr_reg[3]/C
                            (rising edge-triggered cell FDRE clocked by clk_camera_cw_fast  {rise@0.000ns fall@2.500ns period=5.000ns})
  Destination:            registers/BRAM_reg/ADDRBWRADDR[7]
                            (rising edge-triggered cell RAMB18E1 clocked by clk_camera_cw_fast  {rise@0.000ns fall@2.500ns period=5.000ns})
  Path Group:             clk_camera_cw_fast
  Path Type:              Hold (Min at Fast Process Corner)
  Requirement:            0.000ns  (clk_camera_cw_fast rise@0.000ns - clk_camera_cw_fast rise@0.000ns)
  Data Path Delay:        0.402ns  (logic 0.164ns (40.826%)  route 0.238ns (59.174%))
  Logic Levels:           0  
  Clock Path Skew:        0.075ns (DCD - SCD - CPR)
    Destination Clock Delay (DCD):    -0.321ns
    Source Clock Delay      (SCD):    -0.592ns
    Clock Pessimism Removal (CPR):    0.195ns

    Location             Delay type                Incr(ns)  Path(ns)    Netlist Resource(s)
  -------------------------------------------------------------------    -------------------
                         (clock clk_camera_cw_fast rise edge)
                                                      0.000     0.000 r  
    N15                                               0.000     0.000 r  clk_100mhz (IN)
                         net (fo=0)                   0.000     0.000    wizard_migcam/clk_100mhz
    N15                  IBUF (Prop_ibuf_I_O)         0.209     0.209 r  wizard_migcam/clkin1_ibufg/O
                         net (fo=1, routed)           0.440     0.649    wizard_migcam/clk_in1_cw_fast
    PLLE2_ADV_X0Y0       PLLE2_ADV (Prop_plle2_adv_CLKIN1_CLKOUT2)
                                                     -2.326    -1.677 r  wizard_migcam/plle2_adv_inst/CLKOUT2
                         net (fo=1, routed)           0.504    -1.173    wizard_migcam/clk_camera_cw_fast
    BUFGCTRL_X0Y1        BUFG (Prop_bufg_I_O)         0.026    -1.147 r  wizard_migcam/clkout3_buf/O
                         net (fo=246, routed)         0.555    -0.592    crw/clk_camera
    SLICE_X10Y70         FDRE                                         r  crw/bram_addr_reg[3]/C
  -------------------------------------------------------------------    -------------------
    SLICE_X10Y70         FDRE (Prop_fdre_C_Q)         0.164    -0.428 r  crw/bram_addr_reg[3]/Q
                         net (fo=2, routed)           0.238    -0.190    registers/ADDRARDADDR[3]
    RAMB18_X0Y28         RAMB18E1                                     r  registers/BRAM_reg/ADDRBWRADDR[7]
  -------------------------------------------------------------------    -------------------

                         (clock clk_camera_cw_fast rise edge)
                                                      0.000     0.000 r  
    N15                                               0.000     0.000 r  clk_100mhz (IN)
                         net (fo=0)                   0.000     0.000    wizard_migcam/clk_100mhz
    N15                  IBUF (Prop_ibuf_I_O)         0.396     0.396 r  wizard_migcam/clkin1_ibufg/O
                         net (fo=1, routed)           0.481     0.877    wizard_migcam/clk_in1_cw_fast
    PLLE2_ADV_X0Y0       PLLE2_ADV (Prop_plle2_adv_CLKIN1_CLKOUT2)
                                                     -2.641    -1.764 r  wizard_migcam/plle2_adv_inst/CLKOUT2
                         net (fo=1, routed)           0.550    -1.214    wizard_migcam/clk_camera_cw_fast
    BUFGCTRL_X0Y1        BUFG (Prop_bufg_I_O)         0.029    -1.185 r  wizard_migcam/clkout3_buf/O
                         net (fo=246, routed)         0.864    -0.321    registers/clk_camera
    RAMB18_X0Y28         RAMB18E1                                     r  registers/BRAM_reg/CLKBWRCLK
                         clock pessimism             -0.195    -0.517    
    RAMB18_X0Y28         RAMB18E1 (Hold_ramb18e1_CLKBWRCLK_ADDRBWRADDR[7])
                                                      0.183    -0.334    registers/BRAM_reg
  -------------------------------------------------------------------
                         required time                          0.334    
                         arrival time                          -0.190    
  -------------------------------------------------------------------
                         slack                                  0.143    





Pulse Width Checks
--------------------------------------------------------------------------------------
Clock Name:         clk_camera_cw_fast
Waveform(ns):       { 0.000 2.500 }
Period(ns):         5.000
Sources:            { wizard_migcam/plle2_adv_inst/CLKOUT2 }

Check Type        Corner  Lib Pin             Reference Pin  Required(ns)  Actual(ns)  Slack(ns)  Location        Pin
Min Period        n/a     RAMB18E1/CLKARDCLK  n/a            2.944         5.000       2.056      RAMB18_X0Y28    registers/BRAM_reg/CLKARDCLK
Max Period        n/a     PLLE2_ADV/CLKOUT2   n/a            160.000       5.000       155.000    PLLE2_ADV_X0Y0  wizard_migcam/plle2_adv_inst/CLKOUT2
Low Pulse Width   Slow    FDRE/C              n/a            0.500         2.500       2.000      SLICE_X1Y68     cam_hsync_buf_reg[0]/C
High Pulse Width  Slow    FDRE/C              n/a            0.500         2.500       2.000      SLICE_X1Y68     cam_hsync_buf_reg[0]/C



---------------------------------------------------------------------------------------------------
From Clock:  clk_xc_cw_fast
  To Clock:  clk_xc_cw_fast

Setup :           NA  Failing Endpoints,  Worst Slack           NA  ,  Total Violation           NA
Hold  :           NA  Failing Endpoints,  Worst Slack           NA  ,  Total Violation           NA
PW    :            0  Failing Endpoints,  Worst Slack       37.845ns,  Total Violation        0.000ns
---------------------------------------------------------------------------------------------------


Pulse Width Checks
--------------------------------------------------------------------------------------
Clock Name:         clk_xc_cw_fast
Waveform(ns):       { 0.000 20.000 }
Period(ns):         40.000
Sources:            { wizard_migcam/plle2_adv_inst/CLKOUT3 }

Check Type  Corner  Lib Pin            Reference Pin  Required(ns)  Actual(ns)  Slack(ns)  Location        Pin
Min Period  n/a     BUFG/I             n/a            2.155         40.000      37.845     BUFGCTRL_X0Y0   wizard_migcam/clkout4_buf/I
Max Period  n/a     PLLE2_ADV/CLKOUT3  n/a            160.000       40.000      120.000    PLLE2_ADV_X0Y0  wizard_migcam/plle2_adv_inst/CLKOUT3



---------------------------------------------------------------------------------------------------
From Clock:  clkfbout_cw_fast
  To Clock:  clkfbout_cw_fast

Setup :           NA  Failing Endpoints,  Worst Slack           NA  ,  Total Violation           NA
Hold  :           NA  Failing Endpoints,  Worst Slack           NA  ,  Total Violation           NA
PW    :            0  Failing Endpoints,  Worst Slack        7.845ns,  Total Violation        0.000ns
---------------------------------------------------------------------------------------------------


Pulse Width Checks
--------------------------------------------------------------------------------------
Clock Name:         clkfbout_cw_fast
Waveform(ns):       { 0.000 5.000 }
Period(ns):         10.000
Sources:            { wizard_migcam/plle2_adv_inst/CLKFBOUT }

Check Type  Corner  Lib Pin            Reference Pin  Required(ns)  Actual(ns)  Slack(ns)  Location        Pin
Min Period  n/a     BUFG/I             n/a            2.155         10.000      7.845      BUFGCTRL_X0Y3   wizard_migcam/clkf_buf/I
Max Period  n/a     PLLE2_ADV/CLKFBIN  n/a            52.633        10.000      42.633     PLLE2_ADV_X0Y0  wizard_migcam/plle2_adv_inst/CLKFBIN



