Copyright 1986-2022 Xilinx, Inc. All Rights Reserved. Copyright 2022-2024 Advanced Micro Devices, Inc. All Rights Reserved.
---------------------------------------------------------------------------------------------------------------------------------------------
| Tool Version : Vivado v.2024.1 (lin64) Build 5076996 Wed May 22 18:36:09 MDT 2024
| Date         : Sat Nov 30 18:39:23 2024
| Host         : eecs-digital-07 running 64-bit Ubuntu 24.04.1 LTS
| Command      : report_timing -file obj/post_place_timing.rpt
| Design       : top_level
| Device       : 7s50-csga324
| Speed File   : -1  PRODUCTION 1.23 2018-06-13
| Design State : Fully Placed
---------------------------------------------------------------------------------------------------------------------------------------------

Timing Report

Slack (MET) :             0.509ns  (required time - arrival time)
  Source:                 crw/aia/next_addr_reg[3]/C
                            (rising edge-triggered cell FDRE clocked by clk_camera_cw_fast  {rise@0.000ns fall@2.500ns period=5.000ns})
  Destination:            crw/aia/next_addr_reg[3]/R
                            (rising edge-triggered cell FDRE clocked by clk_camera_cw_fast  {rise@0.000ns fall@2.500ns period=5.000ns})
  Path Group:             clk_camera_cw_fast
  Path Type:              Setup (Max at Slow Process Corner)
  Requirement:            5.000ns  (clk_camera_cw_fast rise@5.000ns - clk_camera_cw_fast rise@0.000ns)
  Data Path Delay:        3.668ns  (logic 0.916ns (24.973%)  route 2.752ns (75.027%))
  Logic Levels:           3  (LUT4=2 LUT6=1)
  Clock Path Skew:        -0.024ns (DCD - SCD + CPR)
    Destination Clock Delay (DCD):    -2.135ns = ( 2.865 - 5.000 ) 
    Source Clock Delay      (SCD):    -2.532ns
    Clock Pessimism Removal (CPR):    -0.420ns
  Clock Uncertainty:      0.067ns  ((TSJ^2 + DJ^2)^1/2) / 2 + PE
    Total System Jitter     (TSJ):    0.071ns
    Discrete Jitter          (DJ):    0.113ns
    Phase Error              (PE):    0.000ns

    Location             Delay type                Incr(ns)  Path(ns)    Netlist Resource(s)
  -------------------------------------------------------------------    -------------------
                         (clock clk_camera_cw_fast rise edge)
                                                      0.000     0.000 r  
    N15                                               0.000     0.000 r  clk_100mhz (IN)
                         net (fo=0)                   0.000     0.000    wizard_migcam/clk_100mhz
    N15                  IBUF (Prop_ibuf_I_O)         1.440     1.440 r  wizard_migcam/clkin1_ibufg/O
                         net (fo=1, estimated)        1.253     2.693    wizard_migcam/clk_in1_cw_fast
    PLLE2_ADV_X0Y0       PLLE2_ADV (Prop_plle2_adv_CLKIN1_CLKOUT2)
                                                     -8.525    -5.832 r  wizard_migcam/plle2_adv_inst/CLKOUT2
                         net (fo=1, estimated)        1.660    -4.172    wizard_migcam/clk_camera_cw_fast
    BUFGCTRL_X0Y5        BUFG (Prop_bufg_I_O)         0.096    -4.076 r  wizard_migcam/clkout3_buf/O
                         net (fo=215, estimated)      1.544    -2.532    crw/aia/clk_camera
    SLICE_X8Y68          FDRE                                         r  crw/aia/next_addr_reg[3]/C
  -------------------------------------------------------------------    -------------------
    SLICE_X8Y68          FDRE (Prop_fdre_C_Q)         0.518    -2.014 r  crw/aia/next_addr_reg[3]/Q
                         net (fo=5, estimated)        0.970    -1.044    crw/aia/Q[2]
    SLICE_X10Y69         LUT6 (Prop_lut6_I1_O)        0.124    -0.920 r  crw/aia/next_addr[8]_i_4/O
                         net (fo=4, estimated)        0.437    -0.483    crw/aia/next_addr[8]_i_4_n_0
    SLICE_X11Y68         LUT4 (Prop_lut4_I2_O)        0.124    -0.359 f  crw/aia/next_addr[8]_i_3/O
                         net (fo=2, estimated)        0.811     0.452    crw/aia/next_addr[8]_i_3_n_0
    SLICE_X11Y69         LUT4 (Prop_lut4_I0_O)        0.150     0.602 r  crw/aia/next_addr[8]_i_1/O
                         net (fo=8, estimated)        0.534     1.136    crw/aia/next_addr[7]
    SLICE_X8Y68          FDRE                                         r  crw/aia/next_addr_reg[3]/R
  -------------------------------------------------------------------    -------------------

                         (clock clk_camera_cw_fast rise edge)
                                                      5.000     5.000 r  
    N15                                               0.000     5.000 r  clk_100mhz (IN)
                         net (fo=0)                   0.000     5.000    wizard_migcam/clk_100mhz
    N15                  IBUF (Prop_ibuf_I_O)         1.370     6.370 r  wizard_migcam/clkin1_ibufg/O
                         net (fo=1, estimated)        1.190     7.561    wizard_migcam/clk_in1_cw_fast
    PLLE2_ADV_X0Y0       PLLE2_ADV (Prop_plle2_adv_CLKIN1_CLKOUT2)
                                                     -7.790    -0.229 r  wizard_migcam/plle2_adv_inst/CLKOUT2
                         net (fo=1, estimated)        1.577     1.348    wizard_migcam/clk_camera_cw_fast
    BUFGCTRL_X0Y5        BUFG (Prop_bufg_I_O)         0.091     1.439 r  wizard_migcam/clkout3_buf/O
                         net (fo=215, estimated)      1.426     2.865    crw/aia/clk_camera
    SLICE_X8Y68          FDRE                                         r  crw/aia/next_addr_reg[3]/C
                         clock pessimism             -0.420     2.444    
                         clock uncertainty           -0.067     2.378    
    SLICE_X8Y68          FDRE (Setup_fdre_C_R)       -0.732     1.646    crw/aia/next_addr_reg[3]
  -------------------------------------------------------------------
                         required time                          1.646    
                         arrival time                          -1.136    
  -------------------------------------------------------------------
                         slack                                  0.509    




