Copyright 1986-2022 Xilinx, Inc. All Rights Reserved. Copyright 2022-2024 Advanced Micro Devices, Inc. All Rights Reserved.
---------------------------------------------------------------------------------------------------------------------------------------------
| Tool Version : Vivado v.2024.1 (lin64) Build 5076996 Wed May 22 18:36:09 MDT 2024
| Date         : Wed Nov 13 17:06:22 2024
| Host         : eecs-digital-08 running 64-bit Ubuntu 24.04.1 LTS
| Command      : report_timing_summary -file obj/post_route_timing_summary.rpt
| Design       : top_level
| Device       : 7s50-csga324
| Speed File   : -1  PRODUCTION 1.23 2018-06-13
| Design State : Routed
---------------------------------------------------------------------------------------------------------------------------------------------

Timing Summary Report

------------------------------------------------------------------------------------------------
| Timer Settings
| --------------
------------------------------------------------------------------------------------------------

  Enable Multi Corner Analysis               :  Yes
  Enable Pessimism Removal                   :  Yes
  Pessimism Removal Resolution               :  Nearest Common Node
  Enable Input Delay Default Clock           :  No
  Enable Preset / Clear Arcs                 :  No
  Disable Flight Delays                      :  No
  Ignore I/O Paths                           :  No
  Timing Early Launch at Borrowing Latches   :  No
  Borrow Time for Max Delay Exceptions       :  Yes
  Merge Timing Exceptions                    :  Yes
  Inter-SLR Compensation                     :  Conservative

  Corner  Analyze    Analyze    
  Name    Max Paths  Min Paths  
  ------  ---------  ---------  
  Slow    Yes        Yes        
  Fast    Yes        Yes        


------------------------------------------------------------------------------------------------
| Report Methodology
| ------------------
------------------------------------------------------------------------------------------------

No report available as report_methodology has not been run prior. Run report_methodology on the current design for the summary of methodology violations.



check_timing report

Table of Contents
-----------------
1. checking no_clock (0)
2. checking constant_clock (0)
3. checking pulse_width_clock (0)
4. checking unconstrained_internal_endpoints (0)
5. checking no_input_delay (6)
6. checking no_output_delay (3)
7. checking multiple_clock (0)
8. checking generated_clocks (0)
9. checking loops (0)
10. checking partial_input_delay (0)
11. checking partial_output_delay (0)
12. checking latch_loops (0)

1. checking no_clock (0)
------------------------
 There are 0 register/latch pins with no clock.


2. checking constant_clock (0)
------------------------------
 There are 0 register/latch pins with constant_clock.


3. checking pulse_width_clock (0)
---------------------------------
 There are 0 register/latch pins which need pulse_width check


4. checking unconstrained_internal_endpoints (0)
------------------------------------------------
 There are 0 pins that are not constrained for maximum delay.

 There are 0 pins that are not constrained for maximum delay due to constant clock.


5. checking no_input_delay (6)
------------------------------
 There are 6 input ports with no input delay specified. (HIGH)

 There are 0 input ports with no input delay but user has a false path constraint.


6. checking no_output_delay (3)
-------------------------------
 There are 3 ports with no output delay specified. (HIGH)

 There are 0 ports with no output delay but user has a false path constraint

 There are 0 ports with no output delay but with a timing clock defined on it or propagating through it


7. checking multiple_clock (0)
------------------------------
 There are 0 register/latch pins with multiple clocks.


8. checking generated_clocks (0)
--------------------------------
 There are 0 generated clocks that are not connected to a clock source.


9. checking loops (0)
---------------------
 There are 0 combinational loops in the design.


10. checking partial_input_delay (0)
------------------------------------
 There are 0 input ports with partial input delay specified.


11. checking partial_output_delay (0)
-------------------------------------
 There are 0 ports with partial output delay specified.


12. checking latch_loops (0)
----------------------------
 There are 0 combinational latch loops in the design through latch input



------------------------------------------------------------------------------------------------
| Design Timing Summary
| ---------------------
------------------------------------------------------------------------------------------------

    WNS(ns)      TNS(ns)  TNS Failing Endpoints  TNS Total Endpoints      WHS(ns)      THS(ns)  THS Failing Endpoints  THS Total Endpoints     WPWS(ns)     TPWS(ns)  TPWS Failing Endpoints  TPWS Total Endpoints  
    -------      -------  ---------------------  -------------------      -------      -------  ---------------------  -------------------     --------     --------  ----------------------  --------------------  
      1.411        0.000                      0                 1090        0.050        0.000                      0                 1090        0.538        0.000                       0                   191  


All user specified timing constraints are met.


------------------------------------------------------------------------------------------------
| Clock Summary
| -------------
------------------------------------------------------------------------------------------------

Clock                  Waveform(ns)         Period(ns)      Frequency(MHz)
-----                  ------------         ----------      --------------
gclk                   {0.000 4.000}        10.000          100.000         
  clk_100_cw_fast      {0.000 5.000}        10.000          100.000         
    clk_pixel_cw_hdmi  {0.000 6.734}        13.468          74.250          
    clk_tmds_cw_hdmi   {0.000 1.347}        2.694           371.250         
    clkfbout_cw_hdmi   {0.000 25.000}       50.000          20.000          
  clkfbout_cw_fast     {0.000 5.000}        10.000          100.000         


------------------------------------------------------------------------------------------------
| Intra Clock Table
| -----------------
------------------------------------------------------------------------------------------------

Clock                      WNS(ns)      TNS(ns)  TNS Failing Endpoints  TNS Total Endpoints      WHS(ns)      THS(ns)  THS Failing Endpoints  THS Total Endpoints     WPWS(ns)     TPWS(ns)  TPWS Failing Endpoints  TPWS Total Endpoints  
-----                      -------      -------  ---------------------  -------------------      -------      -------  ---------------------  -------------------     --------     --------  ----------------------  --------------------  
gclk                                                                                                                                                                     2.000        0.000                       0                     1  
  clk_100_cw_fast            2.531        0.000                      0                  540        0.115        0.000                      0                  540        3.000        0.000                       0                    72  
    clk_pixel_cw_hdmi        1.411        0.000                      0                  550        0.050        0.000                      0                  550        6.234        0.000                       0                   104  
    clk_tmds_cw_hdmi                                                                                                                                                     0.538        0.000                       0                     8  
    clkfbout_cw_hdmi                                                                                                                                                    47.845        0.000                       0                     3  
  clkfbout_cw_fast                                                                                                                                                       7.845        0.000                       0                     3  


------------------------------------------------------------------------------------------------
| Inter Clock Table
| -----------------
------------------------------------------------------------------------------------------------

From Clock    To Clock          WNS(ns)      TNS(ns)  TNS Failing Endpoints  TNS Total Endpoints      WHS(ns)      THS(ns)  THS Failing Endpoints  THS Total Endpoints  
----------    --------          -------      -------  ---------------------  -------------------      -------      -------  ---------------------  -------------------  


------------------------------------------------------------------------------------------------
| Other Path Groups Table
| -----------------------
------------------------------------------------------------------------------------------------

Path Group    From Clock    To Clock          WNS(ns)      TNS(ns)  TNS Failing Endpoints  TNS Total Endpoints      WHS(ns)      THS(ns)  THS Failing Endpoints  THS Total Endpoints  
----------    ----------    --------          -------      -------  ---------------------  -------------------      -------      -------  ---------------------  -------------------  


------------------------------------------------------------------------------------------------
| Timing Details
| --------------
------------------------------------------------------------------------------------------------


---------------------------------------------------------------------------------------------------
From Clock:  gclk
  To Clock:  gclk

Setup :           NA  Failing Endpoints,  Worst Slack           NA  ,  Total Violation           NA
Hold  :           NA  Failing Endpoints,  Worst Slack           NA  ,  Total Violation           NA
PW    :            0  Failing Endpoints,  Worst Slack        2.000ns,  Total Violation        0.000ns
---------------------------------------------------------------------------------------------------


Pulse Width Checks
--------------------------------------------------------------------------------------
Clock Name:         gclk
Waveform(ns):       { 0.000 4.000 }
Period(ns):         10.000
Sources:            { clk_100mhz }

Check Type        Corner  Lib Pin           Reference Pin  Required(ns)  Actual(ns)  Slack(ns)  Location        Pin
Min Period        n/a     PLLE2_ADV/CLKIN1  n/a            1.249         10.000      8.751      PLLE2_ADV_X0Y0  wizard_migcam/plle2_adv_inst/CLKIN1
Max Period        n/a     PLLE2_ADV/CLKIN1  n/a            52.633        10.000      42.633     PLLE2_ADV_X0Y0  wizard_migcam/plle2_adv_inst/CLKIN1
Low Pulse Width   Slow    PLLE2_ADV/CLKIN1  n/a            2.000         6.000       4.000      PLLE2_ADV_X0Y0  wizard_migcam/plle2_adv_inst/CLKIN1
High Pulse Width  Slow    PLLE2_ADV/CLKIN1  n/a            2.000         4.000       2.000      PLLE2_ADV_X0Y0  wizard_migcam/plle2_adv_inst/CLKIN1



---------------------------------------------------------------------------------------------------
From Clock:  clk_100_cw_fast
  To Clock:  clk_100_cw_fast

Setup :            0  Failing Endpoints,  Worst Slack        2.531ns,  Total Violation        0.000ns
Hold  :            0  Failing Endpoints,  Worst Slack        0.115ns,  Total Violation        0.000ns
PW    :            0  Failing Endpoints,  Worst Slack        3.000ns,  Total Violation        0.000ns
---------------------------------------------------------------------------------------------------


Max Delay Paths
--------------------------------------------------------------------------------------
Slack (MET) :             2.531ns  (required time - arrival time)
  Source:                 addra_reg/CLK
                            (rising edge-triggered cell DSP48E1 clocked by clk_100_cw_fast  {rise@0.000ns fall@5.000ns period=10.000ns})
  Destination:            frame_buffer/U0/inst_blk_mem_gen/gnbram.gnativebmg.native_blk_mem_gen/valid.cstr/ramloop[22].ram.r/prim_noinit.ram/DEVICE_7SERIES.NO_BMM_INFO.TRUE_DP.SIMPLE_PRIM36.ram/ADDRARDADDR[3]
                            (rising edge-triggered cell RAMB36E1 clocked by clk_100_cw_fast  {rise@0.000ns fall@5.000ns period=10.000ns})
  Path Group:             clk_100_cw_fast
  Path Type:              Setup (Max at Slow Process Corner)
  Requirement:            10.000ns  (clk_100_cw_fast rise@10.000ns - clk_100_cw_fast rise@0.000ns)
  Data Path Delay:        6.666ns  (logic 0.434ns (6.510%)  route 6.232ns (93.490%))
  Logic Levels:           0  
  Clock Path Skew:        -0.163ns (DCD - SCD + CPR)
    Destination Clock Delay (DCD):    -2.043ns = ( 7.957 - 10.000 ) 
    Source Clock Delay      (SCD):    -2.378ns
    Clock Pessimism Removal (CPR):    -0.499ns
  Clock Uncertainty:      0.074ns  ((TSJ^2 + DJ^2)^1/2) / 2 + PE
    Total System Jitter     (TSJ):    0.071ns
    Discrete Jitter          (DJ):    0.129ns
    Phase Error              (PE):    0.000ns

    Location             Delay type                Incr(ns)  Path(ns)    Netlist Resource(s)
  -------------------------------------------------------------------    -------------------
                         (clock clk_100_cw_fast rise edge)
                                                      0.000     0.000 r  
    N15                                               0.000     0.000 r  clk_100mhz (IN)
                         net (fo=0)                   0.000     0.000    wizard_migcam/clk_100mhz
    N15                  IBUF (Prop_ibuf_I_O)         1.440     1.440 r  wizard_migcam/clkin1_ibufg/O
                         net (fo=1, routed)           1.253     2.693    wizard_migcam/clk_in1_cw_fast
    PLLE2_ADV_X0Y0       PLLE2_ADV (Prop_plle2_adv_CLKIN1_CLKOUT0)
                                                     -8.486    -5.792 r  wizard_migcam/plle2_adv_inst/CLKOUT0
                         net (fo=1, routed)           1.660    -4.132    wizard_migcam/clk_100_cw_fast
    BUFGCTRL_X0Y2        BUFG (Prop_bufg_I_O)         0.096    -4.036 r  wizard_migcam/clkout1_buf/O
                         net (fo=70, routed)          1.658    -2.378    clk_100_passthrough
    DSP48_X1Y4           DSP48E1                                      r  addra_reg/CLK
  -------------------------------------------------------------------    -------------------
    DSP48_X1Y4           DSP48E1 (Prop_dsp48e1_CLK_P[0])
                                                      0.434    -1.944 r  addra_reg/P[0]
                         net (fo=26, routed)          6.232     4.288    frame_buffer/U0/inst_blk_mem_gen/gnbram.gnativebmg.native_blk_mem_gen/valid.cstr/ramloop[22].ram.r/prim_noinit.ram/addra[0]
    RAMB36_X0Y0          RAMB36E1                                     r  frame_buffer/U0/inst_blk_mem_gen/gnbram.gnativebmg.native_blk_mem_gen/valid.cstr/ramloop[22].ram.r/prim_noinit.ram/DEVICE_7SERIES.NO_BMM_INFO.TRUE_DP.SIMPLE_PRIM36.ram/ADDRARDADDR[3]
  -------------------------------------------------------------------    -------------------

                         (clock clk_100_cw_fast rise edge)
                                                     10.000    10.000 r  
    N15                                               0.000    10.000 r  clk_100mhz (IN)
                         net (fo=0)                   0.000    10.000    wizard_migcam/clk_100mhz
    N15                  IBUF (Prop_ibuf_I_O)         1.370    11.370 r  wizard_migcam/clkin1_ibufg/O
                         net (fo=1, routed)           1.181    12.551    wizard_migcam/clk_in1_cw_fast
    PLLE2_ADV_X0Y0       PLLE2_ADV (Prop_plle2_adv_CLKIN1_CLKOUT0)
                                                     -7.753     4.798 r  wizard_migcam/plle2_adv_inst/CLKOUT0
                         net (fo=1, routed)           1.582     6.380    wizard_migcam/clk_100_cw_fast
    BUFGCTRL_X0Y2        BUFG (Prop_bufg_I_O)         0.091     6.471 r  wizard_migcam/clkout1_buf/O
                         net (fo=70, routed)          1.487     7.957    frame_buffer/U0/inst_blk_mem_gen/gnbram.gnativebmg.native_blk_mem_gen/valid.cstr/ramloop[22].ram.r/prim_noinit.ram/clka
    RAMB36_X0Y0          RAMB36E1                                     r  frame_buffer/U0/inst_blk_mem_gen/gnbram.gnativebmg.native_blk_mem_gen/valid.cstr/ramloop[22].ram.r/prim_noinit.ram/DEVICE_7SERIES.NO_BMM_INFO.TRUE_DP.SIMPLE_PRIM36.ram/CLKARDCLK
                         clock pessimism             -0.499     7.459    
                         clock uncertainty           -0.074     7.385    
    RAMB36_X0Y0          RAMB36E1 (Setup_ramb36e1_CLKARDCLK_ADDRARDADDR[3])
                                                     -0.566     6.819    frame_buffer/U0/inst_blk_mem_gen/gnbram.gnativebmg.native_blk_mem_gen/valid.cstr/ramloop[22].ram.r/prim_noinit.ram/DEVICE_7SERIES.NO_BMM_INFO.TRUE_DP.SIMPLE_PRIM36.ram
  -------------------------------------------------------------------
                         required time                          6.819    
                         arrival time                          -4.288    
  -------------------------------------------------------------------
                         slack                                  2.531    





Min Delay Paths
--------------------------------------------------------------------------------------
Slack (MET) :             0.115ns  (arrival time - required time)
  Source:                 cam_pixel_reg[5]/C
                            (rising edge-triggered cell FDRE clocked by clk_100_cw_fast  {rise@0.000ns fall@5.000ns period=10.000ns})
  Destination:            frame_buffer/U0/inst_blk_mem_gen/gnbram.gnativebmg.native_blk_mem_gen/valid.cstr/ramloop[25].ram.r/prim_noinit.ram/DEVICE_7SERIES.NO_BMM_INFO.TRUE_DP.SIMPLE_PRIM18.ram/DIADI[1]
                            (rising edge-triggered cell RAMB18E1 clocked by clk_100_cw_fast  {rise@0.000ns fall@5.000ns period=10.000ns})
  Path Group:             clk_100_cw_fast
  Path Type:              Hold (Min at Fast Process Corner)
  Requirement:            0.000ns  (clk_100_cw_fast rise@0.000ns - clk_100_cw_fast rise@0.000ns)
  Data Path Delay:        0.491ns  (logic 0.164ns (33.404%)  route 0.327ns (66.596%))
  Logic Levels:           0  
  Clock Path Skew:        0.079ns (DCD - SCD - CPR)
    Destination Clock Delay (DCD):    -0.316ns
    Source Clock Delay      (SCD):    -0.591ns
    Clock Pessimism Removal (CPR):    0.195ns

    Location             Delay type                Incr(ns)  Path(ns)    Netlist Resource(s)
  -------------------------------------------------------------------    -------------------
                         (clock clk_100_cw_fast rise edge)
                                                      0.000     0.000 r  
    N15                                               0.000     0.000 r  clk_100mhz (IN)
                         net (fo=0)                   0.000     0.000    wizard_migcam/clk_100mhz
    N15                  IBUF (Prop_ibuf_I_O)         0.209     0.209 r  wizard_migcam/clkin1_ibufg/O
                         net (fo=1, routed)           0.440     0.649    wizard_migcam/clk_in1_cw_fast
    PLLE2_ADV_X0Y0       PLLE2_ADV (Prop_plle2_adv_CLKIN1_CLKOUT0)
                                                     -2.326    -1.677 r  wizard_migcam/plle2_adv_inst/CLKOUT0
                         net (fo=1, routed)           0.504    -1.173    wizard_migcam/clk_100_cw_fast
    BUFGCTRL_X0Y2        BUFG (Prop_bufg_I_O)         0.026    -1.147 r  wizard_migcam/clkout1_buf/O
                         net (fo=70, routed)          0.556    -0.591    clk_100_passthrough
    SLICE_X12Y22         FDRE                                         r  cam_pixel_reg[5]/C
  -------------------------------------------------------------------    -------------------
    SLICE_X12Y22         FDRE (Prop_fdre_C_Q)         0.164    -0.427 r  cam_pixel_reg[5]/Q
                         net (fo=15, routed)          0.327    -0.100    frame_buffer/U0/inst_blk_mem_gen/gnbram.gnativebmg.native_blk_mem_gen/valid.cstr/ramloop[25].ram.r/prim_noinit.ram/dina[1]
    RAMB18_X0Y6          RAMB18E1                                     r  frame_buffer/U0/inst_blk_mem_gen/gnbram.gnativebmg.native_blk_mem_gen/valid.cstr/ramloop[25].ram.r/prim_noinit.ram/DEVICE_7SERIES.NO_BMM_INFO.TRUE_DP.SIMPLE_PRIM18.ram/DIADI[1]
  -------------------------------------------------------------------    -------------------

                         (clock clk_100_cw_fast rise edge)
                                                      0.000     0.000 r  
    N15                                               0.000     0.000 r  clk_100mhz (IN)
                         net (fo=0)                   0.000     0.000    wizard_migcam/clk_100mhz
    N15                  IBUF (Prop_ibuf_I_O)         0.396     0.396 r  wizard_migcam/clkin1_ibufg/O
                         net (fo=1, routed)           0.481     0.877    wizard_migcam/clk_in1_cw_fast
    PLLE2_ADV_X0Y0       PLLE2_ADV (Prop_plle2_adv_CLKIN1_CLKOUT0)
                                                     -2.641    -1.764 r  wizard_migcam/plle2_adv_inst/CLKOUT0
                         net (fo=1, routed)           0.550    -1.214    wizard_migcam/clk_100_cw_fast
    BUFGCTRL_X0Y2        BUFG (Prop_bufg_I_O)         0.029    -1.185 r  wizard_migcam/clkout1_buf/O
                         net (fo=70, routed)          0.869    -0.316    frame_buffer/U0/inst_blk_mem_gen/gnbram.gnativebmg.native_blk_mem_gen/valid.cstr/ramloop[25].ram.r/prim_noinit.ram/clka
    RAMB18_X0Y6          RAMB18E1                                     r  frame_buffer/U0/inst_blk_mem_gen/gnbram.gnativebmg.native_blk_mem_gen/valid.cstr/ramloop[25].ram.r/prim_noinit.ram/DEVICE_7SERIES.NO_BMM_INFO.TRUE_DP.SIMPLE_PRIM18.ram/CLKARDCLK
                         clock pessimism             -0.195    -0.512    
    RAMB18_X0Y6          RAMB18E1 (Hold_ramb18e1_CLKARDCLK_DIADI[1])
                                                      0.296    -0.216    frame_buffer/U0/inst_blk_mem_gen/gnbram.gnativebmg.native_blk_mem_gen/valid.cstr/ramloop[25].ram.r/prim_noinit.ram/DEVICE_7SERIES.NO_BMM_INFO.TRUE_DP.SIMPLE_PRIM18.ram
  -------------------------------------------------------------------
                         required time                          0.216    
                         arrival time                          -0.100    
  -------------------------------------------------------------------
                         slack                                  0.115    





Pulse Width Checks
--------------------------------------------------------------------------------------
Clock Name:         clk_100_cw_fast
Waveform(ns):       { 0.000 5.000 }
Period(ns):         10.000
Sources:            { wizard_migcam/plle2_adv_inst/CLKOUT0 }

Check Type        Corner  Lib Pin            Reference Pin  Required(ns)  Actual(ns)  Slack(ns)  Location         Pin
Min Period        n/a     DSP48E1/CLK        n/a            3.884         10.000      6.116      DSP48_X1Y4       addra_reg/CLK
Max Period        n/a     MMCME2_ADV/CLKIN1  n/a            100.000       10.000      90.000     MMCME2_ADV_X1Y0  wizard_hdmi/mmcm_adv_inst/CLKIN1
Low Pulse Width   Slow    MMCME2_ADV/CLKIN1  n/a            2.000         5.000       3.000      MMCME2_ADV_X1Y0  wizard_hdmi/mmcm_adv_inst/CLKIN1
High Pulse Width  Slow    MMCME2_ADV/CLKIN1  n/a            2.000         5.000       3.000      MMCME2_ADV_X1Y0  wizard_hdmi/mmcm_adv_inst/CLKIN1



---------------------------------------------------------------------------------------------------
From Clock:  clk_pixel_cw_hdmi
  To Clock:  clk_pixel_cw_hdmi

Setup :            0  Failing Endpoints,  Worst Slack        1.411ns,  Total Violation        0.000ns
Hold  :            0  Failing Endpoints,  Worst Slack        0.050ns,  Total Violation        0.000ns
PW    :            0  Failing Endpoints,  Worst Slack        6.234ns,  Total Violation        0.000ns
---------------------------------------------------------------------------------------------------


Max Delay Paths
--------------------------------------------------------------------------------------
Slack (MET) :             1.411ns  (required time - arrival time)
  Source:                 frame_buffer/U0/inst_blk_mem_gen/gnbram.gnativebmg.native_blk_mem_gen/valid.cstr/ramloop[13].ram.r/prim_noinit.ram/DEVICE_7SERIES.NO_BMM_INFO.TRUE_DP.SIMPLE_PRIM36.ram/CLKBWRCLK
                            (rising edge-triggered cell RAMB36E1 clocked by clk_pixel_cw_hdmi  {rise@0.000ns fall@6.734ns period=13.468ns})
  Destination:            tmds_blue/tally_reg[4]/D
                            (rising edge-triggered cell FDRE clocked by clk_pixel_cw_hdmi  {rise@0.000ns fall@6.734ns period=13.468ns})
  Path Group:             clk_pixel_cw_hdmi
  Path Type:              Setup (Max at Slow Process Corner)
  Requirement:            13.468ns  (clk_pixel_cw_hdmi rise@13.468ns - clk_pixel_cw_hdmi rise@0.000ns)
  Data Path Delay:        11.866ns  (logic 2.866ns (24.153%)  route 9.000ns (75.847%))
  Logic Levels:           10  (LUT3=1 LUT4=1 LUT5=2 LUT6=4 MUXF7=1 MUXF8=1)
  Clock Path Skew:        -0.010ns (DCD - SCD + CPR)
    Destination Clock Delay (DCD):    -2.022ns = ( 11.446 - 13.468 ) 
    Source Clock Delay      (SCD):    -2.438ns
    Clock Pessimism Removal (CPR):    -0.427ns
  Clock Uncertainty:      0.210ns  ((TSJ^2 + DJ^2)^1/2) / 2 + PE
    Total System Jitter     (TSJ):    0.071ns
    Discrete Jitter          (DJ):    0.414ns
    Phase Error              (PE):    0.000ns

    Location             Delay type                Incr(ns)  Path(ns)    Netlist Resource(s)
  -------------------------------------------------------------------    -------------------
                         (clock clk_pixel_cw_hdmi rise edge)
                                                      0.000     0.000 r  
    N15                                               0.000     0.000 r  clk_100mhz (IN)
                         net (fo=0)                   0.000     0.000    wizard_migcam/clk_100mhz
    N15                  IBUF (Prop_ibuf_I_O)         1.440     1.440 r  wizard_migcam/clkin1_ibufg/O
                         net (fo=1, routed)           1.253     2.693    wizard_migcam/clk_in1_cw_fast
    PLLE2_ADV_X0Y0       PLLE2_ADV (Prop_plle2_adv_CLKIN1_CLKOUT0)
                                                     -8.486    -5.792 r  wizard_migcam/plle2_adv_inst/CLKOUT0
                         net (fo=1, routed)           1.660    -4.132    wizard_migcam/clk_100_cw_fast
    BUFGCTRL_X0Y2        BUFG (Prop_bufg_I_O)         0.096    -4.036 r  wizard_migcam/clkout1_buf/O
                         net (fo=70, routed)          1.575    -2.461    wizard_hdmi/clk_100
    MMCME2_ADV_X1Y0      MMCME2_ADV (Prop_mmcme2_adv_CLKIN1_CLKOUT0)
                                                     -3.333    -5.793 r  wizard_hdmi/mmcm_adv_inst/CLKOUT0
                         net (fo=1, routed)           1.661    -4.132    wizard_hdmi/clk_pixel_cw_hdmi
    BUFGCTRL_X0Y0        BUFG (Prop_bufg_I_O)         0.096    -4.036 r  wizard_hdmi/clkout1_buf/O
                         net (fo=103, routed)         1.598    -2.438    frame_buffer/U0/inst_blk_mem_gen/gnbram.gnativebmg.native_blk_mem_gen/valid.cstr/ramloop[13].ram.r/prim_noinit.ram/clkb
    RAMB36_X0Y4          RAMB36E1                                     r  frame_buffer/U0/inst_blk_mem_gen/gnbram.gnativebmg.native_blk_mem_gen/valid.cstr/ramloop[13].ram.r/prim_noinit.ram/DEVICE_7SERIES.NO_BMM_INFO.TRUE_DP.SIMPLE_PRIM36.ram/CLKBWRCLK
  -------------------------------------------------------------------    -------------------
    RAMB36_X0Y4          RAMB36E1 (Prop_ramb36e1_CLKBWRCLK_DOBDO[2])
                                                      0.882    -1.556 r  frame_buffer/U0/inst_blk_mem_gen/gnbram.gnativebmg.native_blk_mem_gen/valid.cstr/ramloop[13].ram.r/prim_noinit.ram/DEVICE_7SERIES.NO_BMM_INFO.TRUE_DP.SIMPLE_PRIM36.ram/DOBDO[2]
                         net (fo=1, routed)           2.414     0.858    frame_buffer/U0/inst_blk_mem_gen/gnbram.gnativebmg.native_blk_mem_gen/valid.cstr/has_mux_b.B/ramloop[13].ram.ram_doutb[2]
    SLICE_X48Y12         LUT6 (Prop_lut6_I1_O)        0.124     0.982 r  frame_buffer/U0/inst_blk_mem_gen/gnbram.gnativebmg.native_blk_mem_gen/valid.cstr/has_mux_b.B/doutb[6]_INST_0_i_3/O
                         net (fo=1, routed)           0.000     0.982    frame_buffer/U0/inst_blk_mem_gen/gnbram.gnativebmg.native_blk_mem_gen/valid.cstr/has_mux_b.B/doutb[6]_INST_0_i_3_n_0
    SLICE_X48Y12         MUXF7 (Prop_muxf7_I0_O)      0.238     1.220 r  frame_buffer/U0/inst_blk_mem_gen/gnbram.gnativebmg.native_blk_mem_gen/valid.cstr/has_mux_b.B/doutb[6]_INST_0_i_1/O
                         net (fo=1, routed)           0.000     1.220    frame_buffer/U0/inst_blk_mem_gen/gnbram.gnativebmg.native_blk_mem_gen/valid.cstr/has_mux_b.B/doutb[6]_INST_0_i_1_n_0
    SLICE_X48Y12         MUXF8 (Prop_muxf8_I0_O)      0.104     1.324 r  frame_buffer/U0/inst_blk_mem_gen/gnbram.gnativebmg.native_blk_mem_gen/valid.cstr/has_mux_b.B/doutb[6]_INST_0/O
                         net (fo=7, routed)           1.896     3.220    tmds_red/doutb[6]
    SLICE_X6Y19          LUT3 (Prop_lut3_I0_O)        0.340     3.560 r  tmds_red/tmds_out[9]_i_5/O
                         net (fo=3, routed)           0.481     4.041    tmds_red/tmds_out[9]_i_5_n_0
    SLICE_X6Y19          LUT6 (Prop_lut6_I2_O)        0.328     4.369 r  tmds_red/tmds_out[9]_i_2/O
                         net (fo=66, routed)          0.976     5.345    tmds_red/tmds_out[9]_i_6_0
    SLICE_X3Y21          LUT5 (Prop_lut5_I1_O)        0.124     5.469 r  tmds_red/tally[4]_i_36/O
                         net (fo=23, routed)          0.924     6.393    tmds_blue/tally[4]_i_6__0_0
    SLICE_X3Y21          LUT4 (Prop_lut4_I0_O)        0.152     6.545 r  tmds_blue/tally[4]_i_16__0/O
                         net (fo=20, routed)          1.148     7.693    tmds_blue/tally[4]_i_39_0
    SLICE_X2Y18          LUT5 (Prop_lut5_I1_O)        0.326     8.019 r  tmds_blue/tally[4]_i_12__0/O
                         net (fo=2, routed)           0.735     8.754    tmds_blue/tally[4]_i_12__0_n_0
    SLICE_X4Y18          LUT6 (Prop_lut6_I4_O)        0.124     8.878 r  tmds_blue/tally[4]_i_2__0/O
                         net (fo=1, routed)           0.426     9.304    tmds_blue/tally[4]_i_2__0_n_0
    SLICE_X4Y18          LUT6 (Prop_lut6_I0_O)        0.124     9.428 r  tmds_blue/tally[4]_i_1__0/O
                         net (fo=1, routed)           0.000     9.428    tmds_blue/tally[4]_i_1__0_n_0
    SLICE_X4Y18          FDRE                                         r  tmds_blue/tally_reg[4]/D
  -------------------------------------------------------------------    -------------------

                         (clock clk_pixel_cw_hdmi rise edge)
                                                     13.468    13.468 r  
    N15                                               0.000    13.468 r  clk_100mhz (IN)
                         net (fo=0)                   0.000    13.468    wizard_migcam/clk_100mhz
    N15                  IBUF (Prop_ibuf_I_O)         1.370    14.838 r  wizard_migcam/clkin1_ibufg/O
                         net (fo=1, routed)           1.181    16.019    wizard_migcam/clk_in1_cw_fast
    PLLE2_ADV_X0Y0       PLLE2_ADV (Prop_plle2_adv_CLKIN1_CLKOUT0)
                                                     -7.753     8.266 r  wizard_migcam/plle2_adv_inst/CLKOUT0
                         net (fo=1, routed)           1.582     9.848    wizard_migcam/clk_100_cw_fast
    BUFGCTRL_X0Y2        BUFG (Prop_bufg_I_O)         0.091     9.939 r  wizard_migcam/clkout1_buf/O
                         net (fo=70, routed)          1.457    11.396    wizard_hdmi/clk_100
    MMCME2_ADV_X1Y0      MMCME2_ADV (Prop_mmcme2_adv_CLKIN1_CLKOUT0)
                                                     -3.129     8.267 r  wizard_hdmi/mmcm_adv_inst/CLKOUT0
                         net (fo=1, routed)           1.581     9.848    wizard_hdmi/clk_pixel_cw_hdmi
    BUFGCTRL_X0Y0        BUFG (Prop_bufg_I_O)         0.091     9.939 r  wizard_hdmi/clkout1_buf/O
                         net (fo=103, routed)         1.507    11.446    tmds_blue/clk_pixel
    SLICE_X4Y18          FDRE                                         r  tmds_blue/tally_reg[4]/C
                         clock pessimism             -0.427    11.019    
                         clock uncertainty           -0.210    10.810    
    SLICE_X4Y18          FDRE (Setup_fdre_C_D)        0.029    10.839    tmds_blue/tally_reg[4]
  -------------------------------------------------------------------
                         required time                         10.839    
                         arrival time                          -9.428    
  -------------------------------------------------------------------
                         slack                                  1.411    





Min Delay Paths
--------------------------------------------------------------------------------------
Slack (MET) :             0.050ns  (arrival time - required time)
  Source:                 red_ser/pwup_rst_reg/C
                            (rising edge-triggered cell FDRE clocked by clk_pixel_cw_hdmi  {rise@0.000ns fall@6.734ns period=13.468ns})
  Destination:            blue_ser/primary/RST
                            (rising edge-triggered cell OSERDESE2 clocked by clk_pixel_cw_hdmi  {rise@0.000ns fall@6.734ns period=13.468ns})
  Path Group:             clk_pixel_cw_hdmi
  Path Type:              Hold (Min at Fast Process Corner)
  Requirement:            0.000ns  (clk_pixel_cw_hdmi rise@0.000ns - clk_pixel_cw_hdmi rise@0.000ns)
  Data Path Delay:        0.642ns  (logic 0.209ns (32.536%)  route 0.433ns (67.464%))
  Logic Levels:           1  (LUT2=1)
  Clock Path Skew:        0.033ns (DCD - SCD - CPR)
    Destination Clock Delay (DCD):    -0.333ns
    Source Clock Delay      (SCD):    -0.561ns
    Clock Pessimism Removal (CPR):    0.195ns

    Location             Delay type                Incr(ns)  Path(ns)    Netlist Resource(s)
  -------------------------------------------------------------------    -------------------
                         (clock clk_pixel_cw_hdmi rise edge)
                                                      0.000     0.000 r  
    N15                                               0.000     0.000 r  clk_100mhz (IN)
                         net (fo=0)                   0.000     0.000    wizard_migcam/clk_100mhz
    N15                  IBUF (Prop_ibuf_I_O)         0.209     0.209 r  wizard_migcam/clkin1_ibufg/O
                         net (fo=1, routed)           0.440     0.649    wizard_migcam/clk_in1_cw_fast
    PLLE2_ADV_X0Y0       PLLE2_ADV (Prop_plle2_adv_CLKIN1_CLKOUT0)
                                                     -2.326    -1.677 r  wizard_migcam/plle2_adv_inst/CLKOUT0
                         net (fo=1, routed)           0.504    -1.173    wizard_migcam/clk_100_cw_fast
    BUFGCTRL_X0Y2        BUFG (Prop_bufg_I_O)         0.026    -1.147 r  wizard_migcam/clkout1_buf/O
                         net (fo=70, routed)          0.549    -0.598    wizard_hdmi/clk_100
    MMCME2_ADV_X1Y0      MMCME2_ADV (Prop_mmcme2_adv_CLKIN1_CLKOUT0)
                                                     -1.061    -1.659 r  wizard_hdmi/mmcm_adv_inst/CLKOUT0
                         net (fo=1, routed)           0.486    -1.173    wizard_hdmi/clk_pixel_cw_hdmi
    BUFGCTRL_X0Y0        BUFG (Prop_bufg_I_O)         0.026    -1.147 r  wizard_hdmi/clkout1_buf/O
                         net (fo=103, routed)         0.586    -0.561    red_ser/clk_pixel
    SLICE_X2Y20          FDRE                                         r  red_ser/pwup_rst_reg/C
  -------------------------------------------------------------------    -------------------
    SLICE_X2Y20          FDRE (Prop_fdre_C_Q)         0.164    -0.397 r  red_ser/pwup_rst_reg/Q
                         net (fo=1, routed)           0.163    -0.234    red_ser/blue_ser/pwup_rst
    SLICE_X2Y20          LUT2 (Prop_lut2_I1_O)        0.045    -0.189 r  red_ser/primary_i_1/O
                         net (fo=6, routed)           0.270     0.081    blue_ser/RST0
    OLOGIC_X0Y20         OSERDESE2                                    r  blue_ser/primary/RST
  -------------------------------------------------------------------    -------------------

                         (clock clk_pixel_cw_hdmi rise edge)
                                                      0.000     0.000 r  
    N15                                               0.000     0.000 r  clk_100mhz (IN)
                         net (fo=0)                   0.000     0.000    wizard_migcam/clk_100mhz
    N15                  IBUF (Prop_ibuf_I_O)         0.396     0.396 r  wizard_migcam/clkin1_ibufg/O
                         net (fo=1, routed)           0.481     0.877    wizard_migcam/clk_in1_cw_fast
    PLLE2_ADV_X0Y0       PLLE2_ADV (Prop_plle2_adv_CLKIN1_CLKOUT0)
                                                     -2.641    -1.764 r  wizard_migcam/plle2_adv_inst/CLKOUT0
                         net (fo=1, routed)           0.550    -1.214    wizard_migcam/clk_100_cw_fast
    BUFGCTRL_X0Y2        BUFG (Prop_bufg_I_O)         0.029    -1.185 r  wizard_migcam/clkout1_buf/O
                         net (fo=70, routed)          0.817    -0.369    wizard_hdmi/clk_100
    MMCME2_ADV_X1Y0      MMCME2_ADV (Prop_mmcme2_adv_CLKIN1_CLKOUT0)
                                                     -1.375    -1.744 r  wizard_hdmi/mmcm_adv_inst/CLKOUT0
                         net (fo=1, routed)           0.530    -1.214    wizard_hdmi/clk_pixel_cw_hdmi
    BUFGCTRL_X0Y0        BUFG (Prop_bufg_I_O)         0.029    -1.185 r  wizard_hdmi/clkout1_buf/O
                         net (fo=103, routed)         0.853    -0.333    blue_ser/clk_pixel
    OLOGIC_X0Y20         OSERDESE2                                    r  blue_ser/primary/CLKDIV
                         clock pessimism             -0.195    -0.528    
    OLOGIC_X0Y20         OSERDESE2 (Hold_oserdese2_CLKDIV_RST)
                                                      0.559     0.031    blue_ser/primary
  -------------------------------------------------------------------
                         required time                         -0.031    
                         arrival time                           0.081    
  -------------------------------------------------------------------
                         slack                                  0.050    





Pulse Width Checks
--------------------------------------------------------------------------------------
Clock Name:         clk_pixel_cw_hdmi
Waveform(ns):       { 0.000 6.734 }
Period(ns):         13.468
Sources:            { wizard_hdmi/mmcm_adv_inst/CLKOUT0 }

Check Type        Corner  Lib Pin             Reference Pin  Required(ns)  Actual(ns)  Slack(ns)  Location         Pin
Min Period        n/a     DSP48E1/CLK         n/a            3.884         13.468      9.584      DSP48_X0Y6       addrb_reg/CLK
Max Period        n/a     MMCME2_ADV/CLKOUT0  n/a            213.360       13.468      199.892    MMCME2_ADV_X1Y0  wizard_hdmi/mmcm_adv_inst/CLKOUT0
Low Pulse Width   Slow    FDRE/C              n/a            0.500         6.734       6.234      SLICE_X6Y17      active_draw_hdmi_pl_reg[1]/C
High Pulse Width  Slow    FDRE/C              n/a            0.500         6.734       6.234      SLICE_X6Y17      active_draw_hdmi_pl_reg[1]/C



---------------------------------------------------------------------------------------------------
From Clock:  clk_tmds_cw_hdmi
  To Clock:  clk_tmds_cw_hdmi

Setup :           NA  Failing Endpoints,  Worst Slack           NA  ,  Total Violation           NA
Hold  :           NA  Failing Endpoints,  Worst Slack           NA  ,  Total Violation           NA
PW    :            0  Failing Endpoints,  Worst Slack        0.538ns,  Total Violation        0.000ns
---------------------------------------------------------------------------------------------------


Pulse Width Checks
--------------------------------------------------------------------------------------
Clock Name:         clk_tmds_cw_hdmi
Waveform(ns):       { 0.000 1.347 }
Period(ns):         2.694
Sources:            { wizard_hdmi/mmcm_adv_inst/CLKOUT1 }

Check Type  Corner  Lib Pin             Reference Pin  Required(ns)  Actual(ns)  Slack(ns)  Location         Pin
Min Period  n/a     BUFG/I              n/a            2.155         2.694       0.538      BUFGCTRL_X0Y1    wizard_hdmi/clkout2_buf/I
Max Period  n/a     MMCME2_ADV/CLKOUT1  n/a            213.360       2.694       210.666    MMCME2_ADV_X1Y0  wizard_hdmi/mmcm_adv_inst/CLKOUT1



---------------------------------------------------------------------------------------------------
From Clock:  clkfbout_cw_hdmi
  To Clock:  clkfbout_cw_hdmi

Setup :           NA  Failing Endpoints,  Worst Slack           NA  ,  Total Violation           NA
Hold  :           NA  Failing Endpoints,  Worst Slack           NA  ,  Total Violation           NA
PW    :            0  Failing Endpoints,  Worst Slack       47.845ns,  Total Violation        0.000ns
---------------------------------------------------------------------------------------------------


Pulse Width Checks
--------------------------------------------------------------------------------------
Clock Name:         clkfbout_cw_hdmi
Waveform(ns):       { 0.000 25.000 }
Period(ns):         50.000
Sources:            { wizard_hdmi/mmcm_adv_inst/CLKFBOUT }

Check Type  Corner  Lib Pin             Reference Pin  Required(ns)  Actual(ns)  Slack(ns)  Location         Pin
Min Period  n/a     BUFG/I              n/a            2.155         50.000      47.845     BUFGCTRL_X0Y3    wizard_hdmi/clkf_buf/I
Max Period  n/a     MMCME2_ADV/CLKFBIN  n/a            100.000       50.000      50.000     MMCME2_ADV_X1Y0  wizard_hdmi/mmcm_adv_inst/CLKFBIN



---------------------------------------------------------------------------------------------------
From Clock:  clkfbout_cw_fast
  To Clock:  clkfbout_cw_fast

Setup :           NA  Failing Endpoints,  Worst Slack           NA  ,  Total Violation           NA
Hold  :           NA  Failing Endpoints,  Worst Slack           NA  ,  Total Violation           NA
PW    :            0  Failing Endpoints,  Worst Slack        7.845ns,  Total Violation        0.000ns
---------------------------------------------------------------------------------------------------


Pulse Width Checks
--------------------------------------------------------------------------------------
Clock Name:         clkfbout_cw_fast
Waveform(ns):       { 0.000 5.000 }
Period(ns):         10.000
Sources:            { wizard_migcam/plle2_adv_inst/CLKFBOUT }

Check Type  Corner  Lib Pin            Reference Pin  Required(ns)  Actual(ns)  Slack(ns)  Location        Pin
Min Period  n/a     BUFG/I             n/a            2.155         10.000      7.845      BUFGCTRL_X0Y4   wizard_migcam/clkf_buf/I
Max Period  n/a     PLLE2_ADV/CLKFBIN  n/a            52.633        10.000      42.633     PLLE2_ADV_X0Y0  wizard_migcam/plle2_adv_inst/CLKFBIN



