Copyright 1986-2022 Xilinx, Inc. All Rights Reserved. Copyright 2022-2024 Advanced Micro Devices, Inc. All Rights Reserved.
---------------------------------------------------------------------------------------------------------------------------------------------
| Tool Version : Vivado v.2024.1 (lin64) Build 5076996 Wed May 22 18:36:09 MDT 2024
| Date         : Wed Nov 13 17:06:08 2024
| Host         : eecs-digital-08 running 64-bit Ubuntu 24.04.1 LTS
| Command      : report_utilization -file obj/post_synth_util.rpt -hierarchical -hierarchical_depth 4
| Design       : top_level
| Device       : xc7s50csga324-1
| Speed File   : -1
| Design State : Synthesized
---------------------------------------------------------------------------------------------------------------------------------------------

Utilization Design Information

Table of Contents
-----------------
1. Utilization by Hierarchy

1. Utilization by Hierarchy
---------------------------

+----------------------------------------------+---------------------------------------+------------+------------+---------+------+-----+--------+--------+------------+
|                   Instance                   |                 Module                | Total LUTs | Logic LUTs | LUTRAMs | SRLs | FFs | RAMB36 | RAMB18 | DSP Blocks |
+----------------------------------------------+---------------------------------------+------------+------------+---------+------+-----+--------+--------+------------+
| top_level                                    |                                 (top) |        327 |        327 |       0 |    0 | 121 |     24 |      8 |          2 |
|   (top_level)                                |                                 (top) |         25 |         25 |       0 |    0 |  35 |      0 |      0 |          2 |
|   blue_ser                                   |                       tmds_serializer |          0 |          0 |       0 |    0 |   0 |      0 |      0 |          0 |
|   frame_buffer                               |                         blk_mem_gen_0 |        122 |        122 |       0 |    0 |  20 |     24 |      8 |          0 |
|     (frame_buffer)                           |                         blk_mem_gen_0 |          0 |          0 |       0 |    0 |   0 |      0 |      0 |          0 |
|     U0                                       |       blk_mem_gen_0blk_mem_gen_v8_4_8 |        122 |        122 |       0 |    0 |  20 |     24 |      8 |          0 |
|       (U0)                                   |       blk_mem_gen_0blk_mem_gen_v8_4_8 |          0 |          0 |       0 |    0 |   0 |      0 |      0 |          0 |
|       inst_blk_mem_gen                       | blk_mem_gen_0blk_mem_gen_v8_4_8_synth |        122 |        122 |       0 |    0 |  20 |     24 |      8 |          0 |
|         gnbram.gnativebmg.native_blk_mem_gen |          blk_mem_gen_0blk_mem_gen_top |        122 |        122 |       0 |    0 |  20 |     24 |      8 |          0 |
|   green_ser                                  |                     tmds_serializer_0 |          0 |          0 |       0 |    0 |   0 |      0 |      0 |          0 |
|   red_ser                                    |                     tmds_serializer_1 |          1 |          1 |       0 |    0 |   1 |      0 |      0 |          0 |
|   spi_receive                                |                       spi_receive_con |          5 |          5 |       0 |    0 |  13 |      0 |      0 |          0 |
|   tmds_blue                                  |                          tmds_encoder |         58 |         58 |       0 |    0 |  14 |      0 |      0 |          0 |
|   tmds_red                                   |                        tmds_encoder_2 |         71 |         71 |       0 |    0 |  14 |      0 |      0 |          0 |
|   vsg                                        |                         video_sig_gen |         45 |         45 |       0 |    0 |  24 |      0 |      0 |          0 |
|   wizard_hdmi                                |                       cw_hdmi_clk_wiz |          0 |          0 |       0 |    0 |   0 |      0 |      0 |          0 |
|   wizard_migcam                              |                       cw_fast_clk_wiz |          0 |          0 |       0 |    0 |   0 |      0 |      0 |          0 |
+----------------------------------------------+---------------------------------------+------------+------------+---------+------+-----+--------+--------+------------+


