Copyright 1986-2022 Xilinx, Inc. All Rights Reserved. Copyright 2022-2024 Advanced Micro Devices, Inc. All Rights Reserved.
---------------------------------------------------------------------------------------------------------------------------------------------
| Tool Version : Vivado v.2024.1 (lin64) Build 5076996 Wed May 22 18:36:09 MDT 2024
| Date         : Wed Nov 13 17:06:08 2024
| Host         : eecs-digital-08 running 64-bit Ubuntu 24.04.1 LTS
| Command      : report_timing -file obj/post_synth_timing.rpt
| Design       : top_level
| Device       : 7s50-csga324
| Speed File   : -1  PRODUCTION 1.23 2018-06-13
| Design State : Synthesized
---------------------------------------------------------------------------------------------------------------------------------------------

Timing Report

Slack (MET) :             3.493ns  (required time - arrival time)
  Source:                 frame_buffer/U0/inst_blk_mem_gen/gnbram.gnativebmg.native_blk_mem_gen/valid.cstr/ramloop[10].ram.r/prim_noinit.ram/DEVICE_7SERIES.NO_BMM_INFO.TRUE_DP.SIMPLE_PRIM18.ram/CLKBWRCLK
                            (rising edge-triggered cell RAMB18E1 clocked by clk_pixel_cw_hdmi  {rise@0.000ns fall@6.734ns period=13.468ns})
  Destination:            tmds_red/tally_reg[4]/D
                            (rising edge-triggered cell FDRE clocked by clk_pixel_cw_hdmi  {rise@0.000ns fall@6.734ns period=13.468ns})
  Path Group:             clk_pixel_cw_hdmi
  Path Type:              Setup (Max at Slow Process Corner)
  Requirement:            13.468ns  (clk_pixel_cw_hdmi rise@13.468ns - clk_pixel_cw_hdmi rise@0.000ns)
  Data Path Delay:        9.650ns  (logic 2.044ns (21.182%)  route 7.606ns (78.818%))
  Logic Levels:           9  (LUT3=2 LUT5=2 LUT6=5)
  Clock Path Skew:        -0.145ns (DCD - SCD + CPR)
    Destination Clock Delay (DCD):    -2.578ns = ( 10.890 - 13.468 ) 
    Source Clock Delay      (SCD):    -2.892ns
    Clock Pessimism Removal (CPR):    -0.459ns
  Clock Uncertainty:      0.210ns  ((TSJ^2 + DJ^2)^1/2) / 2 + PE
    Total System Jitter     (TSJ):    0.071ns
    Discrete Jitter          (DJ):    0.414ns
    Phase Error              (PE):    0.000ns

    Location             Delay type                Incr(ns)  Path(ns)    Netlist Resource(s)
  -------------------------------------------------------------------    -------------------
                         (clock clk_pixel_cw_hdmi rise edge)
                                                      0.000     0.000 r  
    N15                                               0.000     0.000 r  clk_100mhz (IN)
                         net (fo=0)                   0.000     0.000    wizard_migcam/clk_100mhz
    N15                  IBUF (Prop_ibuf_I_O)         1.440     1.440 r  wizard_migcam/clkin1_ibufg/O
                         net (fo=1, unplaced)         0.584     2.024    wizard_migcam/clk_in1_cw_fast
                         PLLE2_ADV (Prop_plle2_adv_CLKIN1_CLKOUT0)
                                                     -6.612    -4.587 r  wizard_migcam/plle2_adv_inst/CLKOUT0
                         net (fo=1, unplaced)         0.800    -3.788    wizard_migcam/clk_100_cw_fast
                         BUFG (Prop_bufg_I_O)         0.096    -3.692 r  wizard_migcam/clkout1_buf/O
                         net (fo=86, unplaced)        0.584    -3.108    wizard_hdmi/clk_100
                         MMCME2_ADV (Prop_mmcme2_adv_CLKIN1_CLKOUT0)
                                                     -1.480    -4.587 r  wizard_hdmi/mmcm_adv_inst/CLKOUT0
                         net (fo=1, unplaced)         0.800    -3.788    wizard_hdmi/clk_pixel_cw_hdmi
                         BUFG (Prop_bufg_I_O)         0.096    -3.692 r  wizard_hdmi/clkout1_buf/O
                         net (fo=109, unplaced)       0.800    -2.892    frame_buffer/U0/inst_blk_mem_gen/gnbram.gnativebmg.native_blk_mem_gen/valid.cstr/ramloop[10].ram.r/prim_noinit.ram/clkb
                         RAMB18E1                                     r  frame_buffer/U0/inst_blk_mem_gen/gnbram.gnativebmg.native_blk_mem_gen/valid.cstr/ramloop[10].ram.r/prim_noinit.ram/DEVICE_7SERIES.NO_BMM_INFO.TRUE_DP.SIMPLE_PRIM18.ram/CLKBWRCLK
  -------------------------------------------------------------------    -------------------
                         RAMB18E1 (Prop_ramb18e1_CLKBWRCLK_DOBDO[0])
                                                      0.882    -2.010 r  frame_buffer/U0/inst_blk_mem_gen/gnbram.gnativebmg.native_blk_mem_gen/valid.cstr/ramloop[10].ram.r/prim_noinit.ram/DEVICE_7SERIES.NO_BMM_INFO.TRUE_DP.SIMPLE_PRIM18.ram/DOBDO[0]
                         net (fo=1, unplaced)         0.800    -1.210    frame_buffer/U0/inst_blk_mem_gen/gnbram.gnativebmg.native_blk_mem_gen/valid.cstr/has_mux_b.B/doutb[3]_1[0]
                         LUT6 (Prop_lut6_I5_O)        0.124    -1.086 r  frame_buffer/U0/inst_blk_mem_gen/gnbram.gnativebmg.native_blk_mem_gen/valid.cstr/has_mux_b.B/doutb[3]_INST_0_i_1/O
                         net (fo=1, unplaced)         0.449    -0.637    frame_buffer/U0/inst_blk_mem_gen/gnbram.gnativebmg.native_blk_mem_gen/valid.cstr/has_mux_b.B/doutb[3]_INST_0_i_1_n_0
                         LUT3 (Prop_lut3_I0_O)        0.118    -0.519 r  frame_buffer/U0/inst_blk_mem_gen/gnbram.gnativebmg.native_blk_mem_gen/valid.cstr/has_mux_b.B/doutb[3]_INST_0/O
                         net (fo=20, unplaced)        0.962     0.443    tmds_red/doutb[3]
                         LUT3 (Prop_lut3_I0_O)        0.150     0.593 r  tmds_red/tmds_out[9]_i_3/O
                         net (fo=3, unplaced)         1.129     1.722    tmds_red/tmds_out[9]_i_3_n_0
                         LUT6 (Prop_lut6_I0_O)        0.124     1.846 r  tmds_red/tmds_out[9]_i_2/O
                         net (fo=66, unplaced)        0.508     2.354    tmds_red/tmds_out[9]_i_6_0
                         LUT5 (Prop_lut5_I1_O)        0.124     2.478 r  tmds_red/tally[4]_i_39/O
                         net (fo=20, unplaced)        0.962     3.440    tmds_blue/tally[4]_i_6__0_3
                         LUT5 (Prop_lut5_I2_O)        0.150     3.590 r  tmds_blue/tally[4]_i_32/O
                         net (fo=5, unplaced)         0.930     4.520    tmds_red/tally[3]_i_2__0_1
                         LUT6 (Prop_lut6_I0_O)        0.124     4.644 r  tmds_red/tally[4]_i_9__0/O
                         net (fo=1, unplaced)         0.964     5.608    tmds_red/tally[4]_i_9__0_n_0
                         LUT6 (Prop_lut6_I0_O)        0.124     5.732 r  tmds_red/tally[4]_i_3/O
                         net (fo=1, unplaced)         0.902     6.634    tmds_red/tally[4]_i_3_n_0
                         LUT6 (Prop_lut6_I0_O)        0.124     6.758 r  tmds_red/tally[4]_i_2/O
                         net (fo=1, unplaced)         0.000     6.758    tmds_red/p_1_in[4]
                         FDRE                                         r  tmds_red/tally_reg[4]/D
  -------------------------------------------------------------------    -------------------

                         (clock clk_pixel_cw_hdmi rise edge)
                                                     13.468    13.468 r  
    N15                                               0.000    13.468 r  clk_100mhz (IN)
                         net (fo=0)                   0.000    13.468    wizard_migcam/clk_100mhz
    N15                  IBUF (Prop_ibuf_I_O)         1.370    14.838 r  wizard_migcam/clkin1_ibufg/O
                         net (fo=1, unplaced)         0.439    15.277    wizard_migcam/clk_in1_cw_fast
                         PLLE2_ADV (Prop_plle2_adv_CLKIN1_CLKOUT0)
                                                     -5.893     9.384 r  wizard_migcam/plle2_adv_inst/CLKOUT0
                         net (fo=1, unplaced)         0.760    10.144    wizard_migcam/clk_100_cw_fast
                         BUFG (Prop_bufg_I_O)         0.091    10.235 r  wizard_migcam/clkout1_buf/O
                         net (fo=86, unplaced)        0.439    10.674    wizard_hdmi/clk_100
                         MMCME2_ADV (Prop_mmcme2_adv_CLKIN1_CLKOUT0)
                                                     -1.290     9.384 r  wizard_hdmi/mmcm_adv_inst/CLKOUT0
                         net (fo=1, unplaced)         0.760    10.144    wizard_hdmi/clk_pixel_cw_hdmi
                         BUFG (Prop_bufg_I_O)         0.091    10.235 r  wizard_hdmi/clkout1_buf/O
                         net (fo=109, unplaced)       0.655    10.890    tmds_red/clk_pixel
                         FDRE                                         r  tmds_red/tally_reg[4]/C
                         clock pessimism             -0.459    10.431    
                         clock uncertainty           -0.210    10.221    
                         FDRE (Setup_fdre_C_D)        0.029    10.250    tmds_red/tally_reg[4]
  -------------------------------------------------------------------
                         required time                         10.250    
                         arrival time                          -6.758    
  -------------------------------------------------------------------
                         slack                                  3.493    




