Copyright 1986-2022 Xilinx, Inc. All Rights Reserved. Copyright 2022-2024 Advanced Micro Devices, Inc. All Rights Reserved.
---------------------------------------------------------------------------------------------------------------------------------------------
| Tool Version : Vivado v.2024.1 (lin64) Build 5076996 Wed May 22 18:36:09 MDT 2024
| Date         : Sun Dec  1 18:33:35 2024
| Host         : eecs-digital-30 running 64-bit Ubuntu 24.04.1 LTS
| Command      : report_timing -file obj/post_place_timing.rpt
| Design       : top_level
| Device       : 7s50-csga324
| Speed File   : -1  PRODUCTION 1.23 2018-06-13
| Design State : Fully Placed
---------------------------------------------------------------------------------------------------------------------------------------------

Timing Report

Slack (MET) :             6.548ns  (required time - arrival time)
  Source:                 mssc/segment_counter_reg[2]/C
                            (rising edge-triggered cell FDRE clocked by gclk  {rise@0.000ns fall@4.000ns period=10.000ns})
  Destination:            mssc/segment_counter_reg[4]/R
                            (rising edge-triggered cell FDRE clocked by gclk  {rise@0.000ns fall@4.000ns period=10.000ns})
  Path Group:             gclk
  Path Type:              Setup (Max at Slow Process Corner)
  Requirement:            10.000ns  (gclk rise@10.000ns - gclk rise@0.000ns)
  Data Path Delay:        2.869ns  (logic 0.766ns (26.699%)  route 2.103ns (73.301%))
  Logic Levels:           2  (LUT3=1 LUT5=1)
  Clock Path Skew:        -0.024ns (DCD - SCD + CPR)
    Destination Clock Delay (DCD):    4.833ns = ( 14.833 - 10.000 ) 
    Source Clock Delay      (SCD):    5.124ns
    Clock Pessimism Removal (CPR):    0.268ns
  Clock Uncertainty:      0.035ns  ((TSJ^2 + TIJ^2)^1/2 + DJ) / 2 + PE
    Total System Jitter     (TSJ):    0.071ns
    Total Input Jitter      (TIJ):    0.000ns
    Discrete Jitter          (DJ):    0.000ns
    Phase Error              (PE):    0.000ns

    Location             Delay type                Incr(ns)  Path(ns)    Netlist Resource(s)
  -------------------------------------------------------------------    -------------------
                         (clock gclk rise edge)       0.000     0.000 r  
    N15                                               0.000     0.000 r  clk_100mhz (IN)
                         net (fo=0)                   0.000     0.000    clk_100mhz
    N15                  IBUF (Prop_ibuf_I_O)         1.440     1.440 r  clk_100mhz_IBUF_inst/O
                         net (fo=1, estimated)        1.972     3.412    clk_100mhz_IBUF
    BUFGCTRL_X0Y0        BUFG (Prop_bufg_I_O)         0.096     3.508 r  clk_100mhz_IBUF_BUFG_inst/O
                         net (fo=46, estimated)       1.616     5.124    mssc/clk_100mhz_IBUF_BUFG
    SLICE_X64Y65         FDRE                                         r  mssc/segment_counter_reg[2]/C
  -------------------------------------------------------------------    -------------------
    SLICE_X64Y65         FDRE (Prop_fdre_C_Q)         0.518     5.642 f  mssc/segment_counter_reg[2]/Q
                         net (fo=3, estimated)        0.594     6.236    mssc/segment_counter_reg[2]
    SLICE_X65Y66         LUT3 (Prop_lut3_I0_O)        0.124     6.360 f  mssc/segment_counter[0]_i_3/O
                         net (fo=1, estimated)        0.831     7.191    mssc/segment_counter[0]_i_3_n_0
    SLICE_X65Y66         LUT5 (Prop_lut5_I1_O)        0.124     7.315 r  mssc/segment_counter[0]_i_1/O
                         net (fo=17, estimated)       0.678     7.993    mssc/segment_counter[0]_i_1_n_0
    SLICE_X64Y66         FDRE                                         r  mssc/segment_counter_reg[4]/R
  -------------------------------------------------------------------    -------------------

                         (clock gclk rise edge)      10.000    10.000 r  
    N15                                               0.000    10.000 r  clk_100mhz (IN)
                         net (fo=0)                   0.000    10.000    clk_100mhz
    N15                  IBUF (Prop_ibuf_I_O)         1.370    11.370 r  clk_100mhz_IBUF_inst/O
                         net (fo=1, estimated)        1.873    13.244    clk_100mhz_IBUF
    BUFGCTRL_X0Y0        BUFG (Prop_bufg_I_O)         0.091    13.335 r  clk_100mhz_IBUF_BUFG_inst/O
                         net (fo=46, estimated)       1.498    14.833    mssc/clk_100mhz_IBUF_BUFG
    SLICE_X64Y66         FDRE                                         r  mssc/segment_counter_reg[4]/C
                         clock pessimism              0.268    15.100    
                         clock uncertainty           -0.035    15.065    
    SLICE_X64Y66         FDRE (Setup_fdre_C_R)       -0.524    14.541    mssc/segment_counter_reg[4]
  -------------------------------------------------------------------
                         required time                         14.541    
                         arrival time                          -7.993    
  -------------------------------------------------------------------
                         slack                                  6.548    




