Copyright 1986-2022 Xilinx, Inc. All Rights Reserved. Copyright 2022-2024 Advanced Micro Devices, Inc. All Rights Reserved.
---------------------------------------------------------------------------------------------------------------------------------------------
| Tool Version : Vivado v.2024.1 (lin64) Build 5076996 Wed May 22 18:36:09 MDT 2024
| Date         : Tue Dec 10 16:25:51 2024
| Host         : eecs-digital-18 running 64-bit Ubuntu 24.04.1 LTS
| Command      : report_timing -file obj/post_place_timing.rpt
| Design       : top_level
| Device       : 7s50-csga324
| Speed File   : -1  PRODUCTION 1.23 2018-06-13
| Design State : Fully Placed
---------------------------------------------------------------------------------------------------------------------------------------------

Timing Report

Slack (MET) :             0.527ns  (required time - arrival time)
  Source:                 crw/sccb_c/FSM_onehot_state_reg_reg[2]/C
                            (rising edge-triggered cell FDRE clocked by clk_camera_cw_fast  {rise@0.000ns fall@2.500ns period=5.000ns})
  Destination:            crw/sccb_c/FSM_sequential_phy_state_reg_reg[1]/D
                            (rising edge-triggered cell FDRE clocked by clk_camera_cw_fast  {rise@0.000ns fall@2.500ns period=5.000ns})
  Path Group:             clk_camera_cw_fast
  Path Type:              Setup (Max at Slow Process Corner)
  Requirement:            5.000ns  (clk_camera_cw_fast rise@5.000ns - clk_camera_cw_fast rise@0.000ns)
  Data Path Delay:        4.313ns  (logic 1.186ns (27.498%)  route 3.127ns (72.502%))
  Logic Levels:           4  (LUT2=1 LUT5=1 LUT6=2)
  Clock Path Skew:        -0.035ns (DCD - SCD + CPR)
    Destination Clock Delay (DCD):    -2.067ns = ( 2.933 - 5.000 ) 
    Source Clock Delay      (SCD):    -2.467ns
    Clock Pessimism Removal (CPR):    -0.434ns
  Clock Uncertainty:      0.067ns  ((TSJ^2 + DJ^2)^1/2) / 2 + PE
    Total System Jitter     (TSJ):    0.071ns
    Discrete Jitter          (DJ):    0.113ns
    Phase Error              (PE):    0.000ns

    Location             Delay type                Incr(ns)  Path(ns)    Netlist Resource(s)
  -------------------------------------------------------------------    -------------------
                         (clock clk_camera_cw_fast rise edge)
                                                      0.000     0.000 r  
    N15                                               0.000     0.000 r  clk_100mhz (IN)
                         net (fo=0)                   0.000     0.000    wizard_migcam/clk_100mhz
    N15                  IBUF (Prop_ibuf_I_O)         1.440     1.440 r  wizard_migcam/clkin1_ibufg/O
                         net (fo=1, estimated)        1.253     2.693    wizard_migcam/clk_in1_cw_fast
    PLLE2_ADV_X0Y0       PLLE2_ADV (Prop_plle2_adv_CLKIN1_CLKOUT2)
                                                     -8.525    -5.832 r  wizard_migcam/plle2_adv_inst/CLKOUT2
                         net (fo=1, estimated)        1.660    -4.172    wizard_migcam/clk_camera_cw_fast
    BUFGCTRL_X0Y4        BUFG (Prop_bufg_I_O)         0.096    -4.076 r  wizard_migcam/clkout3_buf/O
                         net (fo=204, estimated)      1.609    -2.467    crw/sccb_c/clk_camera
    SLICE_X4Y80          FDRE                                         r  crw/sccb_c/FSM_onehot_state_reg_reg[2]/C
  -------------------------------------------------------------------    -------------------
    SLICE_X4Y80          FDRE (Prop_fdre_C_Q)         0.456    -2.011 f  crw/sccb_c/FSM_onehot_state_reg_reg[2]/Q
                         net (fo=14, estimated)       0.773    -1.238    crw/sccb_c/FSM_onehot_state_reg_reg_n_0_[2]
    SLICE_X5Y77          LUT2 (Prop_lut2_I1_O)        0.150    -1.088 r  crw/sccb_c/FSM_sequential_phy_state_reg[3]_i_9/O
                         net (fo=2, estimated)        0.591    -0.497    crw/sccb_c/FSM_sequential_phy_state_reg[3]_i_9_n_0
    SLICE_X4Y78          LUT6 (Prop_lut6_I3_O)        0.332    -0.165 f  crw/sccb_c/FSM_sequential_phy_state_reg[3]_i_4/O
                         net (fo=3, estimated)        0.318     0.153    crw/sccb_c/FSM_sequential_phy_state_reg[3]_i_4_n_0
    SLICE_X4Y79          LUT6 (Prop_lut6_I5_O)        0.124     0.277 r  crw/sccb_c/FSM_sequential_phy_state_reg[1]_i_2/O
                         net (fo=1, estimated)        0.802     1.079    crw/sccb_c/FSM_sequential_phy_state_reg[1]_i_2_n_0
    SLICE_X3Y79          LUT5 (Prop_lut5_I0_O)        0.124     1.203 r  crw/sccb_c/FSM_sequential_phy_state_reg[1]_i_1/O
                         net (fo=1, estimated)        0.643     1.846    crw/sccb_c/FSM_sequential_phy_state_reg[1]_i_1_n_0
    SLICE_X2Y79          FDRE                                         r  crw/sccb_c/FSM_sequential_phy_state_reg_reg[1]/D
  -------------------------------------------------------------------    -------------------

                         (clock clk_camera_cw_fast rise edge)
                                                      5.000     5.000 r  
    N15                                               0.000     5.000 r  clk_100mhz (IN)
                         net (fo=0)                   0.000     5.000    wizard_migcam/clk_100mhz
    N15                  IBUF (Prop_ibuf_I_O)         1.370     6.370 r  wizard_migcam/clkin1_ibufg/O
                         net (fo=1, estimated)        1.190     7.561    wizard_migcam/clk_in1_cw_fast
    PLLE2_ADV_X0Y0       PLLE2_ADV (Prop_plle2_adv_CLKIN1_CLKOUT2)
                                                     -7.790    -0.229 r  wizard_migcam/plle2_adv_inst/CLKOUT2
                         net (fo=1, estimated)        1.577     1.348    wizard_migcam/clk_camera_cw_fast
    BUFGCTRL_X0Y4        BUFG (Prop_bufg_I_O)         0.091     1.439 r  wizard_migcam/clkout3_buf/O
                         net (fo=204, estimated)      1.494     2.933    crw/sccb_c/clk_camera
    SLICE_X2Y79          FDRE                                         r  crw/sccb_c/FSM_sequential_phy_state_reg_reg[1]/C
                         clock pessimism             -0.434     2.498    
                         clock uncertainty           -0.067     2.432    
    SLICE_X2Y79          FDRE (Setup_fdre_C_D)       -0.058     2.374    crw/sccb_c/FSM_sequential_phy_state_reg_reg[1]
  -------------------------------------------------------------------
                         required time                          2.374    
                         arrival time                          -1.846    
  -------------------------------------------------------------------
                         slack                                  0.527    




