Copyright 1986-2022 Xilinx, Inc. All Rights Reserved. Copyright 2022-2024 Advanced Micro Devices, Inc. All Rights Reserved.
---------------------------------------------------------------------------------------------------------------------------------------------
| Tool Version : Vivado v.2024.1 (lin64) Build 5076996 Wed May 22 18:36:09 MDT 2024
| Date         : Tue Dec 10 16:25:41 2024
| Host         : eecs-digital-18 running 64-bit Ubuntu 24.04.1 LTS
| Command      : report_timing_summary -file obj/post_synth_timing_summary.rpt
| Design       : top_level
| Device       : 7s50-csga324
| Speed File   : -1  PRODUCTION 1.23 2018-06-13
| Design State : Synthesized
---------------------------------------------------------------------------------------------------------------------------------------------

Timing Summary Report

------------------------------------------------------------------------------------------------
| Timer Settings
| --------------
------------------------------------------------------------------------------------------------

  Enable Multi Corner Analysis               :  Yes
  Enable Pessimism Removal                   :  Yes
  Pessimism Removal Resolution               :  Nearest Common Node
  Enable Input Delay Default Clock           :  No
  Enable Preset / Clear Arcs                 :  No
  Disable Flight Delays                      :  No
  Ignore I/O Paths                           :  No
  Timing Early Launch at Borrowing Latches   :  No
  Borrow Time for Max Delay Exceptions       :  Yes
  Merge Timing Exceptions                    :  Yes
  Inter-SLR Compensation                     :  Conservative

  Corner  Analyze    Analyze    
  Name    Max Paths  Min Paths  
  ------  ---------  ---------  
  Slow    Yes        Yes        
  Fast    Yes        Yes        


------------------------------------------------------------------------------------------------
| Report Methodology
| ------------------
------------------------------------------------------------------------------------------------

No report available as report_methodology has not been run prior. Run report_methodology on the current design for the summary of methodology violations.



check_timing report

Table of Contents
-----------------
1. checking no_clock (0)
2. checking constant_clock (0)
3. checking pulse_width_clock (0)
4. checking unconstrained_internal_endpoints (0)
5. checking no_input_delay (22)
6. checking no_output_delay (7)
7. checking multiple_clock (0)
8. checking generated_clocks (0)
9. checking loops (0)
10. checking partial_input_delay (0)
11. checking partial_output_delay (0)
12. checking latch_loops (0)

1. checking no_clock (0)
------------------------
 There are 0 register/latch pins with no clock.


2. checking constant_clock (0)
------------------------------
 There are 0 register/latch pins with constant_clock.


3. checking pulse_width_clock (0)
---------------------------------
 There are 0 register/latch pins which need pulse_width check


4. checking unconstrained_internal_endpoints (0)
------------------------------------------------
 There are 0 pins that are not constrained for maximum delay.

 There are 0 pins that are not constrained for maximum delay due to constant clock.


5. checking no_input_delay (22)
-------------------------------
 There are 22 input ports with no input delay specified. (HIGH)

 There are 0 input ports with no input delay but user has a false path constraint.


6. checking no_output_delay (7)
-------------------------------
 There are 7 ports with no output delay specified. (HIGH)

 There are 0 ports with no output delay but user has a false path constraint

 There are 0 ports with no output delay but with a timing clock defined on it or propagating through it


7. checking multiple_clock (0)
------------------------------
 There are 0 register/latch pins with multiple clocks.


8. checking generated_clocks (0)
--------------------------------
 There are 0 generated clocks that are not connected to a clock source.


9. checking loops (0)
---------------------
 There are 0 combinational loops in the design.


10. checking partial_input_delay (0)
------------------------------------
 There are 0 input ports with partial input delay specified.


11. checking partial_output_delay (0)
-------------------------------------
 There are 0 ports with partial output delay specified.


12. checking latch_loops (0)
----------------------------
 There are 0 combinational latch loops in the design through latch input



------------------------------------------------------------------------------------------------
| Design Timing Summary
| ---------------------
------------------------------------------------------------------------------------------------

    WNS(ns)      TNS(ns)  TNS Failing Endpoints  TNS Total Endpoints      WHS(ns)      THS(ns)  THS Failing Endpoints  THS Total Endpoints     WPWS(ns)     TPWS(ns)  TPWS Failing Endpoints  TPWS Total Endpoints  
    -------      -------  ---------------------  -------------------      -------      -------  ---------------------  -------------------     --------     --------  ----------------------  --------------------  
      0.061        0.000                      0                 3740        0.003        0.000                      0                 3740        0.538        0.000                       0                  1214  


All user specified timing constraints are met.


------------------------------------------------------------------------------------------------
| Clock Summary
| -------------
------------------------------------------------------------------------------------------------

Clock                      Waveform(ns)         Period(ns)      Frequency(MHz)
-----                      ------------         ----------      --------------
gclk                       {0.000 4.000}        10.000          100.000         
  clk_100_cw_fast          {0.000 5.000}        10.000          100.000         
    clk_out1_clk_wiz_half  {0.000 10.000}       20.000          50.000          
    clk_pixel_cw_hdmi      {0.000 6.734}        13.468          74.250          
    clk_tmds_cw_hdmi       {0.000 1.347}        2.694           371.250         
    clkfbout_clk_wiz_half  {0.000 5.000}        10.000          100.000         
    clkfbout_cw_hdmi       {0.000 25.000}       50.000          20.000          
  clk_camera_cw_fast       {0.000 2.500}        5.000           200.000         
  clk_mig_cw_fast          {0.000 2.500}        5.000           200.000         
  clk_xc_cw_fast           {0.000 20.000}       40.000          25.000          
  clkfbout_cw_fast         {0.000 5.000}        10.000          100.000         


------------------------------------------------------------------------------------------------
| Intra Clock Table
| -----------------
------------------------------------------------------------------------------------------------

Clock                          WNS(ns)      TNS(ns)  TNS Failing Endpoints  TNS Total Endpoints      WHS(ns)      THS(ns)  THS Failing Endpoints  THS Total Endpoints     WPWS(ns)     TPWS(ns)  TPWS Failing Endpoints  TPWS Total Endpoints  
-----                          -------      -------  ---------------------  -------------------      -------      -------  ---------------------  -------------------     --------     --------  ----------------------  --------------------  
gclk                                                                                                                                                                         2.000        0.000                       0                     1  
  clk_100_cw_fast                3.307        0.000                      0                  398        0.091        0.000                      0                  398        3.000        0.000                       0                    74  
    clk_out1_clk_wiz_half        6.066        0.000                      0                 2215        0.085        0.000                      0                 2215        9.020        0.000                       0                   781  
    clk_pixel_cw_hdmi            5.224        0.000                      0                  409        0.003        0.000                      0                  409        5.754        0.000                       0                   123  
    clk_tmds_cw_hdmi                                                                                                                                                         0.538        0.000                       0                     8  
    clkfbout_clk_wiz_half                                                                                                                                                    7.845        0.000                       0                     3  
    clkfbout_cw_hdmi                                                                                                                                                        47.845        0.000                       0                     3  
  clk_camera_cw_fast             0.061        0.000                      0                  718        0.091        0.000                      0                  718        2.000        0.000                       0                   214  
  clk_mig_cw_fast                                                                                                                                                            2.845        0.000                       0                     2  
  clk_xc_cw_fast                                                                                                                                                            37.845        0.000                       0                     2  
  clkfbout_cw_fast                                                                                                                                                           7.845        0.000                       0                     3  


------------------------------------------------------------------------------------------------
| Inter Clock Table
| -----------------
------------------------------------------------------------------------------------------------

From Clock    To Clock          WNS(ns)      TNS(ns)  TNS Failing Endpoints  TNS Total Endpoints      WHS(ns)      THS(ns)  THS Failing Endpoints  THS Total Endpoints  
----------    --------          -------      -------  ---------------------  -------------------      -------      -------  ---------------------  -------------------  


------------------------------------------------------------------------------------------------
| Other Path Groups Table
| -----------------------
------------------------------------------------------------------------------------------------

Path Group    From Clock    To Clock          WNS(ns)      TNS(ns)  TNS Failing Endpoints  TNS Total Endpoints      WHS(ns)      THS(ns)  THS Failing Endpoints  THS Total Endpoints  
----------    ----------    --------          -------      -------  ---------------------  -------------------      -------      -------  ---------------------  -------------------  


------------------------------------------------------------------------------------------------
| Timing Details
| --------------
------------------------------------------------------------------------------------------------


---------------------------------------------------------------------------------------------------
From Clock:  gclk
  To Clock:  gclk

Setup :           NA  Failing Endpoints,  Worst Slack           NA  ,  Total Violation           NA
Hold  :           NA  Failing Endpoints,  Worst Slack           NA  ,  Total Violation           NA
PW    :            0  Failing Endpoints,  Worst Slack        2.000ns,  Total Violation        0.000ns
---------------------------------------------------------------------------------------------------


Pulse Width Checks
--------------------------------------------------------------------------------------
Clock Name:         gclk
Waveform(ns):       { 0.000 4.000 }
Period(ns):         10.000
Sources:            { clk_100mhz }

Check Type        Corner  Lib Pin           Reference Pin  Required(ns)  Actual(ns)  Slack(ns)  Location  Pin
Min Period        n/a     PLLE2_ADV/CLKIN1  n/a            1.249         10.000      8.751                wizard_migcam/plle2_adv_inst/CLKIN1
Max Period        n/a     PLLE2_ADV/CLKIN1  n/a            52.633        10.000      42.633               wizard_migcam/plle2_adv_inst/CLKIN1
Low Pulse Width   Slow    PLLE2_ADV/CLKIN1  n/a            2.000         6.000       4.000                wizard_migcam/plle2_adv_inst/CLKIN1
High Pulse Width  Slow    PLLE2_ADV/CLKIN1  n/a            2.000         4.000       2.000                wizard_migcam/plle2_adv_inst/CLKIN1



---------------------------------------------------------------------------------------------------
From Clock:  clk_100_cw_fast
  To Clock:  clk_100_cw_fast

Setup :            0  Failing Endpoints,  Worst Slack        3.307ns,  Total Violation        0.000ns
Hold  :            0  Failing Endpoints,  Worst Slack        0.091ns,  Total Violation        0.000ns
PW    :            0  Failing Endpoints,  Worst Slack        3.000ns,  Total Violation        0.000ns
---------------------------------------------------------------------------------------------------


Max Delay Paths
--------------------------------------------------------------------------------------
Slack (MET) :             3.307ns  (required time - arrival time)
  Source:                 spi_address/vcounter/count_out_reg[1]/C
                            (rising edge-triggered cell FDRE clocked by clk_100_cw_fast  {rise@0.000ns fall@5.000ns period=10.000ns})
  Destination:            frame_buffer_spi/U0/inst_blk_mem_gen/gnbram.gnativebmg.native_blk_mem_gen/valid.cstr/ramloop[14].ram.r/prim_noinit.ram/DEVICE_7SERIES.NO_BMM_INFO.TRUE_DP.SIMPLE_PRIM18.ram/ENARDEN
                            (rising edge-triggered cell RAMB18E1 clocked by clk_100_cw_fast  {rise@0.000ns fall@5.000ns period=10.000ns})
  Path Group:             clk_100_cw_fast
  Path Type:              Setup (Max at Slow Process Corner)
  Requirement:            10.000ns  (clk_100_cw_fast rise@10.000ns - clk_100_cw_fast rise@0.000ns)
  Data Path Delay:        6.032ns  (logic 2.655ns (44.017%)  route 3.377ns (55.983%))
  Logic Levels:           4  (CARRY4=3 LUT6=1)
  Clock Path Skew:        -0.145ns (DCD - SCD + CPR)
    Destination Clock Delay (DCD):    -2.794ns = ( 7.206 - 10.000 ) 
    Source Clock Delay      (SCD):    -3.108ns
    Clock Pessimism Removal (CPR):    -0.459ns
  Clock Uncertainty:      0.074ns  ((TSJ^2 + DJ^2)^1/2) / 2 + PE
    Total System Jitter     (TSJ):    0.071ns
    Discrete Jitter          (DJ):    0.129ns
    Phase Error              (PE):    0.000ns

    Location             Delay type                Incr(ns)  Path(ns)    Netlist Resource(s)
  -------------------------------------------------------------------    -------------------
                         (clock clk_100_cw_fast rise edge)
                                                      0.000     0.000 r  
    N15                                               0.000     0.000 r  clk_100mhz (IN)
                         net (fo=0)                   0.000     0.000    wizard_migcam/clk_100mhz
    N15                  IBUF (Prop_ibuf_I_O)         1.440     1.440 r  wizard_migcam/clkin1_ibufg/O
                         net (fo=1, unplaced)         0.584     2.024    wizard_migcam/clk_in1_cw_fast
                         PLLE2_ADV (Prop_plle2_adv_CLKIN1_CLKOUT0)
                                                     -6.612    -4.587 r  wizard_migcam/plle2_adv_inst/CLKOUT0
                         net (fo=1, unplaced)         0.800    -3.788    wizard_migcam/clk_100_cw_fast
                         BUFG (Prop_bufg_I_O)         0.096    -3.692 r  wizard_migcam/clkout1_buf/O
                         net (fo=72, unplaced)        0.584    -3.108    spi_address/vcounter/clk_100
                         FDRE                                         r  spi_address/vcounter/count_out_reg[1]/C
  -------------------------------------------------------------------    -------------------
                         FDRE (Prop_fdre_C_Q)         0.456    -2.652 r  spi_address/vcounter/count_out_reg[1]/Q
                         net (fo=8, unplaced)         0.704    -1.948    spi_address/vcounter/S[0]
                         CARRY4 (Prop_carry4_S[0]_O[2])
                                                      0.842    -1.106 r  spi_address/vcounter/frame_buffer_spi_i_7/O[2]
                         net (fo=1, unplaced)         0.813    -0.293    spi_address/hcounter/O[2]
                         CARRY4 (Prop_carry4_S[3]_CO[3])
                                                      0.703     0.410 r  spi_address/hcounter/frame_buffer_spi_i_4/CO[3]
                         net (fo=1, unplaced)         0.009     0.419    spi_address/vcounter/CO[0]
                         CARRY4 (Prop_carry4_CI_O[1])
                                                      0.348     0.767 f  spi_address/vcounter/frame_buffer_spi_i_3/O[1]
                         net (fo=16, unplaced)        1.051     1.818    frame_buffer_spi/U0/inst_blk_mem_gen/gnbram.gnativebmg.native_blk_mem_gen/valid.cstr/bindec_a.bindec_inst_a/addra[0]
                         LUT6 (Prop_lut6_I0_O)        0.306     2.124 r  frame_buffer_spi/U0/inst_blk_mem_gen/gnbram.gnativebmg.native_blk_mem_gen/valid.cstr/bindec_a.bindec_inst_a/DEVICE_7SERIES.NO_BMM_INFO.TRUE_DP.SIMPLE_PRIM18.ram_i_1/O
                         net (fo=1, unplaced)         0.800     2.924    frame_buffer_spi/U0/inst_blk_mem_gen/gnbram.gnativebmg.native_blk_mem_gen/valid.cstr/ramloop[14].ram.r/prim_noinit.ram/ena_array[0]
                         RAMB18E1                                     r  frame_buffer_spi/U0/inst_blk_mem_gen/gnbram.gnativebmg.native_blk_mem_gen/valid.cstr/ramloop[14].ram.r/prim_noinit.ram/DEVICE_7SERIES.NO_BMM_INFO.TRUE_DP.SIMPLE_PRIM18.ram/ENARDEN
  -------------------------------------------------------------------    -------------------

                         (clock clk_100_cw_fast rise edge)
                                                     10.000    10.000 r  
    N15                                               0.000    10.000 r  clk_100mhz (IN)
                         net (fo=0)                   0.000    10.000    wizard_migcam/clk_100mhz
    N15                  IBUF (Prop_ibuf_I_O)         1.370    11.370 r  wizard_migcam/clkin1_ibufg/O
                         net (fo=1, unplaced)         0.439    11.809    wizard_migcam/clk_in1_cw_fast
                         PLLE2_ADV (Prop_plle2_adv_CLKIN1_CLKOUT0)
                                                     -5.893     5.916 r  wizard_migcam/plle2_adv_inst/CLKOUT0
                         net (fo=1, unplaced)         0.760     6.676    wizard_migcam/clk_100_cw_fast
                         BUFG (Prop_bufg_I_O)         0.091     6.767 r  wizard_migcam/clkout1_buf/O
                         net (fo=72, unplaced)        0.439     7.206    frame_buffer_spi/U0/inst_blk_mem_gen/gnbram.gnativebmg.native_blk_mem_gen/valid.cstr/ramloop[14].ram.r/prim_noinit.ram/clka
                         RAMB18E1                                     r  frame_buffer_spi/U0/inst_blk_mem_gen/gnbram.gnativebmg.native_blk_mem_gen/valid.cstr/ramloop[14].ram.r/prim_noinit.ram/DEVICE_7SERIES.NO_BMM_INFO.TRUE_DP.SIMPLE_PRIM18.ram/CLKARDCLK
                         clock pessimism             -0.459     6.747    
                         clock uncertainty           -0.074     6.674    
                         RAMB18E1 (Setup_ramb18e1_CLKARDCLK_ENARDEN)
                                                     -0.443     6.231    frame_buffer_spi/U0/inst_blk_mem_gen/gnbram.gnativebmg.native_blk_mem_gen/valid.cstr/ramloop[14].ram.r/prim_noinit.ram/DEVICE_7SERIES.NO_BMM_INFO.TRUE_DP.SIMPLE_PRIM18.ram
  -------------------------------------------------------------------
                         required time                          6.231    
                         arrival time                          -2.924    
  -------------------------------------------------------------------
                         slack                                  3.307    





Min Delay Paths
--------------------------------------------------------------------------------------
Slack (MET) :             0.091ns  (arrival time - required time)
  Source:                 spi_receive/data_out_reg[0]/C
                            (rising edge-triggered cell FDRE clocked by clk_100_cw_fast  {rise@0.000ns fall@5.000ns period=10.000ns})
  Destination:            frame_buffer_spi/U0/inst_blk_mem_gen/gnbram.gnativebmg.native_blk_mem_gen/valid.cstr/ramloop[0].ram.r/prim_noinit.ram/DEVICE_7SERIES.NO_BMM_INFO.TRUE_DP.SIMPLE_PRIM36.ram/DIADI[0]
                            (rising edge-triggered cell RAMB36E1 clocked by clk_100_cw_fast  {rise@0.000ns fall@5.000ns period=10.000ns})
  Path Group:             clk_100_cw_fast
  Path Type:              Hold (Min at Fast Process Corner)
  Requirement:            0.000ns  (clk_100_cw_fast rise@0.000ns - clk_100_cw_fast rise@0.000ns)
  Data Path Delay:        0.478ns  (logic 0.141ns (29.492%)  route 0.337ns (70.508%))
  Logic Levels:           0  
  Clock Path Skew:        0.145ns (DCD - SCD - CPR)
    Destination Clock Delay (DCD):    -0.587ns
    Source Clock Delay      (SCD):    -0.919ns
    Clock Pessimism Removal (CPR):    0.187ns

    Location             Delay type                Incr(ns)  Path(ns)    Netlist Resource(s)
  -------------------------------------------------------------------    -------------------
                         (clock clk_100_cw_fast rise edge)
                                                      0.000     0.000 r  
    N15                                               0.000     0.000 r  clk_100mhz (IN)
                         net (fo=0)                   0.000     0.000    wizard_migcam/clk_100mhz
    N15                  IBUF (Prop_ibuf_I_O)         0.209     0.209 r  wizard_migcam/clkin1_ibufg/O
                         net (fo=1, unplaced)         0.114     0.323    wizard_migcam/clk_in1_cw_fast
                         PLLE2_ADV (Prop_plle2_adv_CLKIN1_CLKOUT0)
                                                     -1.719    -1.397 r  wizard_migcam/plle2_adv_inst/CLKOUT0
                         net (fo=1, unplaced)         0.337    -1.059    wizard_migcam/clk_100_cw_fast
                         BUFG (Prop_bufg_I_O)         0.026    -1.033 r  wizard_migcam/clkout1_buf/O
                         net (fo=72, unplaced)        0.114    -0.919    spi_receive/clk_100
                         FDRE                                         r  spi_receive/data_out_reg[0]/C
  -------------------------------------------------------------------    -------------------
                         FDRE (Prop_fdre_C_Q)         0.141    -0.778 r  spi_receive/data_out_reg[0]/Q
                         net (fo=16, unplaced)        0.337    -0.441    frame_buffer_spi/U0/inst_blk_mem_gen/gnbram.gnativebmg.native_blk_mem_gen/valid.cstr/ramloop[0].ram.r/prim_noinit.ram/dina[0]
                         RAMB36E1                                     r  frame_buffer_spi/U0/inst_blk_mem_gen/gnbram.gnativebmg.native_blk_mem_gen/valid.cstr/ramloop[0].ram.r/prim_noinit.ram/DEVICE_7SERIES.NO_BMM_INFO.TRUE_DP.SIMPLE_PRIM36.ram/DIADI[0]
  -------------------------------------------------------------------    -------------------

                         (clock clk_100_cw_fast rise edge)
                                                      0.000     0.000 r  
    N15                                               0.000     0.000 r  clk_100mhz (IN)
                         net (fo=0)                   0.000     0.000    wizard_migcam/clk_100mhz
    N15                  IBUF (Prop_ibuf_I_O)         0.396     0.396 r  wizard_migcam/clkin1_ibufg/O
                         net (fo=1, unplaced)         0.259     0.655    wizard_migcam/clk_in1_cw_fast
                         PLLE2_ADV (Prop_plle2_adv_CLKIN1_CLKOUT0)
                                                     -1.885    -1.230 r  wizard_migcam/plle2_adv_inst/CLKOUT0
                         net (fo=1, unplaced)         0.355    -0.875    wizard_migcam/clk_100_cw_fast
                         BUFG (Prop_bufg_I_O)         0.029    -0.846 r  wizard_migcam/clkout1_buf/O
                         net (fo=72, unplaced)        0.259    -0.587    frame_buffer_spi/U0/inst_blk_mem_gen/gnbram.gnativebmg.native_blk_mem_gen/valid.cstr/ramloop[0].ram.r/prim_noinit.ram/clka
                         RAMB36E1                                     r  frame_buffer_spi/U0/inst_blk_mem_gen/gnbram.gnativebmg.native_blk_mem_gen/valid.cstr/ramloop[0].ram.r/prim_noinit.ram/DEVICE_7SERIES.NO_BMM_INFO.TRUE_DP.SIMPLE_PRIM36.ram/CLKARDCLK
                         clock pessimism             -0.187    -0.774    
                         RAMB36E1 (Hold_ramb36e1_CLKARDCLK_DIADI[0])
                                                      0.242    -0.532    frame_buffer_spi/U0/inst_blk_mem_gen/gnbram.gnativebmg.native_blk_mem_gen/valid.cstr/ramloop[0].ram.r/prim_noinit.ram/DEVICE_7SERIES.NO_BMM_INFO.TRUE_DP.SIMPLE_PRIM36.ram
  -------------------------------------------------------------------
                         required time                          0.532    
                         arrival time                          -0.441    
  -------------------------------------------------------------------
                         slack                                  0.091    





Pulse Width Checks
--------------------------------------------------------------------------------------
Clock Name:         clk_100_cw_fast
Waveform(ns):       { 0.000 5.000 }
Period(ns):         10.000
Sources:            { wizard_migcam/plle2_adv_inst/CLKOUT0 }

Check Type        Corner  Lib Pin             Reference Pin  Required(ns)  Actual(ns)  Slack(ns)  Location  Pin
Min Period        n/a     RAMB36E1/CLKARDCLK  n/a            2.576         10.000      7.424                frame_buffer_spi/U0/inst_blk_mem_gen/gnbram.gnativebmg.native_blk_mem_gen/valid.cstr/ramloop[0].ram.r/prim_noinit.ram/DEVICE_7SERIES.NO_BMM_INFO.TRUE_DP.SIMPLE_PRIM36.ram/CLKARDCLK
Max Period        n/a     MMCME2_ADV/CLKIN1   n/a            100.000       10.000      90.000               wizard_hdmi/mmcm_adv_inst/CLKIN1
Low Pulse Width   Slow    MMCME2_ADV/CLKIN1   n/a            2.000         5.000       3.000                wizard_hdmi/mmcm_adv_inst/CLKIN1
High Pulse Width  Slow    MMCME2_ADV/CLKIN1   n/a            2.000         5.000       3.000                wizard_hdmi/mmcm_adv_inst/CLKIN1



---------------------------------------------------------------------------------------------------
From Clock:  clk_out1_clk_wiz_half
  To Clock:  clk_out1_clk_wiz_half

Setup :            0  Failing Endpoints,  Worst Slack        6.066ns,  Total Violation        0.000ns
Hold  :            0  Failing Endpoints,  Worst Slack        0.085ns,  Total Violation        0.000ns
PW    :            0  Failing Endpoints,  Worst Slack        9.020ns,  Total Violation        0.000ns
---------------------------------------------------------------------------------------------------


Max Delay Paths
--------------------------------------------------------------------------------------
Slack (MET) :             6.066ns  (required time - arrival time)
  Source:                 sad_module/right_cache_reg[31][1]/C
                            (rising edge-triggered cell FDRE clocked by clk_out1_clk_wiz_half  {rise@0.000ns fall@10.000ns period=20.000ns})
  Destination:            sad_module/smallest_diff_reg[0]/CE
                            (rising edge-triggered cell FDSE clocked by clk_out1_clk_wiz_half  {rise@0.000ns fall@10.000ns period=20.000ns})
  Path Group:             clk_out1_clk_wiz_half
  Path Type:              Setup (Max at Slow Process Corner)
  Requirement:            20.000ns  (clk_out1_clk_wiz_half rise@20.000ns - clk_out1_clk_wiz_half rise@0.000ns)
  Data Path Delay:        13.501ns  (logic 5.641ns (41.782%)  route 7.860ns (58.218%))
  Logic Levels:           17  (CARRY4=6 LUT3=1 LUT4=4 LUT5=2 LUT6=4)
  Clock Path Skew:        -0.145ns (DCD - SCD + CPR)
    Destination Clock Delay (DCD):    -2.794ns = ( 17.206 - 20.000 ) 
    Source Clock Delay      (SCD):    -3.108ns
    Clock Pessimism Removal (CPR):    -0.459ns
  Clock Uncertainty:      0.086ns  ((TSJ^2 + DJ^2)^1/2) / 2 + PE
    Total System Jitter     (TSJ):    0.071ns
    Discrete Jitter          (DJ):    0.157ns
    Phase Error              (PE):    0.000ns

    Location             Delay type                Incr(ns)  Path(ns)    Netlist Resource(s)
  -------------------------------------------------------------------    -------------------
                         (clock clk_out1_clk_wiz_half rise edge)
                                                      0.000     0.000 r  
    N15                                               0.000     0.000 r  clk_100mhz (IN)
                         net (fo=0)                   0.000     0.000    wizard_migcam/clk_100mhz
    N15                  IBUF (Prop_ibuf_I_O)         1.440     1.440 r  wizard_migcam/clkin1_ibufg/O
                         net (fo=1, unplaced)         0.584     2.024    wizard_migcam/clk_in1_cw_fast
                         PLLE2_ADV (Prop_plle2_adv_CLKIN1_CLKOUT0)
                                                     -6.612    -4.587 r  wizard_migcam/plle2_adv_inst/CLKOUT0
                         net (fo=1, unplaced)         0.800    -3.788    wizard_migcam/clk_100_cw_fast
                         BUFG (Prop_bufg_I_O)         0.096    -3.692 r  wizard_migcam/clkout1_buf/O
                         net (fo=72, unplaced)        0.584    -3.108    wizard_sad/clk_100
                         MMCME2_ADV (Prop_mmcme2_adv_CLKIN1_CLKOUT0)
                                                     -1.480    -4.587 r  wizard_sad/mmcm_adv_inst/CLKOUT0
                         net (fo=1, unplaced)         0.800    -3.788    wizard_sad/clk_out1_clk_wiz_half
                         BUFG (Prop_bufg_I_O)         0.096    -3.692 r  wizard_sad/clkout1_buf/O
                         net (fo=779, unplaced)       0.584    -3.108    sad_module/clk_out1
                         FDRE                                         r  sad_module/right_cache_reg[31][1]/C
  -------------------------------------------------------------------    -------------------
                         FDRE (Prop_fdre_C_Q)         0.456    -2.652 f  sad_module/right_cache_reg[31][1]/Q
                         net (fo=5, unplaced)         0.993    -1.659    sad_module/right_cache_reg[31]_35[1]
                         LUT6 (Prop_lut6_I0_O)        0.295    -1.364 f  sad_module/first_diff[3]_i_100/O
                         net (fo=2, unplaced)         0.913    -0.451    sad_module/first_diff[3]_i_100_n_0
                         LUT6 (Prop_lut6_I1_O)        0.124    -0.327 r  sad_module/first_diff[7]_i_80/O
                         net (fo=1, unplaced)         0.449     0.122    sad_module/first_diff[7]_i_80_n_0
                         LUT4 (Prop_lut4_I3_O)        0.124     0.246 r  sad_module/first_diff[7]_i_69/O
                         net (fo=1, unplaced)         0.000     0.246    sad_module/first_diff[7]_i_69_n_0
                         CARRY4 (Prop_carry4_S[1]_O[2])
                                                      0.580     0.826 r  sad_module/first_diff_reg[7]_i_60/O[2]
                         net (fo=5, unplaced)         1.142     1.968    sad_module/diff6[2]
                         LUT5 (Prop_lut5_I1_O)        0.301     2.269 r  sad_module/first_diff[11]_i_75/O
                         net (fo=1, unplaced)         0.419     2.688    sad_module/first_diff[11]_i_75_n_0
                         LUT3 (Prop_lut3_I1_O)        0.150     2.838 r  sad_module/first_diff[11]_i_42/O
                         net (fo=2, unplaced)         0.913     3.751    sad_module/first_diff[11]_i_42_n_0
                         LUT6 (Prop_lut6_I1_O)        0.124     3.875 r  sad_module/first_diff[11]_i_24/O
                         net (fo=1, unplaced)         0.000     3.875    sad_module/first_diff[11]_i_24_n_0
                         CARRY4 (Prop_carry4_S[1]_O[2])
                                                      0.580     4.455 r  sad_module/first_diff_reg[11]_i_8/O[2]
                         net (fo=2, unplaced)         0.463     4.918    sad_module/first_diff_reg[11]_i_8_n_5
                         LUT5 (Prop_lut5_I1_O)        0.301     5.219 r  sad_module/first_diff[7]_i_4/O
                         net (fo=2, unplaced)         0.460     5.679    sad_module/first_diff[7]_i_4_n_0
                         LUT4 (Prop_lut4_I0_O)        0.124     5.803 r  sad_module/first_diff[7]_i_8/O
                         net (fo=1, unplaced)         0.000     5.803    sad_module/first_diff[7]_i_8_n_0
                         CARRY4 (Prop_carry4_S[3]_O[3])
                                                      0.248     6.051 r  sad_module/first_diff_reg[7]_i_2/O[3]
                         net (fo=4, unplaced)         0.642     6.693    sad_module/diff0[7]
                         LUT6 (Prop_lut6_I5_O)        0.307     7.000 r  sad_module/smallest_diff[11]_i_31/O
                         net (fo=1, unplaced)         0.000     7.000    sad_module/smallest_diff[11]_i_31_n_0
                         CARRY4 (Prop_carry4_S[3]_CO[3])
                                                      0.401     7.401 r  sad_module/smallest_diff_reg[11]_i_25/CO[3]
                         net (fo=1, unplaced)         0.000     7.401    sad_module/smallest_diff_reg[11]_i_25_n_0
                         CARRY4 (Prop_carry4_CI_O[1])
                                                      0.348     7.749 f  sad_module/smallest_diff_reg[11]_i_24/O[1]
                         net (fo=2, unplaced)         0.622     8.371    sad_module/best_offset2[9]
                         LUT4 (Prop_lut4_I1_O)        0.332     8.703 r  sad_module/smallest_diff[11]_i_13/O
                         net (fo=1, unplaced)         0.000     8.703    sad_module/smallest_diff[11]_i_13_n_0
                         CARRY4 (Prop_carry4_DI[0]_CO[1])
                                                      0.514     9.217 r  sad_module/smallest_diff_reg[11]_i_3/CO[1]
                         net (fo=2, unplaced)         0.323     9.540    sad_module/best_offset1
                         LUT4 (Prop_lut4_I3_O)        0.332     9.872 r  sad_module/smallest_diff[11]_i_1/O
                         net (fo=12, unplaced)        0.521    10.393    sad_module/smallest_diff[11]_i_1_n_0
                         FDSE                                         r  sad_module/smallest_diff_reg[0]/CE
  -------------------------------------------------------------------    -------------------

                         (clock clk_out1_clk_wiz_half rise edge)
                                                     20.000    20.000 r  
    N15                                               0.000    20.000 r  clk_100mhz (IN)
                         net (fo=0)                   0.000    20.000    wizard_migcam/clk_100mhz
    N15                  IBUF (Prop_ibuf_I_O)         1.370    21.370 r  wizard_migcam/clkin1_ibufg/O
                         net (fo=1, unplaced)         0.439    21.809    wizard_migcam/clk_in1_cw_fast
                         PLLE2_ADV (Prop_plle2_adv_CLKIN1_CLKOUT0)
                                                     -5.893    15.916 r  wizard_migcam/plle2_adv_inst/CLKOUT0
                         net (fo=1, unplaced)         0.760    16.676    wizard_migcam/clk_100_cw_fast
                         BUFG (Prop_bufg_I_O)         0.091    16.767 r  wizard_migcam/clkout1_buf/O
                         net (fo=72, unplaced)        0.439    17.206    wizard_sad/clk_100
                         MMCME2_ADV (Prop_mmcme2_adv_CLKIN1_CLKOUT0)
                                                     -1.290    15.916 r  wizard_sad/mmcm_adv_inst/CLKOUT0
                         net (fo=1, unplaced)         0.760    16.676    wizard_sad/clk_out1_clk_wiz_half
                         BUFG (Prop_bufg_I_O)         0.091    16.767 r  wizard_sad/clkout1_buf/O
                         net (fo=779, unplaced)       0.439    17.206    sad_module/clk_out1
                         FDSE                                         r  sad_module/smallest_diff_reg[0]/C
                         clock pessimism             -0.459    16.747    
                         clock uncertainty           -0.086    16.661    
                         FDSE (Setup_fdse_C_CE)      -0.202    16.459    sad_module/smallest_diff_reg[0]
  -------------------------------------------------------------------
                         required time                         16.459    
                         arrival time                         -10.393    
  -------------------------------------------------------------------
                         slack                                  6.066    





Min Delay Paths
--------------------------------------------------------------------------------------
Slack (MET) :             0.085ns  (arrival time - required time)
  Source:                 hcounter/count_out_reg[8]/C
                            (rising edge-triggered cell FDRE clocked by clk_out1_clk_wiz_half  {rise@0.000ns fall@10.000ns period=20.000ns})
  Destination:            hcount_bram_reg[2][8]_srl2/D
                            (rising edge-triggered cell SRL16E clocked by clk_out1_clk_wiz_half  {rise@0.000ns fall@10.000ns period=20.000ns})
  Path Group:             clk_out1_clk_wiz_half
  Path Type:              Hold (Min at Fast Process Corner)
  Requirement:            0.000ns  (clk_out1_clk_wiz_half rise@0.000ns - clk_out1_clk_wiz_half rise@0.000ns)
  Data Path Delay:        0.294ns  (logic 0.141ns (48.026%)  route 0.153ns (51.974%))
  Logic Levels:           0  
  Clock Path Skew:        0.145ns (DCD - SCD - CPR)
    Destination Clock Delay (DCD):    -0.587ns
    Source Clock Delay      (SCD):    -0.919ns
    Clock Pessimism Removal (CPR):    0.187ns

    Location             Delay type                Incr(ns)  Path(ns)    Netlist Resource(s)
  -------------------------------------------------------------------    -------------------
                         (clock clk_out1_clk_wiz_half rise edge)
                                                      0.000     0.000 r  
    N15                                               0.000     0.000 r  clk_100mhz (IN)
                         net (fo=0)                   0.000     0.000    wizard_migcam/clk_100mhz
    N15                  IBUF (Prop_ibuf_I_O)         0.209     0.209 r  wizard_migcam/clkin1_ibufg/O
                         net (fo=1, unplaced)         0.114     0.323    wizard_migcam/clk_in1_cw_fast
                         PLLE2_ADV (Prop_plle2_adv_CLKIN1_CLKOUT0)
                                                     -1.719    -1.397 r  wizard_migcam/plle2_adv_inst/CLKOUT0
                         net (fo=1, unplaced)         0.337    -1.059    wizard_migcam/clk_100_cw_fast
                         BUFG (Prop_bufg_I_O)         0.026    -1.033 r  wizard_migcam/clkout1_buf/O
                         net (fo=72, unplaced)        0.114    -0.919    wizard_sad/clk_100
                         MMCME2_ADV (Prop_mmcme2_adv_CLKIN1_CLKOUT0)
                                                     -0.477    -1.397 r  wizard_sad/mmcm_adv_inst/CLKOUT0
                         net (fo=1, unplaced)         0.337    -1.059    wizard_sad/clk_out1_clk_wiz_half
                         BUFG (Prop_bufg_I_O)         0.026    -1.033 r  wizard_sad/clkout1_buf/O
                         net (fo=779, unplaced)       0.114    -0.919    hcounter/clk_out1
                         FDRE                                         r  hcounter/count_out_reg[8]/C
  -------------------------------------------------------------------    -------------------
                         FDRE (Prop_fdre_C_Q)         0.141    -0.778 r  hcounter/count_out_reg[8]/Q
                         net (fo=5, unplaced)         0.153    -0.626    hcount_bram[0][8]
                         SRL16E                                       r  hcount_bram_reg[2][8]_srl2/D
  -------------------------------------------------------------------    -------------------

                         (clock clk_out1_clk_wiz_half rise edge)
                                                      0.000     0.000 r  
    N15                                               0.000     0.000 r  clk_100mhz (IN)
                         net (fo=0)                   0.000     0.000    wizard_migcam/clk_100mhz
    N15                  IBUF (Prop_ibuf_I_O)         0.396     0.396 r  wizard_migcam/clkin1_ibufg/O
                         net (fo=1, unplaced)         0.259     0.655    wizard_migcam/clk_in1_cw_fast
                         PLLE2_ADV (Prop_plle2_adv_CLKIN1_CLKOUT0)
                                                     -1.885    -1.230 r  wizard_migcam/plle2_adv_inst/CLKOUT0
                         net (fo=1, unplaced)         0.355    -0.875    wizard_migcam/clk_100_cw_fast
                         BUFG (Prop_bufg_I_O)         0.029    -0.846 r  wizard_migcam/clkout1_buf/O
                         net (fo=72, unplaced)        0.259    -0.587    wizard_sad/clk_100
                         MMCME2_ADV (Prop_mmcme2_adv_CLKIN1_CLKOUT0)
                                                     -0.643    -1.230 r  wizard_sad/mmcm_adv_inst/CLKOUT0
                         net (fo=1, unplaced)         0.355    -0.875    wizard_sad/clk_out1_clk_wiz_half
                         BUFG (Prop_bufg_I_O)         0.029    -0.846 r  wizard_sad/clkout1_buf/O
                         net (fo=779, unplaced)       0.259    -0.587    clk_sad
                         SRL16E                                       r  hcount_bram_reg[2][8]_srl2/CLK
                         clock pessimism             -0.187    -0.774    
                         SRL16E (Hold_srl16e_CLK_D)
                                                      0.064    -0.710    hcount_bram_reg[2][8]_srl2
  -------------------------------------------------------------------
                         required time                          0.710    
                         arrival time                          -0.626    
  -------------------------------------------------------------------
                         slack                                  0.085    





Pulse Width Checks
--------------------------------------------------------------------------------------
Clock Name:         clk_out1_clk_wiz_half
Waveform(ns):       { 0.000 10.000 }
Period(ns):         20.000
Sources:            { wizard_sad/mmcm_adv_inst/CLKOUT0 }

Check Type        Corner  Lib Pin             Reference Pin  Required(ns)  Actual(ns)  Slack(ns)  Location  Pin
Min Period        n/a     RAMB18E1/CLKARDCLK  n/a            2.944         20.000      17.056               lb_onboard/genblk1[0].line_buffer_ram/BRAM_reg/CLKARDCLK
Max Period        n/a     MMCME2_ADV/CLKOUT0  n/a            213.360       20.000      193.360              wizard_sad/mmcm_adv_inst/CLKOUT0
Low Pulse Width   Slow    SRL16E/CLK          n/a            0.980         10.000      9.020                hcount_bram_reg[2][6]_srl2/CLK
High Pulse Width  Slow    SRL16E/CLK          n/a            0.980         10.000      9.020                hcount_bram_reg[2][6]_srl2/CLK



---------------------------------------------------------------------------------------------------
From Clock:  clk_pixel_cw_hdmi
  To Clock:  clk_pixel_cw_hdmi

Setup :            0  Failing Endpoints,  Worst Slack        5.224ns,  Total Violation        0.000ns
Hold  :            0  Failing Endpoints,  Worst Slack        0.003ns,  Total Violation        0.000ns
PW    :            0  Failing Endpoints,  Worst Slack        5.754ns,  Total Violation        0.000ns
---------------------------------------------------------------------------------------------------


Max Delay Paths
--------------------------------------------------------------------------------------
Slack (MET) :             5.224ns  (required time - arrival time)
  Source:                 blue_reg[3]/C
                            (rising edge-triggered cell FDSE clocked by clk_pixel_cw_hdmi  {rise@0.000ns fall@6.734ns period=13.468ns})
  Destination:            tmds_blue/tally_reg[3]/D
                            (rising edge-triggered cell FDRE clocked by clk_pixel_cw_hdmi  {rise@0.000ns fall@6.734ns period=13.468ns})
  Path Group:             clk_pixel_cw_hdmi
  Path Type:              Setup (Max at Slow Process Corner)
  Requirement:            13.468ns  (clk_pixel_cw_hdmi rise@13.468ns - clk_pixel_cw_hdmi rise@0.000ns)
  Data Path Delay:        7.953ns  (logic 1.759ns (22.117%)  route 6.194ns (77.883%))
  Logic Levels:           8  (LUT3=1 LUT5=2 LUT6=4 MUXF7=1)
  Clock Path Skew:        -0.145ns (DCD - SCD + CPR)
    Destination Clock Delay (DCD):    -2.578ns = ( 10.890 - 13.468 ) 
    Source Clock Delay      (SCD):    -2.892ns
    Clock Pessimism Removal (CPR):    -0.459ns
  Clock Uncertainty:      0.210ns  ((TSJ^2 + DJ^2)^1/2) / 2 + PE
    Total System Jitter     (TSJ):    0.071ns
    Discrete Jitter          (DJ):    0.414ns
    Phase Error              (PE):    0.000ns

    Location             Delay type                Incr(ns)  Path(ns)    Netlist Resource(s)
  -------------------------------------------------------------------    -------------------
                         (clock clk_pixel_cw_hdmi rise edge)
                                                      0.000     0.000 r  
    N15                                               0.000     0.000 r  clk_100mhz (IN)
                         net (fo=0)                   0.000     0.000    wizard_migcam/clk_100mhz
    N15                  IBUF (Prop_ibuf_I_O)         1.440     1.440 r  wizard_migcam/clkin1_ibufg/O
                         net (fo=1, unplaced)         0.584     2.024    wizard_migcam/clk_in1_cw_fast
                         PLLE2_ADV (Prop_plle2_adv_CLKIN1_CLKOUT0)
                                                     -6.612    -4.587 r  wizard_migcam/plle2_adv_inst/CLKOUT0
                         net (fo=1, unplaced)         0.800    -3.788    wizard_migcam/clk_100_cw_fast
                         BUFG (Prop_bufg_I_O)         0.096    -3.692 r  wizard_migcam/clkout1_buf/O
                         net (fo=72, unplaced)        0.584    -3.108    wizard_hdmi/clk_100
                         MMCME2_ADV (Prop_mmcme2_adv_CLKIN1_CLKOUT0)
                                                     -1.480    -4.587 r  wizard_hdmi/mmcm_adv_inst/CLKOUT0
                         net (fo=1, unplaced)         0.800    -3.788    wizard_hdmi/clk_pixel_cw_hdmi
                         BUFG (Prop_bufg_I_O)         0.096    -3.692 r  wizard_hdmi/clkout1_buf/O
                         net (fo=122, unplaced)       0.800    -2.892    clk_pixel
                         FDSE                                         r  blue_reg[3]/C
  -------------------------------------------------------------------    -------------------
                         FDSE (Prop_fdse_C_Q)         0.456    -2.436 r  blue_reg[3]/Q
                         net (fo=17, unplaced)        1.021    -1.415    tmds_blue/blue[0]
                         LUT6 (Prop_lut6_I0_O)        0.295    -1.120 r  tmds_blue/tally[1]_i_10__1/O
                         net (fo=2, unplaced)         0.913    -0.207    tmds_blue/tally[1]_i_10__1_n_0
                         LUT6 (Prop_lut6_I1_O)        0.124    -0.083 r  tmds_blue/tally[1]_i_3__1/O
                         net (fo=45, unplaced)        0.529     0.446    tmds_blue/tally[1]_i_3__1_n_0
                         LUT5 (Prop_lut5_I3_O)        0.124     0.570 r  tmds_blue/tally[4]_i_27__1/O
                         net (fo=12, unplaced)        0.950     1.520    tmds_blue/tally[4]_i_27__1_n_0
                         LUT5 (Prop_lut5_I1_O)        0.150     1.670 r  tmds_blue/tally[4]_i_16__1/O
                         net (fo=11, unplaced)        0.948     2.618    tmds_blue/tally[4]_i_16__1_n_0
                         LUT6 (Prop_lut6_I0_O)        0.124     2.742 r  tmds_blue/tally[4]_i_21/O
                         net (fo=3, unplaced)         0.920     3.662    tmds_blue/tally[4]_i_21_n_0
                         LUT6 (Prop_lut6_I3_O)        0.124     3.786 r  tmds_blue/tally[4]_i_6__1/O
                         net (fo=2, unplaced)         0.913     4.699    tmds_blue/tally[4]_i_6__1_n_0
                         LUT3 (Prop_lut3_I0_O)        0.124     4.823 r  tmds_blue/tally[3]_i_2__1/O
                         net (fo=1, unplaced)         0.000     4.823    tmds_blue/tally[3]_i_2__1_n_0
                         MUXF7 (Prop_muxf7_I0_O)      0.238     5.061 r  tmds_blue/tally_reg[3]_i_1__1/O
                         net (fo=1, unplaced)         0.000     5.061    tmds_blue/tally_reg[3]_i_1__1_n_0
                         FDRE                                         r  tmds_blue/tally_reg[3]/D
  -------------------------------------------------------------------    -------------------

                         (clock clk_pixel_cw_hdmi rise edge)
                                                     13.468    13.468 r  
    N15                                               0.000    13.468 r  clk_100mhz (IN)
                         net (fo=0)                   0.000    13.468    wizard_migcam/clk_100mhz
    N15                  IBUF (Prop_ibuf_I_O)         1.370    14.838 r  wizard_migcam/clkin1_ibufg/O
                         net (fo=1, unplaced)         0.439    15.277    wizard_migcam/clk_in1_cw_fast
                         PLLE2_ADV (Prop_plle2_adv_CLKIN1_CLKOUT0)
                                                     -5.893     9.384 r  wizard_migcam/plle2_adv_inst/CLKOUT0
                         net (fo=1, unplaced)         0.760    10.144    wizard_migcam/clk_100_cw_fast
                         BUFG (Prop_bufg_I_O)         0.091    10.235 r  wizard_migcam/clkout1_buf/O
                         net (fo=72, unplaced)        0.439    10.674    wizard_hdmi/clk_100
                         MMCME2_ADV (Prop_mmcme2_adv_CLKIN1_CLKOUT0)
                                                     -1.290     9.384 r  wizard_hdmi/mmcm_adv_inst/CLKOUT0
                         net (fo=1, unplaced)         0.760    10.144    wizard_hdmi/clk_pixel_cw_hdmi
                         BUFG (Prop_bufg_I_O)         0.091    10.235 r  wizard_hdmi/clkout1_buf/O
                         net (fo=122, unplaced)       0.655    10.890    tmds_blue/clk_pixel
                         FDRE                                         r  tmds_blue/tally_reg[3]/C
                         clock pessimism             -0.459    10.431    
                         clock uncertainty           -0.210    10.221    
                         FDRE (Setup_fdre_C_D)        0.064    10.285    tmds_blue/tally_reg[3]
  -------------------------------------------------------------------
                         required time                         10.285    
                         arrival time                          -5.061    
  -------------------------------------------------------------------
                         slack                                  5.224    





Min Delay Paths
--------------------------------------------------------------------------------------
Slack (MET) :             0.003ns  (arrival time - required time)
  Source:                 red_ser/pwup_rst_reg/C
                            (rising edge-triggered cell FDRE clocked by clk_pixel_cw_hdmi  {rise@0.000ns fall@6.734ns period=13.468ns})
  Destination:            blue_ser/primary/RST
                            (rising edge-triggered cell OSERDESE2 clocked by clk_pixel_cw_hdmi  {rise@0.000ns fall@6.734ns period=13.468ns})
  Path Group:             clk_pixel_cw_hdmi
  Path Type:              Hold (Min at Fast Process Corner)
  Requirement:            0.000ns  (clk_pixel_cw_hdmi rise@0.000ns - clk_pixel_cw_hdmi rise@0.000ns)
  Data Path Delay:        0.707ns  (logic 0.239ns (33.796%)  route 0.468ns (66.204%))
  Logic Levels:           1  (LUT2=1)
  Clock Path Skew:        0.145ns (DCD - SCD - CPR)
    Destination Clock Delay (DCD):    -0.491ns
    Source Clock Delay      (SCD):    -0.824ns
    Clock Pessimism Removal (CPR):    0.187ns

    Location             Delay type                Incr(ns)  Path(ns)    Netlist Resource(s)
  -------------------------------------------------------------------    -------------------
                         (clock clk_pixel_cw_hdmi rise edge)
                                                      0.000     0.000 r  
    N15                                               0.000     0.000 r  clk_100mhz (IN)
                         net (fo=0)                   0.000     0.000    wizard_migcam/clk_100mhz
    N15                  IBUF (Prop_ibuf_I_O)         0.209     0.209 r  wizard_migcam/clkin1_ibufg/O
                         net (fo=1, unplaced)         0.114     0.323    wizard_migcam/clk_in1_cw_fast
                         PLLE2_ADV (Prop_plle2_adv_CLKIN1_CLKOUT0)
                                                     -1.719    -1.397 r  wizard_migcam/plle2_adv_inst/CLKOUT0
                         net (fo=1, unplaced)         0.337    -1.059    wizard_migcam/clk_100_cw_fast
                         BUFG (Prop_bufg_I_O)         0.026    -1.033 r  wizard_migcam/clkout1_buf/O
                         net (fo=72, unplaced)        0.114    -0.919    wizard_hdmi/clk_100
                         MMCME2_ADV (Prop_mmcme2_adv_CLKIN1_CLKOUT0)
                                                     -0.477    -1.397 r  wizard_hdmi/mmcm_adv_inst/CLKOUT0
                         net (fo=1, unplaced)         0.337    -1.059    wizard_hdmi/clk_pixel_cw_hdmi
                         BUFG (Prop_bufg_I_O)         0.026    -1.033 r  wizard_hdmi/clkout1_buf/O
                         net (fo=122, unplaced)       0.210    -0.824    red_ser/clk_pixel
                         FDRE                                         r  red_ser/pwup_rst_reg/C
  -------------------------------------------------------------------    -------------------
                         FDRE (Prop_fdre_C_Q)         0.141    -0.683 r  red_ser/pwup_rst_reg/Q
                         net (fo=1, unplaced)         0.131    -0.551    red_ser/blue_ser/pwup_rst
                         LUT2 (Prop_lut2_I1_O)        0.098    -0.453 r  red_ser/primary_i_1/O
                         net (fo=6, unplaced)         0.337    -0.116    blue_ser/RST0
    OLOGIC_X0Y20         OSERDESE2                                    r  blue_ser/primary/RST
  -------------------------------------------------------------------    -------------------

                         (clock clk_pixel_cw_hdmi rise edge)
                                                      0.000     0.000 r  
    N15                                               0.000     0.000 r  clk_100mhz (IN)
                         net (fo=0)                   0.000     0.000    wizard_migcam/clk_100mhz
    N15                  IBUF (Prop_ibuf_I_O)         0.396     0.396 r  wizard_migcam/clkin1_ibufg/O
                         net (fo=1, unplaced)         0.259     0.655    wizard_migcam/clk_in1_cw_fast
                         PLLE2_ADV (Prop_plle2_adv_CLKIN1_CLKOUT0)
                                                     -1.885    -1.230 r  wizard_migcam/plle2_adv_inst/CLKOUT0
                         net (fo=1, unplaced)         0.355    -0.875    wizard_migcam/clk_100_cw_fast
                         BUFG (Prop_bufg_I_O)         0.029    -0.846 r  wizard_migcam/clkout1_buf/O
                         net (fo=72, unplaced)        0.259    -0.587    wizard_hdmi/clk_100
                         MMCME2_ADV (Prop_mmcme2_adv_CLKIN1_CLKOUT0)
                                                     -0.643    -1.230 r  wizard_hdmi/mmcm_adv_inst/CLKOUT0
                         net (fo=1, unplaced)         0.355    -0.875    wizard_hdmi/clk_pixel_cw_hdmi
                         BUFG (Prop_bufg_I_O)         0.029    -0.846 r  wizard_hdmi/clkout1_buf/O
                         net (fo=122, unplaced)       0.355    -0.491    blue_ser/clk_pixel
    OLOGIC_X0Y20         OSERDESE2                                    r  blue_ser/primary/CLKDIV
                         clock pessimism             -0.187    -0.679    
    OLOGIC_X0Y20         OSERDESE2 (Hold_oserdese2_CLKDIV_RST)
                                                      0.559    -0.120    blue_ser/primary
  -------------------------------------------------------------------
                         required time                          0.120    
                         arrival time                          -0.116    
  -------------------------------------------------------------------
                         slack                                  0.003    





Pulse Width Checks
--------------------------------------------------------------------------------------
Clock Name:         clk_pixel_cw_hdmi
Waveform(ns):       { 0.000 6.734 }
Period(ns):         13.468
Sources:            { wizard_hdmi/mmcm_adv_inst/CLKOUT0 }

Check Type        Corner  Lib Pin             Reference Pin  Required(ns)  Actual(ns)  Slack(ns)  Location  Pin
Min Period        n/a     DSP48E1/CLK         n/a            3.884         13.468      9.584                addrb_video_reg/CLK
Max Period        n/a     MMCME2_ADV/CLKOUT0  n/a            213.360       13.468      199.892              wizard_hdmi/mmcm_adv_inst/CLKOUT0
Low Pulse Width   Slow    SRL16E/CLK          n/a            0.980         6.734       5.754                active_draw_hdmi_pl_reg[3]_srl3/CLK
High Pulse Width  Slow    SRL16E/CLK          n/a            0.980         6.734       5.754                active_draw_hdmi_pl_reg[3]_srl3/CLK



---------------------------------------------------------------------------------------------------
From Clock:  clk_tmds_cw_hdmi
  To Clock:  clk_tmds_cw_hdmi

Setup :           NA  Failing Endpoints,  Worst Slack           NA  ,  Total Violation           NA
Hold  :           NA  Failing Endpoints,  Worst Slack           NA  ,  Total Violation           NA
PW    :            0  Failing Endpoints,  Worst Slack        0.538ns,  Total Violation        0.000ns
---------------------------------------------------------------------------------------------------


Pulse Width Checks
--------------------------------------------------------------------------------------
Clock Name:         clk_tmds_cw_hdmi
Waveform(ns):       { 0.000 1.347 }
Period(ns):         2.694
Sources:            { wizard_hdmi/mmcm_adv_inst/CLKOUT1 }

Check Type  Corner  Lib Pin             Reference Pin  Required(ns)  Actual(ns)  Slack(ns)  Location  Pin
Min Period  n/a     BUFG/I              n/a            2.155         2.694       0.538                wizard_hdmi/clkout2_buf/I
Max Period  n/a     MMCME2_ADV/CLKOUT1  n/a            213.360       2.694       210.666              wizard_hdmi/mmcm_adv_inst/CLKOUT1



---------------------------------------------------------------------------------------------------
From Clock:  clkfbout_clk_wiz_half
  To Clock:  clkfbout_clk_wiz_half

Setup :           NA  Failing Endpoints,  Worst Slack           NA  ,  Total Violation           NA
Hold  :           NA  Failing Endpoints,  Worst Slack           NA  ,  Total Violation           NA
PW    :            0  Failing Endpoints,  Worst Slack        7.845ns,  Total Violation        0.000ns
---------------------------------------------------------------------------------------------------


Pulse Width Checks
--------------------------------------------------------------------------------------
Clock Name:         clkfbout_clk_wiz_half
Waveform(ns):       { 0.000 5.000 }
Period(ns):         10.000
Sources:            { wizard_sad/mmcm_adv_inst/CLKFBOUT }

Check Type  Corner  Lib Pin             Reference Pin  Required(ns)  Actual(ns)  Slack(ns)  Location  Pin
Min Period  n/a     BUFG/I              n/a            2.155         10.000      7.845                wizard_sad/clkf_buf/I
Max Period  n/a     MMCME2_ADV/CLKFBIN  n/a            100.000       10.000      90.000               wizard_sad/mmcm_adv_inst/CLKFBIN



---------------------------------------------------------------------------------------------------
From Clock:  clkfbout_cw_hdmi
  To Clock:  clkfbout_cw_hdmi

Setup :           NA  Failing Endpoints,  Worst Slack           NA  ,  Total Violation           NA
Hold  :           NA  Failing Endpoints,  Worst Slack           NA  ,  Total Violation           NA
PW    :            0  Failing Endpoints,  Worst Slack       47.845ns,  Total Violation        0.000ns
---------------------------------------------------------------------------------------------------


Pulse Width Checks
--------------------------------------------------------------------------------------
Clock Name:         clkfbout_cw_hdmi
Waveform(ns):       { 0.000 25.000 }
Period(ns):         50.000
Sources:            { wizard_hdmi/mmcm_adv_inst/CLKFBOUT }

Check Type  Corner  Lib Pin             Reference Pin  Required(ns)  Actual(ns)  Slack(ns)  Location  Pin
Min Period  n/a     BUFG/I              n/a            2.155         50.000      47.845               wizard_hdmi/clkf_buf/I
Max Period  n/a     MMCME2_ADV/CLKFBIN  n/a            100.000       50.000      50.000               wizard_hdmi/mmcm_adv_inst/CLKFBIN



---------------------------------------------------------------------------------------------------
From Clock:  clk_camera_cw_fast
  To Clock:  clk_camera_cw_fast

Setup :            0  Failing Endpoints,  Worst Slack        0.061ns,  Total Violation        0.000ns
Hold  :            0  Failing Endpoints,  Worst Slack        0.091ns,  Total Violation        0.000ns
PW    :            0  Failing Endpoints,  Worst Slack        2.000ns,  Total Violation        0.000ns
---------------------------------------------------------------------------------------------------


Max Delay Paths
--------------------------------------------------------------------------------------
Slack (MET) :             0.061ns  (required time - arrival time)
  Source:                 crw/sccb_c/FSM_onehot_state_reg_reg[1]/C
                            (rising edge-triggered cell FDRE clocked by clk_camera_cw_fast  {rise@0.000ns fall@2.500ns period=5.000ns})
  Destination:            crw/sccb_c/delay_reg_reg[0]/CE
                            (rising edge-triggered cell FDRE clocked by clk_camera_cw_fast  {rise@0.000ns fall@2.500ns period=5.000ns})
  Path Group:             clk_camera_cw_fast
  Path Type:              Setup (Max at Slow Process Corner)
  Requirement:            5.000ns  (clk_camera_cw_fast rise@5.000ns - clk_camera_cw_fast rise@0.000ns)
  Data Path Delay:        4.525ns  (logic 1.149ns (25.392%)  route 3.376ns (74.608%))
  Logic Levels:           4  (LUT2=1 LUT5=1 LUT6=2)
  Clock Path Skew:        -0.145ns (DCD - SCD + CPR)
    Destination Clock Delay (DCD):    -2.794ns = ( 2.206 - 5.000 ) 
    Source Clock Delay      (SCD):    -3.108ns
    Clock Pessimism Removal (CPR):    -0.459ns
  Clock Uncertainty:      0.067ns  ((TSJ^2 + DJ^2)^1/2) / 2 + PE
    Total System Jitter     (TSJ):    0.071ns
    Discrete Jitter          (DJ):    0.113ns
    Phase Error              (PE):    0.000ns

    Location             Delay type                Incr(ns)  Path(ns)    Netlist Resource(s)
  -------------------------------------------------------------------    -------------------
                         (clock clk_camera_cw_fast rise edge)
                                                      0.000     0.000 r  
    N15                                               0.000     0.000 r  clk_100mhz (IN)
                         net (fo=0)                   0.000     0.000    wizard_migcam/clk_100mhz
    N15                  IBUF (Prop_ibuf_I_O)         1.440     1.440 r  wizard_migcam/clkin1_ibufg/O
                         net (fo=1, unplaced)         0.584     2.024    wizard_migcam/clk_in1_cw_fast
                         PLLE2_ADV (Prop_plle2_adv_CLKIN1_CLKOUT2)
                                                     -6.612    -4.587 r  wizard_migcam/plle2_adv_inst/CLKOUT2
                         net (fo=1, unplaced)         0.800    -3.788    wizard_migcam/clk_camera_cw_fast
                         BUFG (Prop_bufg_I_O)         0.096    -3.692 r  wizard_migcam/clkout3_buf/O
                         net (fo=212, unplaced)       0.584    -3.108    crw/sccb_c/clk_camera
                         FDRE                                         r  crw/sccb_c/FSM_onehot_state_reg_reg[1]/C
  -------------------------------------------------------------------    -------------------
                         FDRE (Prop_fdre_C_Q)         0.456    -2.652 r  crw/sccb_c/FSM_onehot_state_reg_reg[1]/Q
                         net (fo=3, unplaced)         0.983    -1.669    crw/sccb_c/FSM_onehot_state_reg_reg_n_0_[1]
                         LUT6 (Prop_lut6_I0_O)        0.295    -1.374 f  crw/sccb_c/FSM_onehot_state_reg[2]_i_2/O
                         net (fo=7, unplaced)         0.937    -0.437    crw/sccb_c/FSM_onehot_state_reg[2]_i_2_n_0
                         LUT5 (Prop_lut5_I0_O)        0.150    -0.287 f  crw/sccb_c/FSM_sequential_phy_state_reg[3]_i_5/O
                         net (fo=3, unplaced)         0.467     0.180    crw/sccb_c/FSM_sequential_phy_state_reg[3]_i_5_n_0
                         LUT2 (Prop_lut2_I1_O)        0.124     0.304 r  crw/sccb_c/sda_o_reg_i_3/O
                         net (fo=2, unplaced)         0.460     0.764    crw/sccb_c/sda_o_reg_i_3_n_0
                         LUT6 (Prop_lut6_I2_O)        0.124     0.888 r  crw/sccb_c/delay_reg[16]_i_1/O
                         net (fo=17, unplaced)        0.529     1.417    crw/sccb_c/delay_reg[16]_i_1_n_0
                         FDRE                                         r  crw/sccb_c/delay_reg_reg[0]/CE
  -------------------------------------------------------------------    -------------------

                         (clock clk_camera_cw_fast rise edge)
                                                      5.000     5.000 r  
    N15                                               0.000     5.000 r  clk_100mhz (IN)
                         net (fo=0)                   0.000     5.000    wizard_migcam/clk_100mhz
    N15                  IBUF (Prop_ibuf_I_O)         1.370     6.370 r  wizard_migcam/clkin1_ibufg/O
                         net (fo=1, unplaced)         0.439     6.809    wizard_migcam/clk_in1_cw_fast
                         PLLE2_ADV (Prop_plle2_adv_CLKIN1_CLKOUT2)
                                                     -5.893     0.916 r  wizard_migcam/plle2_adv_inst/CLKOUT2
                         net (fo=1, unplaced)         0.760     1.676    wizard_migcam/clk_camera_cw_fast
                         BUFG (Prop_bufg_I_O)         0.091     1.767 r  wizard_migcam/clkout3_buf/O
                         net (fo=212, unplaced)       0.439     2.206    crw/sccb_c/clk_camera
                         FDRE                                         r  crw/sccb_c/delay_reg_reg[0]/C
                         clock pessimism             -0.459     1.747    
                         clock uncertainty           -0.067     1.681    
                         FDRE (Setup_fdre_C_CE)      -0.202     1.479    crw/sccb_c/delay_reg_reg[0]
  -------------------------------------------------------------------
                         required time                          1.479    
                         arrival time                          -1.417    
  -------------------------------------------------------------------
                         slack                                  0.061    





Min Delay Paths
--------------------------------------------------------------------------------------
Slack (MET) :             0.091ns  (arrival time - required time)
  Source:                 camera_mem_reg[0]/C
                            (rising edge-triggered cell FDRE clocked by clk_camera_cw_fast  {rise@0.000ns fall@2.500ns period=5.000ns})
  Destination:            frame_buffer_onboard/U0/inst_blk_mem_gen/gnbram.gnativebmg.native_blk_mem_gen/valid.cstr/ramloop[0].ram.r/prim_noinit.ram/DEVICE_7SERIES.NO_BMM_INFO.TRUE_DP.SIMPLE_PRIM36.ram/DIADI[0]
                            (rising edge-triggered cell RAMB36E1 clocked by clk_camera_cw_fast  {rise@0.000ns fall@2.500ns period=5.000ns})
  Path Group:             clk_camera_cw_fast
  Path Type:              Hold (Min at Fast Process Corner)
  Requirement:            0.000ns  (clk_camera_cw_fast rise@0.000ns - clk_camera_cw_fast rise@0.000ns)
  Data Path Delay:        0.478ns  (logic 0.141ns (29.492%)  route 0.337ns (70.508%))
  Logic Levels:           0  
  Clock Path Skew:        0.145ns (DCD - SCD - CPR)
    Destination Clock Delay (DCD):    -0.587ns
    Source Clock Delay      (SCD):    -0.919ns
    Clock Pessimism Removal (CPR):    0.187ns

    Location             Delay type                Incr(ns)  Path(ns)    Netlist Resource(s)
  -------------------------------------------------------------------    -------------------
                         (clock clk_camera_cw_fast rise edge)
                                                      0.000     0.000 r  
    N15                                               0.000     0.000 r  clk_100mhz (IN)
                         net (fo=0)                   0.000     0.000    wizard_migcam/clk_100mhz
    N15                  IBUF (Prop_ibuf_I_O)         0.209     0.209 r  wizard_migcam/clkin1_ibufg/O
                         net (fo=1, unplaced)         0.114     0.323    wizard_migcam/clk_in1_cw_fast
                         PLLE2_ADV (Prop_plle2_adv_CLKIN1_CLKOUT2)
                                                     -1.719    -1.397 r  wizard_migcam/plle2_adv_inst/CLKOUT2
                         net (fo=1, unplaced)         0.337    -1.059    wizard_migcam/clk_camera_cw_fast
                         BUFG (Prop_bufg_I_O)         0.026    -1.033 r  wizard_migcam/clkout3_buf/O
                         net (fo=212, unplaced)       0.114    -0.919    clk_camera
                         FDRE                                         r  camera_mem_reg[0]/C
  -------------------------------------------------------------------    -------------------
                         FDRE (Prop_fdre_C_Q)         0.141    -0.778 r  camera_mem_reg[0]/Q
                         net (fo=15, unplaced)        0.337    -0.441    frame_buffer_onboard/U0/inst_blk_mem_gen/gnbram.gnativebmg.native_blk_mem_gen/valid.cstr/ramloop[0].ram.r/prim_noinit.ram/dina[0]
                         RAMB36E1                                     r  frame_buffer_onboard/U0/inst_blk_mem_gen/gnbram.gnativebmg.native_blk_mem_gen/valid.cstr/ramloop[0].ram.r/prim_noinit.ram/DEVICE_7SERIES.NO_BMM_INFO.TRUE_DP.SIMPLE_PRIM36.ram/DIADI[0]
  -------------------------------------------------------------------    -------------------

                         (clock clk_camera_cw_fast rise edge)
                                                      0.000     0.000 r  
    N15                                               0.000     0.000 r  clk_100mhz (IN)
                         net (fo=0)                   0.000     0.000    wizard_migcam/clk_100mhz
    N15                  IBUF (Prop_ibuf_I_O)         0.396     0.396 r  wizard_migcam/clkin1_ibufg/O
                         net (fo=1, unplaced)         0.259     0.655    wizard_migcam/clk_in1_cw_fast
                         PLLE2_ADV (Prop_plle2_adv_CLKIN1_CLKOUT2)
                                                     -1.885    -1.230 r  wizard_migcam/plle2_adv_inst/CLKOUT2
                         net (fo=1, unplaced)         0.355    -0.875    wizard_migcam/clk_camera_cw_fast
                         BUFG (Prop_bufg_I_O)         0.029    -0.846 r  wizard_migcam/clkout3_buf/O
                         net (fo=212, unplaced)       0.259    -0.587    frame_buffer_onboard/U0/inst_blk_mem_gen/gnbram.gnativebmg.native_blk_mem_gen/valid.cstr/ramloop[0].ram.r/prim_noinit.ram/clka
                         RAMB36E1                                     r  frame_buffer_onboard/U0/inst_blk_mem_gen/gnbram.gnativebmg.native_blk_mem_gen/valid.cstr/ramloop[0].ram.r/prim_noinit.ram/DEVICE_7SERIES.NO_BMM_INFO.TRUE_DP.SIMPLE_PRIM36.ram/CLKARDCLK
                         clock pessimism             -0.187    -0.774    
                         RAMB36E1 (Hold_ramb36e1_CLKARDCLK_DIADI[0])
                                                      0.242    -0.532    frame_buffer_onboard/U0/inst_blk_mem_gen/gnbram.gnativebmg.native_blk_mem_gen/valid.cstr/ramloop[0].ram.r/prim_noinit.ram/DEVICE_7SERIES.NO_BMM_INFO.TRUE_DP.SIMPLE_PRIM36.ram
  -------------------------------------------------------------------
                         required time                          0.532    
                         arrival time                          -0.441    
  -------------------------------------------------------------------
                         slack                                  0.091    





Pulse Width Checks
--------------------------------------------------------------------------------------
Clock Name:         clk_camera_cw_fast
Waveform(ns):       { 0.000 2.500 }
Period(ns):         5.000
Sources:            { wizard_migcam/plle2_adv_inst/CLKOUT2 }

Check Type        Corner  Lib Pin             Reference Pin  Required(ns)  Actual(ns)  Slack(ns)  Location  Pin
Min Period        n/a     RAMB18E1/CLKARDCLK  n/a            2.944         5.000       2.056                registers/BRAM_reg/CLKARDCLK
Max Period        n/a     PLLE2_ADV/CLKOUT2   n/a            160.000       5.000       155.000              wizard_migcam/plle2_adv_inst/CLKOUT2
Low Pulse Width   Slow    FDRE/C              n/a            0.500         2.500       2.000                addra_onboard_reg[0]/C
High Pulse Width  Slow    FDRE/C              n/a            0.500         2.500       2.000                addra_onboard_reg[0]/C



---------------------------------------------------------------------------------------------------
From Clock:  clk_mig_cw_fast
  To Clock:  clk_mig_cw_fast

Setup :           NA  Failing Endpoints,  Worst Slack           NA  ,  Total Violation           NA
Hold  :           NA  Failing Endpoints,  Worst Slack           NA  ,  Total Violation           NA
PW    :            0  Failing Endpoints,  Worst Slack        2.845ns,  Total Violation        0.000ns
---------------------------------------------------------------------------------------------------


Pulse Width Checks
--------------------------------------------------------------------------------------
Clock Name:         clk_mig_cw_fast
Waveform(ns):       { 0.000 2.500 }
Period(ns):         5.000
Sources:            { wizard_migcam/plle2_adv_inst/CLKOUT1 }

Check Type  Corner  Lib Pin            Reference Pin  Required(ns)  Actual(ns)  Slack(ns)  Location  Pin
Min Period  n/a     BUFG/I             n/a            2.155         5.000       2.845                wizard_migcam/clkout2_buf/I
Max Period  n/a     PLLE2_ADV/CLKOUT1  n/a            160.000       5.000       155.000              wizard_migcam/plle2_adv_inst/CLKOUT1



---------------------------------------------------------------------------------------------------
From Clock:  clk_xc_cw_fast
  To Clock:  clk_xc_cw_fast

Setup :           NA  Failing Endpoints,  Worst Slack           NA  ,  Total Violation           NA
Hold  :           NA  Failing Endpoints,  Worst Slack           NA  ,  Total Violation           NA
PW    :            0  Failing Endpoints,  Worst Slack       37.845ns,  Total Violation        0.000ns
---------------------------------------------------------------------------------------------------


Pulse Width Checks
--------------------------------------------------------------------------------------
Clock Name:         clk_xc_cw_fast
Waveform(ns):       { 0.000 20.000 }
Period(ns):         40.000
Sources:            { wizard_migcam/plle2_adv_inst/CLKOUT3 }

Check Type  Corner  Lib Pin            Reference Pin  Required(ns)  Actual(ns)  Slack(ns)  Location  Pin
Min Period  n/a     BUFG/I             n/a            2.155         40.000      37.845               wizard_migcam/clkout4_buf/I
Max Period  n/a     PLLE2_ADV/CLKOUT3  n/a            160.000       40.000      120.000              wizard_migcam/plle2_adv_inst/CLKOUT3



---------------------------------------------------------------------------------------------------
From Clock:  clkfbout_cw_fast
  To Clock:  clkfbout_cw_fast

Setup :           NA  Failing Endpoints,  Worst Slack           NA  ,  Total Violation           NA
Hold  :           NA  Failing Endpoints,  Worst Slack           NA  ,  Total Violation           NA
PW    :            0  Failing Endpoints,  Worst Slack        7.845ns,  Total Violation        0.000ns
---------------------------------------------------------------------------------------------------


Pulse Width Checks
--------------------------------------------------------------------------------------
Clock Name:         clkfbout_cw_fast
Waveform(ns):       { 0.000 5.000 }
Period(ns):         10.000
Sources:            { wizard_migcam/plle2_adv_inst/CLKFBOUT }

Check Type  Corner  Lib Pin            Reference Pin  Required(ns)  Actual(ns)  Slack(ns)  Location  Pin
Min Period  n/a     BUFG/I             n/a            2.155         10.000      7.845                wizard_migcam/clkf_buf/I
Max Period  n/a     PLLE2_ADV/CLKFBIN  n/a            52.633        10.000      42.633               wizard_migcam/plle2_adv_inst/CLKFBIN



