#! /opt/homebrew/Cellar/icarus-verilog/12.0/bin/vvp
:ivl_version "12.0 (stable)";
:ivl_delay_selection "TYPICAL";
:vpi_time_precision - 12;
:vpi_module "/opt/homebrew/Cellar/icarus-verilog/12.0/lib/ivl/system.vpi";
:vpi_module "/opt/homebrew/Cellar/icarus-verilog/12.0/lib/ivl/vhdl_sys.vpi";
:vpi_module "/opt/homebrew/Cellar/icarus-verilog/12.0/lib/ivl/vhdl_textio.vpi";
:vpi_module "/opt/homebrew/Cellar/icarus-verilog/12.0/lib/ivl/v2005_math.vpi";
:vpi_module "/opt/homebrew/Cellar/icarus-verilog/12.0/lib/ivl/va_math.vpi";
:vpi_module "/opt/homebrew/Cellar/icarus-verilog/12.0/lib/ivl/v2009.vpi";
S_0x12981a740 .scope package, "$unit" "$unit" 2 1;
 .timescale 0 0;
S_0x129804080 .scope module, "top_level" "top_level" 3 5;
 .timescale -9 -12;
    .port_info 0 /INPUT 1 "clk_100mhz";
    .port_info 1 /INPUT 16 "sw";
    .port_info 2 /INPUT 4 "btn";
    .port_info 3 /OUTPUT 3 "hdmi_tx_p";
    .port_info 4 /OUTPUT 3 "hdmi_tx_n";
    .port_info 5 /OUTPUT 1 "hdmi_clk_p";
    .port_info 6 /OUTPUT 1 "hdmi_clk_n";
    .port_info 7 /INPUT 1 "dclk";
    .port_info 8 /INPUT 4 "cipo";
    .port_info 9 /INPUT 1 "cs";
    .port_info 10 /INPUT 1 "spi_hsync";
    .port_info 11 /INPUT 1 "spi_vsync";
P_0x129819ac0 .param/l "FB_DEPTH" 1 3 87, +C4<0000000000000000000000000000000000000000000000111000010000000000>;
P_0x129819b00 .param/l "FB_SIZE" 1 3 88, +C4<00000000000000000000000000010010>;
P_0x129819b40 .param/l "HSIZE" 1 3 58, +C4<00000000000000000000001010000000>;
P_0x129819b80 .param/l "VSIZE" 1 3 59, +C4<00000000000000000000000101101000>;
v0x12982cb60 .array "active_draw_hdmi_pl", 0 2, 0 0;
v0x12982cc00_0 .var "addra", 17 0;
o0x120008070 .functor BUFZ 4, C4<zzzz>; HiZ drive
v0x12982cca0_0 .net "btn", 3 0, o0x120008070;  0 drivers
v0x12982cd50_0 .var "cam_pixel", 7 0;
o0x1200080d0 .functor BUFZ 4, C4<zzzz>; HiZ drive
v0x12982ce00_0 .net "cipo", 3 0, o0x1200080d0;  0 drivers
o0x120008100 .functor BUFZ 1, C4<z>; HiZ drive
v0x12982cef0_0 .net "clk_100mhz", 0 0, o0x120008100;  0 drivers
v0x12982cf90_0 .var "clk_pixel", 0 0;
o0x120008160 .functor BUFZ 1, C4<z>; HiZ drive
v0x12982d030_0 .net "cs", 0 0, o0x120008160;  0 drivers
o0x120008190 .functor BUFZ 1, C4<z>; HiZ drive
v0x12982d0d0_0 .net "dclk", 0 0, o0x120008190;  0 drivers
v0x12982d1e0_0 .var "hcount", 9 0;
v0x12982d280 .array "hcount_hdmi_pl", 0 2, 9 0;
v0x12982d320_0 .var "hdmi_clk_n", 0 0;
v0x12982d3c0_0 .var "hdmi_clk_p", 0 0;
v0x12982d460_0 .var "hdmi_tx_n", 2 0;
v0x12982d510_0 .var "hdmi_tx_p", 2 0;
v0x12982d5c0 .array "hsync_hdmi_pl", 0 2, 0 0;
v0x12982d650_0 .var "idx", 1 0;
v0x12982d7e0 .array "nf_hdmi_pl", 0 2, 0 0;
v0x12982d870_0 .var "prev_hsync", 0 0;
v0x12982d900_0 .var "received_data_valid", 0 0;
v0x12982d990 .array "received_package", 0 3, 7 0;
o0x120008340 .functor BUFZ 1, C4<z>; HiZ drive
v0x12982da30_0 .net "spi_hsync", 0 0, o0x120008340;  0 drivers
o0x120008370 .functor BUFZ 1, C4<z>; HiZ drive
v0x12982dad0_0 .net "spi_vsync", 0 0, o0x120008370;  0 drivers
o0x1200083a0 .functor BUFZ 16, C4<zzzzzzzzzzzzzzzz>; HiZ drive
v0x12982db70_0 .net "sw", 15 0, o0x1200083a0;  0 drivers
v0x12982dc20_0 .net "sys_rst", 0 0, L_0x12982e060;  1 drivers
v0x12982dcc0_0 .var "valid_camera_mem", 0 0;
v0x12982dd60_0 .var "vcount", 8 0;
v0x12982de10 .array "vcount_hdmi_pl", 0 2, 8 0;
v0x12982deb0 .array "vsync_hdmi_pl", 0 2, 0 0;
E_0x129812e80 .event posedge, v0x12982cf90_0;
E_0x12980cf30 .event posedge, v0x12982cef0_0;
L_0x12982e060 .part o0x120008070, 0, 1;
S_0x12981e150 .scope begin, "$ivl_for_loop0" "$ivl_for_loop0" 3 143, 3 143 0, S_0x129804080;
 .timescale -9 -12;
v0x129804310_0 .var/i "i", 31 0;
    .scope S_0x129804080;
T_0 ;
    %wait E_0x12980cf30;
    %load/vec4 v0x12982dc20_0;
    %flag_set/vec4 8;
    %jmp/0xz  T_0.0, 8;
    %pushi/vec4 0, 0, 10;
    %assign/vec4 v0x12982d1e0_0, 0;
    %pushi/vec4 0, 0, 9;
    %assign/vec4 v0x12982dd60_0, 0;
    %pushi/vec4 0, 0, 1;
    %assign/vec4 v0x12982d870_0, 0;
    %pushi/vec4 0, 0, 2;
    %assign/vec4 v0x12982d650_0, 0;
    %jmp T_0.1;
T_0.0 ;
    %load/vec4 v0x12982da30_0;
    %assign/vec4 v0x12982d870_0, 0;
    %load/vec4 v0x12982d900_0;
    %flag_set/vec4 8;
    %jmp/0xz  T_0.2, 8;
    %pushi/vec4 0, 0, 2;
    %assign/vec4 v0x12982d650_0, 0;
T_0.2 ;
    %load/vec4 v0x12982da30_0;
    %flag_set/vec4 9;
    %flag_get/vec4 9;
    %jmp/0 T_0.6, 9;
    %load/vec4 v0x12982dad0_0;
    %and;
T_0.6;
    %flag_set/vec4 8;
    %jmp/0 T_0.4, 8;
    %load/vec4 v0x12982d1e0_0;
    %addi 1, 0, 10;
    %jmp/1 T_0.5, 8;
T_0.4 ; End of true expr.
    %pushi/vec4 1023, 0, 10;
    %jmp/0 T_0.5, 8;
 ; End of false expr.
    %blend;
T_0.5;
    %assign/vec4 v0x12982d1e0_0, 0;
    %load/vec4 v0x12982dad0_0;
    %nor/r;
    %flag_set/vec4 8;
    %jmp/0 T_0.7, 8;
    %pushi/vec4 0, 0, 9;
    %jmp/1 T_0.8, 8;
T_0.7 ; End of true expr.
    %load/vec4 v0x12982da30_0;
    %nor/r;
    %flag_set/vec4 10;
    %flag_get/vec4 10;
    %jmp/0 T_0.11, 10;
    %load/vec4 v0x12982d870_0;
    %and;
T_0.11;
    %flag_set/vec4 9;
    %jmp/0 T_0.9, 9;
    %load/vec4 v0x12982dd60_0;
    %addi 1, 0, 9;
    %jmp/1 T_0.10, 9;
T_0.9 ; End of true expr.
    %load/vec4 v0x12982dd60_0;
    %jmp/0 T_0.10, 9;
 ; End of false expr.
    %blend;
T_0.10;
    %jmp/0 T_0.8, 8;
 ; End of false expr.
    %blend;
T_0.8;
    %assign/vec4 v0x12982dd60_0, 0;
T_0.1 ;
    %jmp T_0;
    .thread T_0;
    .scope S_0x129804080;
T_1 ;
    %wait E_0x12980cf30;
    %load/vec4 v0x12982d1e0_0;
    %pad/u 18;
    %load/vec4 v0x12982dd60_0;
    %pad/u 18;
    %muli 640, 0, 18;
    %add;
    %assign/vec4 v0x12982cc00_0, 0;
    %load/vec4 v0x12982d650_0;
    %pad/u 32;
    %cmpi/ne 0, 0, 32;
    %flag_get/vec4 4;
    %jmp/1 T_1.0, 4;
    %load/vec4 v0x12982d900_0;
    %or;
T_1.0;
    %assign/vec4 v0x12982dcc0_0, 0;
    %load/vec4 v0x12982d650_0;
    %pad/u 32;
    %cmpi/e 0, 0, 32;
    %flag_get/vec4 4;
    %jmp/0 T_1.4, 4;
    %load/vec4 v0x12982d900_0;
    %nor/r;
    %and;
T_1.4;
    %flag_set/vec4 8;
    %jmp/1 T_1.3, 8;
    %load/vec4 v0x12982d650_0;
    %pad/u 32;
    %cmpi/e 3, 0, 32;
    %flag_or 8, 4;
T_1.3;
    %jmp/0 T_1.1, 8;
    %pushi/vec4 0, 0, 2;
    %jmp/1 T_1.2, 8;
T_1.1 ; End of true expr.
    %load/vec4 v0x12982d650_0;
    %addi 1, 0, 2;
    %jmp/0 T_1.2, 8;
 ; End of false expr.
    %blend;
T_1.2;
    %assign/vec4 v0x12982d650_0, 0;
    %load/vec4 v0x12982d650_0;
    %pad/u 4;
    %ix/vec4 4;
    %load/vec4a v0x12982d990, 4;
    %assign/vec4 v0x12982cd50_0, 0;
    %jmp T_1;
    .thread T_1;
    .scope S_0x129804080;
T_2 ;
    %wait E_0x129812e80;
    %fork t_1, S_0x12981e150;
    %jmp t_0;
    .scope S_0x12981e150;
t_1 ;
    %pushi/vec4 1, 0, 32;
    %store/vec4 v0x129804310_0, 0, 32;
T_2.0 ;
    %load/vec4 v0x129804310_0;
    %cmpi/s 3, 0, 32;
    %jmp/0xz T_2.1, 5;
    %load/vec4 v0x129804310_0;
    %subi 1, 0, 32;
    %ix/vec4/s 4;
    %load/vec4a v0x12982d5c0, 4;
    %ix/getv/s 3, v0x129804310_0;
    %ix/load 4, 0, 0; Constant delay
    %assign/vec4/a/d v0x12982d5c0, 0, 4;
    %load/vec4 v0x129804310_0;
    %subi 1, 0, 32;
    %ix/vec4/s 4;
    %load/vec4a v0x12982deb0, 4;
    %ix/getv/s 3, v0x129804310_0;
    %ix/load 4, 0, 0; Constant delay
    %assign/vec4/a/d v0x12982deb0, 0, 4;
    %load/vec4 v0x129804310_0;
    %subi 1, 0, 32;
    %ix/vec4/s 4;
    %load/vec4a v0x12982d280, 4;
    %ix/getv/s 3, v0x129804310_0;
    %ix/load 4, 0, 0; Constant delay
    %assign/vec4/a/d v0x12982d280, 0, 4;
    %load/vec4 v0x129804310_0;
    %subi 1, 0, 32;
    %ix/vec4/s 4;
    %load/vec4a v0x12982de10, 4;
    %ix/getv/s 3, v0x129804310_0;
    %ix/load 4, 0, 0; Constant delay
    %assign/vec4/a/d v0x12982de10, 0, 4;
    %load/vec4 v0x129804310_0;
    %subi 1, 0, 32;
    %ix/vec4/s 4;
    %load/vec4a v0x12982cb60, 4;
    %ix/getv/s 3, v0x129804310_0;
    %ix/load 4, 0, 0; Constant delay
    %assign/vec4/a/d v0x12982cb60, 0, 4;
    %load/vec4 v0x129804310_0;
    %subi 1, 0, 32;
    %ix/vec4/s 4;
    %load/vec4a v0x12982d7e0, 4;
    %ix/getv/s 3, v0x129804310_0;
    %ix/load 4, 0, 0; Constant delay
    %assign/vec4/a/d v0x12982d7e0, 0, 4;
    %load/vec4 v0x129804310_0;
    %addi 1, 0, 32;
    %store/vec4 v0x129804310_0, 0, 32;
    %jmp T_2.0;
T_2.1 ;
    %end;
    .scope S_0x129804080;
t_0 %join;
    %jmp T_2;
    .thread T_2;
# The file index is used to find the file name in the following table.
:file_names 4;
    "N/A";
    "<interactive>";
    "-";
    "hdl/top_level.sv";
